#
# There is insufficient memory for the Java Runtime Environment to continue.
# Native memory allocation (malloc) failed to allocate 209696 bytes for Chunk::new
# Possible reasons:
#   The system is out of physical RAM or swap space
#   The process is running with CompressedOops enabled, and the Java Heap may be blocking the growth of the native heap
# Possible solutions:
#   Reduce memory load on the system
#   Increase physical memory or swap space
#   Check if swap backing store is full
#   Decrease Java heap size (-Xmx/-Xms)
#   Decrease number of Java threads
#   Decrease Java thread stack sizes (-Xss)
#   Set larger code cache with -XX:ReservedCodeCacheSize=
#   JVM is running with Unscaled Compressed Oops mode in which the Java heap is
#     placed in the first 4GB address space. The Java Heap base address is the
#     maximum limit for the native heap growth. Please use -XX:HeapBaseMinAddress
#     to set the Java Heap base and to place the Java Heap above 4GB virtual address.
# This output file may be truncated or incomplete.
#
#  Out of Memory Error (arena.cpp:184), pid=54284, tid=51560
#
# JRE version: Java(TM) SE Runtime Environment (20.0.2+9) (build 20.0.2+9-78)
# Java VM: Java HotSpot(TM) 64-Bit Server VM (20.0.2+9-78, mixed mode, sharing, tiered, compressed oops, compressed class ptrs, g1 gc, windows-amd64)
# Core dump will be written. Default location: c:\Users\vineet_jain1\gs-serving-web-content\hs_err_pid54284.mdmp
#

---------------  S U M M A R Y ------------

Command Line: --add-opens=java.base/java.util=ALL-UNNAMED --add-opens=java.base/java.lang=ALL-UNNAMED --add-opens=java.base/java.lang.invoke=ALL-UNNAMED --add-opens=java.prefs/java.util.prefs=ALL-UNNAMED --add-opens=java.base/java.nio.charset=ALL-UNNAMED --add-opens=java.base/java.net=ALL-UNNAMED --add-opens=java.base/java.util.concurrent.atomic=ALL-UNNAMED -XX:MaxMetaspaceSize=384m -XX:+HeapDumpOnOutOfMemoryError -Xms256m -Xmx512m -Dfile.encoding=utf8 -Duser.country=US -Duser.language=en -Duser.variant -javaagent:C:\Users\vineet_jain1\.gradle\wrapper\dists\gradle-8.3-bin\dxjbbhstwasg8cbags9q7cvli\gradle-8.3\lib\agents\gradle-instrumentation-agent-8.3.jar org.gradle.launcher.daemon.bootstrap.GradleDaemon 8.3

Host: Intel(R) Xeon(R) Platinum 8370C CPU @ 2.80GHz, 4 cores, 15G,  Windows Server 2022 , 64 bit Build 22621 (10.0.22621.2070)
Time: Sun Sep 17 15:09:55 2023 India Standard Time elapsed time: 103.024016 seconds (0d 0h 1m 43s)

---------------  T H R E A D  ---------------

Current thread (0x0000018697bbf4c0):  JavaThread "C2 CompilerThread1" daemon [_thread_in_native, id=51560, stack(0x0000003448e00000,0x0000003448f00000)]


Current CompileTask:
C2: 103024 11964       4       jdk.internal.org.objectweb.asm.ClassWriter::toByteArray (1517 bytes)

Stack: [0x0000003448e00000,0x0000003448f00000]
Native frames: (J=compiled Java code, j=interpreted, Vv=VM code, C=native code)
V  [jvm.dll+0x6bc25a]
V  [jvm.dll+0x84971a]
V  [jvm.dll+0x84b315]
V  [jvm.dll+0x84ba13]
V  [jvm.dll+0x280e4f]
V  [jvm.dll+0xc2ab1]
V  [jvm.dll+0xc2dd5]
V  [jvm.dll+0x2f611f]
V  [jvm.dll+0x5e3b0b]
V  [jvm.dll+0x254684]
V  [jvm.dll+0x24cfa4]
V  [jvm.dll+0x24a819]
V  [jvm.dll+0x1ce761]
V  [jvm.dll+0x25a0eb]
V  [jvm.dll+0x2587c0]
V  [jvm.dll+0x3f2dd5]
V  [jvm.dll+0x7f5c76]
V  [jvm.dll+0x6baecb]
C  [ucrtbase.dll+0x29363]
C  [KERNEL32.DLL+0x126ad]
C  [ntdll.dll+0x5aa68]


---------------  P R O C E S S  ---------------

Threads class SMR info:
_java_thread_list=0x0000018699827ba0, length=85, elements={
0x00000186e111c530, 0x00000186fb063dd0, 0x00000186fb064a00, 0x00000186fb065630,
0x00000186fb068070, 0x00000186fb068aa0, 0x00000186fb0694d0, 0x00000186fb06b240,
0x00000186fb09bb10, 0x00000186fb2a7240, 0x00000186fb4b75e0, 0x0000018696023860,
0x00000186fb31ea80, 0x000001869590a770, 0x00000186fb318590, 0x00000186fb318040,
0x00000186fb319580, 0x00000186fb319ad0, 0x00000186fb318ae0, 0x00000186fb317af0,
0x00000186fb319030, 0x00000186fb31a570, 0x00000186fb317050, 0x00000186fb3175a0,
0x000001869746c0d0, 0x000001869746db60, 0x000001869746bb80, 0x0000018697469ba0,
0x000001869746eb50, 0x0000018697469650, 0x000001869746f0a0, 0x000001869746d0c0,
0x0000018697468bb0, 0x000001869746a0f0, 0x000001869746b630, 0x000001869746a640,
0x000001869746cb70, 0x000001869746c620, 0x000001869746f5f0, 0x000001869746fb40,
0x000001869746d610, 0x000001869675a120, 0x000001869675b110, 0x0000018696758690,
0x00000186967556c0, 0x0000018696755170, 0x000001869675a670, 0x0000018696759130,
0x0000018696757bf0, 0x0000018696756160, 0x000001869675abc0, 0x000001869675c100,
0x0000018696755c10, 0x0000018696757150, 0x0000018696758140, 0x00000186967576a0,
0x0000018696758be0, 0x0000018696759680, 0x000001869675b660, 0x0000018696759bd0,
0x000001869675bbb0, 0x00000186967546d0, 0x0000018696754c20, 0x0000018697468660,
0x0000018696a94cb0, 0x0000018696a90250, 0x0000018696a95750, 0x0000018696a91790,
0x0000018696a8f7b0, 0x0000018696a93770, 0x0000018696a90cf0, 0x0000018696a8e7c0,
0x0000018696a8f260, 0x0000018696a907a0, 0x0000018696a91ce0, 0x0000018696a8ed10,
0x0000018696a93220, 0x0000018696a8fd00, 0x0000018696a91240, 0x0000018696a94210,
0x0000018696a95200, 0x0000018696a8dd20, 0x0000018696a8e270, 0x00000186fb31a020,
0x0000018697bbf4c0
}

Java Threads: ( => current thread )
  0x00000186e111c530 JavaThread "main" [_thread_blocked, id=21280, stack(0x0000003442d00000,0x0000003442e00000)]
  0x00000186fb063dd0 JavaThread "Reference Handler" daemon [_thread_blocked, id=26084, stack(0x0000003443400000,0x0000003443500000)]
  0x00000186fb064a00 JavaThread "Finalizer" daemon [_thread_blocked, id=13340, stack(0x0000003443500000,0x0000003443600000)]
  0x00000186fb065630 JavaThread "Signal Dispatcher" daemon [_thread_blocked, id=17672, stack(0x0000003443600000,0x0000003443700000)]
  0x00000186fb068070 JavaThread "Attach Listener" daemon [_thread_blocked, id=52492, stack(0x0000003443700000,0x0000003443800000)]
  0x00000186fb068aa0 JavaThread "Service Thread" daemon [_thread_blocked, id=49744, stack(0x0000003443800000,0x0000003443900000)]
  0x00000186fb0694d0 JavaThread "Monitor Deflation Thread" daemon [_thread_blocked, id=25840, stack(0x0000003443900000,0x0000003443a00000)]
  0x00000186fb06b240 JavaThread "C2 CompilerThread0" daemon [_thread_in_native, id=1620, stack(0x0000003443a00000,0x0000003443b00000)]
  0x00000186fb09bb10 JavaThread "C1 CompilerThread0" daemon [_thread_blocked, id=54892, stack(0x0000003443b00000,0x0000003443c00000)]
  0x00000186fb2a7240 JavaThread "Common-Cleaner" daemon [_thread_blocked, id=2128, stack(0x0000003443c00000,0x0000003443d00000)]
  0x00000186fb4b75e0 JavaThread "Notification Thread" daemon [_thread_blocked, id=47196, stack(0x0000003443d00000,0x0000003443e00000)]
  0x0000018696023860 JavaThread "Daemon health stats" [_thread_blocked, id=44136, stack(0x0000003444200000,0x0000003444300000)]
  0x00000186fb31ea80 JavaThread "Incoming local TCP Connector on port 57600" [_thread_in_native, id=25132, stack(0x0000003444300000,0x0000003444400000)]
  0x000001869590a770 JavaThread "Daemon periodic checks" [_thread_blocked, id=53072, stack(0x0000003444400000,0x0000003444500000)]
  0x00000186fb318590 JavaThread "Daemon" [_thread_blocked, id=41652, stack(0x0000003444500000,0x0000003444600000)]
  0x00000186fb318040 JavaThread "Handler for socket connection from /127.0.0.1:57600 to /127.0.0.1:57602" [_thread_in_native, id=47744, stack(0x0000003444600000,0x0000003444700000)]
  0x00000186fb319580 JavaThread "Cancel handler" [_thread_blocked, id=28356, stack(0x0000003444700000,0x0000003444800000)]
  0x00000186fb319ad0 JavaThread "Daemon worker" [_thread_in_Java, id=18840, stack(0x0000003444800000,0x0000003444900000)]
  0x00000186fb318ae0 JavaThread "Asynchronous log dispatcher for DefaultDaemonConnection: socket connection from /127.0.0.1:57600 to /127.0.0.1:57602" [_thread_blocked, id=17652, stack(0x0000003444900000,0x0000003444a00000)]
  0x00000186fb317af0 JavaThread "Daemon client event forwarder" [_thread_blocked, id=37804, stack(0x0000003444b00000,0x0000003444c00000)]
  0x00000186fb319030 JavaThread "Cache worker for journal cache (C:\Users\vineet_jain1\.gradle\caches\journal-1)" [_thread_blocked, id=43408, stack(0x0000003444c00000,0x0000003444d00000)]
  0x00000186fb31a570 JavaThread "File lock request listener" [_thread_in_native, id=51248, stack(0x0000003444d00000,0x0000003444e00000)]
  0x00000186fb317050 JavaThread "Cache worker for file hash cache (C:\Users\vineet_jain1\.gradle\caches\8.3\fileHashes)" [_thread_blocked, id=46284, stack(0x0000003444e00000,0x0000003444f00000)]
  0x00000186fb3175a0 JavaThread "File lock release action executor" [_thread_blocked, id=19156, stack(0x0000003444f00000,0x0000003445000000)]
  0x000001869746c0d0 JavaThread "File watcher server" daemon [_thread_in_native, id=49084, stack(0x0000003445000000,0x0000003445100000)]
  0x000001869746db60 JavaThread "File watcher consumer" daemon [_thread_blocked, id=2744, stack(0x0000003445100000,0x0000003445200000)]
  0x000001869746bb80 JavaThread "jar transforms" [_thread_blocked, id=29884, stack(0x0000003445200000,0x0000003445300000)]
  0x0000018697469ba0 JavaThread "jar transforms Thread 2" [_thread_blocked, id=54112, stack(0x0000003445300000,0x0000003445400000)]
  0x000001869746eb50 JavaThread "Cache worker for checksums cache (C:\Users\vineet_jain1\gs-serving-web-content\complete\.gradle\8.3\checksums)" [_thread_blocked, id=35980, stack(0x0000003445400000,0x0000003445500000)]
  0x0000018697469650 JavaThread "Cache worker for file hash cache (C:\Users\vineet_jain1\gs-serving-web-content\complete\.gradle\8.3\fileHashes)" [_thread_blocked, id=32372, stack(0x0000003445500000,0x0000003445600000)]
  0x000001869746f0a0 JavaThread "Cache worker for cache directory md-supplier (C:\Users\vineet_jain1\.gradle\caches\8.3\md-supplier)" [_thread_blocked, id=26736, stack(0x0000003445600000,0x0000003445700000)]
  0x000001869746d0c0 JavaThread "Cache worker for file content cache (C:\Users\vineet_jain1\.gradle\caches\8.3\fileContent)" [_thread_blocked, id=35276, stack(0x0000003445700000,0x0000003445800000)]
  0x0000018697468bb0 JavaThread "Cache worker for cache directory md-rule (C:\Users\vineet_jain1\.gradle\caches\8.3\md-rule)" [_thread_blocked, id=49192, stack(0x0000003445800000,0x0000003445900000)]
  0x000001869746a0f0 JavaThread "Cache worker for execution history cache (C:\Users\vineet_jain1\.gradle\caches\8.3\executionHistory)" [_thread_blocked, id=49020, stack(0x0000003445900000,0x0000003445a00000)]
  0x000001869746b630 JavaThread "jar transforms Thread 3" [_thread_blocked, id=23696, stack(0x0000003445a00000,0x0000003445b00000)]
  0x000001869746a640 JavaThread "jar transforms Thread 4" [_thread_blocked, id=49396, stack(0x0000003445b00000,0x0000003445c00000)]
  0x000001869746cb70 JavaThread "Cache worker for dependencies-accessors (C:\Users\vineet_jain1\gs-serving-web-content\complete\.gradle\8.3\dependencies-accessors)" [_thread_blocked, id=24420, stack(0x0000003445c00000,0x0000003445d00000)]
  0x000001869746c620 JavaThread "Cache worker for Build Output Cleanup Cache (C:\Users\vineet_jain1\gs-serving-web-content\complete\.gradle\buildOutputCleanup)" [_thread_blocked, id=7508, stack(0x0000003445d00000,0x0000003445e00000)]
  0x000001869746f5f0 JavaThread "Unconstrained build operations" [_thread_blocked, id=20656, stack(0x0000003445e00000,0x0000003445f00000)]
  0x000001869746fb40 JavaThread "Unconstrained build operations Thread 2" [_thread_blocked, id=22188, stack(0x0000003445f00000,0x0000003446000000)]
  0x000001869746d610 JavaThread "Unconstrained build operations Thread 3" [_thread_blocked, id=43912, stack(0x0000003446000000,0x0000003446100000)]
  0x000001869675a120 JavaThread "Memory manager" [_thread_blocked, id=43924, stack(0x0000003446100000,0x0000003446200000)]
  0x000001869675b110 JavaThread "Unconstrained build operations Thread 4" [_thread_blocked, id=33400, stack(0x0000003446200000,0x0000003446300000)]
  0x0000018696758690 JavaThread "Unconstrained build operations Thread 5" [_thread_blocked, id=37736, stack(0x0000003446300000,0x0000003446400000)]
  0x00000186967556c0 JavaThread "Unconstrained build operations Thread 6" [_thread_blocked, id=46116, stack(0x0000003446400000,0x0000003446500000)]
  0x0000018696755170 JavaThread "Unconstrained build operations Thread 7" [_thread_blocked, id=43832, stack(0x0000003446500000,0x0000003446600000)]
  0x000001869675a670 JavaThread "Unconstrained build operations Thread 8" [_thread_blocked, id=5220, stack(0x0000003446600000,0x0000003446700000)]
  0x0000018696759130 JavaThread "Unconstrained build operations Thread 9" [_thread_blocked, id=7624, stack(0x0000003446700000,0x0000003446800000)]
  0x0000018696757bf0 JavaThread "Unconstrained build operations Thread 10" [_thread_blocked, id=50100, stack(0x0000003446800000,0x0000003446900000)]
  0x0000018696756160 JavaThread "Unconstrained build operations Thread 11" [_thread_blocked, id=38856, stack(0x0000003446900000,0x0000003446a00000)]
  0x000001869675abc0 JavaThread "Unconstrained build operations Thread 12" [_thread_blocked, id=41596, stack(0x0000003446a00000,0x0000003446b00000)]
  0x000001869675c100 JavaThread "Unconstrained build operations Thread 13" [_thread_blocked, id=51008, stack(0x0000003446b00000,0x0000003446c00000)]
  0x0000018696755c10 JavaThread "Unconstrained build operations Thread 14" [_thread_blocked, id=8744, stack(0x0000003446c00000,0x0000003446d00000)]
  0x0000018696757150 JavaThread "Unconstrained build operations Thread 15" [_thread_blocked, id=23548, stack(0x0000003446d00000,0x0000003446e00000)]
  0x0000018696758140 JavaThread "Unconstrained build operations Thread 16" [_thread_blocked, id=45596, stack(0x0000003446e00000,0x0000003446f00000)]
  0x00000186967576a0 JavaThread "Unconstrained build operations Thread 17" [_thread_blocked, id=23612, stack(0x0000003446f00000,0x0000003447000000)]
  0x0000018696758be0 JavaThread "Unconstrained build operations Thread 18" [_thread_blocked, id=36580, stack(0x0000003447000000,0x0000003447100000)]
  0x0000018696759680 JavaThread "Unconstrained build operations Thread 19" [_thread_blocked, id=53476, stack(0x0000003447100000,0x0000003447200000)]
  0x000001869675b660 JavaThread "Unconstrained build operations Thread 20" [_thread_blocked, id=49068, stack(0x0000003447200000,0x0000003447300000)]
  0x0000018696759bd0 JavaThread "Unconstrained build operations Thread 21" [_thread_blocked, id=48160, stack(0x0000003447300000,0x0000003447400000)]
  0x000001869675bbb0 JavaThread "Unconstrained build operations Thread 22" [_thread_blocked, id=13868, stack(0x0000003447400000,0x0000003447500000)]
  0x00000186967546d0 JavaThread "Unconstrained build operations Thread 23" [_thread_blocked, id=55220, stack(0x0000003447500000,0x0000003447600000)]
  0x0000018696754c20 JavaThread "Unconstrained build operations Thread 24" [_thread_blocked, id=54108, stack(0x0000003447600000,0x0000003447700000)]
  0x0000018697468660 JavaThread "Unconstrained build operations Thread 25" [_thread_blocked, id=39204, stack(0x0000003447700000,0x0000003447800000)]
  0x0000018696a94cb0 JavaThread "Unconstrained build operations Thread 26" [_thread_blocked, id=6356, stack(0x0000003447800000,0x0000003447900000)]
  0x0000018696a90250 JavaThread "Unconstrained build operations Thread 27" [_thread_blocked, id=50232, stack(0x0000003447900000,0x0000003447a00000)]
  0x0000018696a95750 JavaThread "Unconstrained build operations Thread 28" [_thread_blocked, id=53064, stack(0x0000003447a00000,0x0000003447b00000)]
  0x0000018696a91790 JavaThread "Unconstrained build operations Thread 29" [_thread_blocked, id=38576, stack(0x0000003447b00000,0x0000003447c00000)]
  0x0000018696a8f7b0 JavaThread "Unconstrained build operations Thread 30" [_thread_blocked, id=50096, stack(0x0000003447c00000,0x0000003447d00000)]
  0x0000018696a93770 JavaThread "Unconstrained build operations Thread 31" [_thread_blocked, id=30836, stack(0x0000003447d00000,0x0000003447e00000)]
  0x0000018696a90cf0 JavaThread "Unconstrained build operations Thread 32" [_thread_blocked, id=22320, stack(0x0000003447e00000,0x0000003447f00000)]
  0x0000018696a8e7c0 JavaThread "Unconstrained build operations Thread 33" [_thread_blocked, id=22476, stack(0x0000003447f00000,0x0000003448000000)]
  0x0000018696a8f260 JavaThread "Unconstrained build operations Thread 34" [_thread_blocked, id=7936, stack(0x0000003448000000,0x0000003448100000)]
  0x0000018696a907a0 JavaThread "Unconstrained build operations Thread 35" [_thread_blocked, id=33140, stack(0x0000003448100000,0x0000003448200000)]
  0x0000018696a91ce0 JavaThread "Unconstrained build operations Thread 36" [_thread_blocked, id=36156, stack(0x0000003448200000,0x0000003448300000)]
  0x0000018696a8ed10 JavaThread "Unconstrained build operations Thread 37" [_thread_blocked, id=52820, stack(0x0000003448300000,0x0000003448400000)]
  0x0000018696a93220 JavaThread "Unconstrained build operations Thread 38" [_thread_blocked, id=42100, stack(0x0000003448400000,0x0000003448500000)]
  0x0000018696a8fd00 JavaThread "Unconstrained build operations Thread 39" [_thread_blocked, id=2688, stack(0x0000003448500000,0x0000003448600000)]
  0x0000018696a91240 JavaThread "Unconstrained build operations Thread 40" [_thread_blocked, id=53852, stack(0x0000003448600000,0x0000003448700000)]
  0x0000018696a94210 JavaThread "included builds" [_thread_blocked, id=35196, stack(0x0000003444a00000,0x0000003444b00000)]
  0x0000018696a95200 JavaThread "Execution worker" [_thread_blocked, id=53312, stack(0x0000003448800000,0x0000003448900000)]
  0x0000018696a8dd20 JavaThread "Execution worker Thread 2" [_thread_blocked, id=22372, stack(0x0000003448900000,0x0000003448a00000)]
  0x0000018696a8e270 JavaThread "Execution worker Thread 3" [_thread_blocked, id=40388, stack(0x0000003448a00000,0x0000003448b00000)]
  0x00000186fb31a020 JavaThread "Cache worker for execution history cache (C:\Users\vineet_jain1\gs-serving-web-content\complete\.gradle\8.3\executionHistory)" [_thread_blocked, id=22200, stack(0x0000003448b00000,0x0000003448c00000)]
=>0x0000018697bbf4c0 JavaThread "C2 CompilerThread1" daemon [_thread_in_native, id=51560, stack(0x0000003448e00000,0x0000003448f00000)]

Other Threads:
  0x00000186fb047790 VMThread "VM Thread" [stack: 0x0000003443300000,0x0000003443400000] [id=25180]
  0x00000186e111d550 WatcherThread "VM Periodic Task Thread" [stack: 0x0000003443e00000,0x0000003443f00000] [id=28456]
  0x00000186e114df90 WorkerThread "GC Thread#0" [stack: 0x0000003442e00000,0x0000003442f00000] [id=33076]
  0x00000186fb5ab2a0 WorkerThread "GC Thread#1" [stack: 0x0000003443f00000,0x0000003444000000] [id=49340]
  0x0000018694e58710 WorkerThread "GC Thread#2" [stack: 0x0000003444000000,0x0000003444100000] [id=20248]
  0x00000186fb548bc0 WorkerThread "GC Thread#3" [stack: 0x0000003444100000,0x0000003444200000] [id=36340]
  0x00000186e1153d50 ConcurrentGCThread "G1 Main Marker" [stack: 0x0000003442f00000,0x0000003443000000] [id=32964]
  0x00000186e1154620 WorkerThread "G1 Conc#0" [stack: 0x0000003443000000,0x0000003443100000] [id=28212]
  0x00000186faf8b2c0 ConcurrentGCThread "G1 Refine#0" [stack: 0x0000003443100000,0x0000003443200000] [id=39632]
  0x00000186faf8bb10 ConcurrentGCThread "G1 Service" [stack: 0x0000003443200000,0x0000003443300000] [id=44596]

Threads with active compile tasks:
C2 CompilerThread0   103087 11948   !   4       java.io.ObjectOutputStream::writeOrdinaryObject (196 bytes)
C2 CompilerThread1   103087 11964       4       jdk.internal.org.objectweb.asm.ClassWriter::toByteArray (1517 bytes)

VM state: not at safepoint (normal execution)

VM Mutex/Monitor currently owned by a thread: None

Heap address: 0x00000000e0000000, size: 512 MB, Compressed Oops mode: 32-bit

CDS archive(s) mapped at: [0x0000018680000000-0x0000018680c60000-0x0000018680c60000), size 12976128, SharedBaseAddress: 0x0000018680000000, ArchiveRelocationMode: 1.
Compressed class space mapped at: 0x0000018681000000-0x0000018694400000, reserved size: 322961408
Narrow klass base: 0x0000018680000000, Narrow klass shift: 0, Narrow klass range: 0x100000000

GC Precious Log:
 CardTable entry size: 512
 Card Set container configuration: InlinePtr #cards 5 size 8 Array Of Cards #cards 12 size 40 Howl #buckets 4 coarsen threshold 1843 Howl Bitmap #cards 512 size 80 coarsen threshold 460 Card regions per heap region 1 cards per card region 2048
 CPUs: 4 total, 4 available
 Memory: 16382M
 Large Page Support: Disabled
 NUMA Support: Disabled
 Compressed Oops: Enabled (32-bit)
 Heap Region Size: 1M
 Heap Min Capacity: 256M
 Heap Initial Capacity: 256M
 Heap Max Capacity: 512M
 Pre-touch: Disabled
 Parallel Workers: 4
 Concurrent Workers: 1
 Concurrent Refinement Workers: 4
 Periodic GC: Disabled

Heap:
 garbage-first heap   total 262144K, used 185856K [0x00000000e0000000, 0x0000000100000000)
  region size 1024K, 138 young (141312K), 16 survivors (16384K)
 Metaspace       used 73896K, committed 75968K, reserved 380928K
  class space    used 10125K, committed 11200K, reserved 315392K

Heap Regions: E=young(eden), S=young(survivor), O=old, HS=humongous(starts), HC=humongous(continues), CS=collection set, F=free, OA=open archive, CA=closed archive, TAMS=top-at-mark-start, PB=parsable bottom
|   0|0x00000000e0000000, 0x00000000e0100000, 0x00000000e0100000|100%| O|  |TAMS 0x00000000e0000000| PB 0x00000000e0000000| Untracked 
|   1|0x00000000e0100000, 0x00000000e0200000, 0x00000000e0200000|100%|HS|  |TAMS 0x00000000e0100000| PB 0x00000000e0100000| Complete 
|   2|0x00000000e0200000, 0x00000000e0300000, 0x00000000e0300000|100%|HC|  |TAMS 0x00000000e0200000| PB 0x00000000e0200000| Complete 
|   3|0x00000000e0300000, 0x00000000e0400000, 0x00000000e0400000|100%|HC|  |TAMS 0x00000000e0300000| PB 0x00000000e0300000| Complete 
|   4|0x00000000e0400000, 0x00000000e0500000, 0x00000000e0500000|100%|HC|  |TAMS 0x00000000e0400000| PB 0x00000000e0400000| Complete 
|   5|0x00000000e0500000, 0x00000000e0600000, 0x00000000e0600000|100%| O|  |TAMS 0x00000000e0500000| PB 0x00000000e0500000| Untracked 
|   6|0x00000000e0600000, 0x00000000e0700000, 0x00000000e0700000|100%| O|  |TAMS 0x00000000e0600000| PB 0x00000000e0600000| Untracked 
|   7|0x00000000e0700000, 0x00000000e0800000, 0x00000000e0800000|100%| O|  |TAMS 0x00000000e0700000| PB 0x00000000e0700000| Untracked 
|   8|0x00000000e0800000, 0x00000000e0900000, 0x00000000e0900000|100%| O|  |TAMS 0x00000000e0800000| PB 0x00000000e0800000| Untracked 
|   9|0x00000000e0900000, 0x00000000e0a00000, 0x00000000e0a00000|100%| O|  |TAMS 0x00000000e0900000| PB 0x00000000e0900000| Untracked 
|  10|0x00000000e0a00000, 0x00000000e0b00000, 0x00000000e0b00000|100%| O|  |TAMS 0x00000000e0a00000| PB 0x00000000e0a00000| Untracked 
|  11|0x00000000e0b00000, 0x00000000e0c00000, 0x00000000e0c00000|100%| O|  |TAMS 0x00000000e0b00000| PB 0x00000000e0b00000| Untracked 
|  12|0x00000000e0c00000, 0x00000000e0d00000, 0x00000000e0d00000|100%| O|  |TAMS 0x00000000e0c00000| PB 0x00000000e0c00000| Untracked 
|  13|0x00000000e0d00000, 0x00000000e0e00000, 0x00000000e0e00000|100%| O|  |TAMS 0x00000000e0d00000| PB 0x00000000e0d00000| Untracked 
|  14|0x00000000e0e00000, 0x00000000e0f00000, 0x00000000e0f00000|100%| O|  |TAMS 0x00000000e0e00000| PB 0x00000000e0e00000| Untracked 
|  15|0x00000000e0f00000, 0x00000000e1000000, 0x00000000e1000000|100%| O|  |TAMS 0x00000000e0f00000| PB 0x00000000e0f00000| Untracked 
|  16|0x00000000e1000000, 0x00000000e1100000, 0x00000000e1100000|100%| O|  |TAMS 0x00000000e1000000| PB 0x00000000e1000000| Untracked 
|  17|0x00000000e1100000, 0x00000000e1200000, 0x00000000e1200000|100%| O|  |TAMS 0x00000000e1100000| PB 0x00000000e1100000| Untracked 
|  18|0x00000000e1200000, 0x00000000e1300000, 0x00000000e1300000|100%| O|  |TAMS 0x00000000e1200000| PB 0x00000000e1200000| Untracked 
|  19|0x00000000e1300000, 0x00000000e1400000, 0x00000000e1400000|100%| O|  |TAMS 0x00000000e1300000| PB 0x00000000e1300000| Untracked 
|  20|0x00000000e1400000, 0x00000000e1500000, 0x00000000e1500000|100%| O|  |TAMS 0x00000000e1400000| PB 0x00000000e1400000| Untracked 
|  21|0x00000000e1500000, 0x00000000e1600000, 0x00000000e1600000|100%| O|  |TAMS 0x00000000e1500000| PB 0x00000000e1500000| Untracked 
|  22|0x00000000e1600000, 0x00000000e1700000, 0x00000000e1700000|100%| O|  |TAMS 0x00000000e1600000| PB 0x00000000e1600000| Complete 
|  23|0x00000000e1700000, 0x00000000e1800000, 0x00000000e1800000|100%| O|  |TAMS 0x00000000e1700000| PB 0x00000000e1700000| Untracked 
|  24|0x00000000e1800000, 0x00000000e1900000, 0x00000000e1900000|100%| O|  |TAMS 0x00000000e1800000| PB 0x00000000e1800000| Untracked 
|  25|0x00000000e1900000, 0x00000000e1a00000, 0x00000000e1a00000|100%| O|  |TAMS 0x00000000e1900000| PB 0x00000000e1900000| Untracked 
|  26|0x00000000e1a00000, 0x00000000e1b00000, 0x00000000e1b00000|100%| O|  |TAMS 0x00000000e1a00000| PB 0x00000000e1a00000| Untracked 
|  27|0x00000000e1b00000, 0x00000000e1c00000, 0x00000000e1c00000|100%| O|  |TAMS 0x00000000e1b00000| PB 0x00000000e1b00000| Untracked 
|  28|0x00000000e1c00000, 0x00000000e1d00000, 0x00000000e1d00000|100%| O|  |TAMS 0x00000000e1c00000| PB 0x00000000e1c00000| Untracked 
|  29|0x00000000e1d00000, 0x00000000e1e00000, 0x00000000e1e00000|100%| O|  |TAMS 0x00000000e1d00000| PB 0x00000000e1d00000| Untracked 
|  30|0x00000000e1e00000, 0x00000000e1f00000, 0x00000000e1f00000|100%| O|  |TAMS 0x00000000e1e00000| PB 0x00000000e1e00000| Untracked 
|  31|0x00000000e1f00000, 0x00000000e2000000, 0x00000000e2000000|100%| O|  |TAMS 0x00000000e1f00000| PB 0x00000000e1f00000| Untracked 
|  32|0x00000000e2000000, 0x00000000e2100000, 0x00000000e2100000|100%| O|  |TAMS 0x00000000e2000000| PB 0x00000000e2000000| Untracked 
|  33|0x00000000e2100000, 0x00000000e2200000, 0x00000000e2200000|100%| O|  |TAMS 0x00000000e2100000| PB 0x00000000e2100000| Untracked 
|  34|0x00000000e2200000, 0x00000000e2300000, 0x00000000e2300000|100%| O|  |TAMS 0x00000000e2200000| PB 0x00000000e2200000| Untracked 
|  35|0x00000000e2300000, 0x00000000e2400000, 0x00000000e2400000|100%| O|  |TAMS 0x00000000e2300000| PB 0x00000000e2300000| Untracked 
|  36|0x00000000e2400000, 0x00000000e2500000, 0x00000000e2500000|100%| O|  |TAMS 0x00000000e2400000| PB 0x00000000e2400000| Untracked 
|  37|0x00000000e2500000, 0x00000000e2600000, 0x00000000e2600000|100%| O|  |TAMS 0x00000000e2500000| PB 0x00000000e2500000| Untracked 
|  38|0x00000000e2600000, 0x00000000e2700000, 0x00000000e2700000|100%| O|  |TAMS 0x00000000e2600000| PB 0x00000000e2600000| Untracked 
|  39|0x00000000e2700000, 0x00000000e2800000, 0x00000000e2800000|100%| O|  |TAMS 0x00000000e2700000| PB 0x00000000e2700000| Untracked 
|  40|0x00000000e2800000, 0x00000000e2900000, 0x00000000e2900000|100%| O|  |TAMS 0x00000000e2800000| PB 0x00000000e2800000| Untracked 
|  41|0x00000000e2900000, 0x00000000e2a00000, 0x00000000e2a00000|100%| O|  |TAMS 0x00000000e2900000| PB 0x00000000e2900000| Untracked 
|  42|0x00000000e2a00000, 0x00000000e2b00000, 0x00000000e2b00000|100%| O|  |TAMS 0x00000000e2a00000| PB 0x00000000e2a00000| Untracked 
|  43|0x00000000e2b00000, 0x00000000e2c00000, 0x00000000e2c00000|100%| O|  |TAMS 0x00000000e2b00000| PB 0x00000000e2b00000| Untracked 
|  44|0x00000000e2c00000, 0x00000000e2d00000, 0x00000000e2d00000|100%| O|  |TAMS 0x00000000e2c00000| PB 0x00000000e2c00000| Untracked 
|  45|0x00000000e2d00000, 0x00000000e2e00000, 0x00000000e2e00000|100%| O|  |TAMS 0x00000000e2d00000| PB 0x00000000e2d00000| Untracked 
|  46|0x00000000e2e00000, 0x00000000e2e00000, 0x00000000e2f00000|  0%| F|  |TAMS 0x00000000e2e00000| PB 0x00000000e2e00000| Untracked 
|  47|0x00000000e2f00000, 0x00000000e2f00000, 0x00000000e3000000|  0%| F|  |TAMS 0x00000000e2f00000| PB 0x00000000e2f00000| Untracked 
|  48|0x00000000e3000000, 0x00000000e3000000, 0x00000000e3100000|  0%| F|  |TAMS 0x00000000e3000000| PB 0x00000000e3000000| Untracked 
|  49|0x00000000e3100000, 0x00000000e3100000, 0x00000000e3200000|  0%| F|  |TAMS 0x00000000e3100000| PB 0x00000000e3100000| Untracked 
|  50|0x00000000e3200000, 0x00000000e3200000, 0x00000000e3300000|  0%| F|  |TAMS 0x00000000e3200000| PB 0x00000000e3200000| Untracked 
|  51|0x00000000e3300000, 0x00000000e3300000, 0x00000000e3400000|  0%| F|  |TAMS 0x00000000e3300000| PB 0x00000000e3300000| Untracked 
|  52|0x00000000e3400000, 0x00000000e3400000, 0x00000000e3500000|  0%| F|  |TAMS 0x00000000e3400000| PB 0x00000000e3400000| Untracked 
|  53|0x00000000e3500000, 0x00000000e3500000, 0x00000000e3600000|  0%| F|  |TAMS 0x00000000e3500000| PB 0x00000000e3500000| Untracked 
|  54|0x00000000e3600000, 0x00000000e3600000, 0x00000000e3700000|  0%| F|  |TAMS 0x00000000e3600000| PB 0x00000000e3600000| Untracked 
|  55|0x00000000e3700000, 0x00000000e3700000, 0x00000000e3800000|  0%| F|  |TAMS 0x00000000e3700000| PB 0x00000000e3700000| Untracked 
|  56|0x00000000e3800000, 0x00000000e3800000, 0x00000000e3900000|  0%| F|  |TAMS 0x00000000e3800000| PB 0x00000000e3800000| Untracked 
|  57|0x00000000e3900000, 0x00000000e3900000, 0x00000000e3a00000|  0%| F|  |TAMS 0x00000000e3900000| PB 0x00000000e3900000| Untracked 
|  58|0x00000000e3a00000, 0x00000000e3a00000, 0x00000000e3b00000|  0%| F|  |TAMS 0x00000000e3a00000| PB 0x00000000e3a00000| Untracked 
|  59|0x00000000e3b00000, 0x00000000e3b00000, 0x00000000e3c00000|  0%| F|  |TAMS 0x00000000e3b00000| PB 0x00000000e3b00000| Untracked 
|  60|0x00000000e3c00000, 0x00000000e3c00000, 0x00000000e3d00000|  0%| F|  |TAMS 0x00000000e3c00000| PB 0x00000000e3c00000| Untracked 
|  61|0x00000000e3d00000, 0x00000000e3d00000, 0x00000000e3e00000|  0%| F|  |TAMS 0x00000000e3d00000| PB 0x00000000e3d00000| Untracked 
|  62|0x00000000e3e00000, 0x00000000e3e00000, 0x00000000e3f00000|  0%| F|  |TAMS 0x00000000e3e00000| PB 0x00000000e3e00000| Untracked 
|  63|0x00000000e3f00000, 0x00000000e3f00000, 0x00000000e4000000|  0%| F|  |TAMS 0x00000000e3f00000| PB 0x00000000e3f00000| Untracked 
|  64|0x00000000e4000000, 0x00000000e4000000, 0x00000000e4100000|  0%| F|  |TAMS 0x00000000e4000000| PB 0x00000000e4000000| Untracked 
|  65|0x00000000e4100000, 0x00000000e4100000, 0x00000000e4200000|  0%| F|  |TAMS 0x00000000e4100000| PB 0x00000000e4100000| Untracked 
|  66|0x00000000e4200000, 0x00000000e4200000, 0x00000000e4300000|  0%| F|  |TAMS 0x00000000e4200000| PB 0x00000000e4200000| Untracked 
|  67|0x00000000e4300000, 0x00000000e4300000, 0x00000000e4400000|  0%| F|  |TAMS 0x00000000e4300000| PB 0x00000000e4300000| Untracked 
|  68|0x00000000e4400000, 0x00000000e4400000, 0x00000000e4500000|  0%| F|  |TAMS 0x00000000e4400000| PB 0x00000000e4400000| Untracked 
|  69|0x00000000e4500000, 0x00000000e4500000, 0x00000000e4600000|  0%| F|  |TAMS 0x00000000e4500000| PB 0x00000000e4500000| Untracked 
|  70|0x00000000e4600000, 0x00000000e4600000, 0x00000000e4700000|  0%| F|  |TAMS 0x00000000e4600000| PB 0x00000000e4600000| Untracked 
|  71|0x00000000e4700000, 0x00000000e4700000, 0x00000000e4800000|  0%| F|  |TAMS 0x00000000e4700000| PB 0x00000000e4700000| Untracked 
|  72|0x00000000e4800000, 0x00000000e4800000, 0x00000000e4900000|  0%| F|  |TAMS 0x00000000e4800000| PB 0x00000000e4800000| Untracked 
|  73|0x00000000e4900000, 0x00000000e4900000, 0x00000000e4a00000|  0%| F|  |TAMS 0x00000000e4900000| PB 0x00000000e4900000| Untracked 
|  74|0x00000000e4a00000, 0x00000000e4a00000, 0x00000000e4b00000|  0%| F|  |TAMS 0x00000000e4a00000| PB 0x00000000e4a00000| Untracked 
|  75|0x00000000e4b00000, 0x00000000e4b00000, 0x00000000e4c00000|  0%| F|  |TAMS 0x00000000e4b00000| PB 0x00000000e4b00000| Untracked 
|  76|0x00000000e4c00000, 0x00000000e4c00000, 0x00000000e4d00000|  0%| F|  |TAMS 0x00000000e4c00000| PB 0x00000000e4c00000| Untracked 
|  77|0x00000000e4d00000, 0x00000000e4d00000, 0x00000000e4e00000|  0%| F|  |TAMS 0x00000000e4d00000| PB 0x00000000e4d00000| Untracked 
|  78|0x00000000e4e00000, 0x00000000e4e00000, 0x00000000e4f00000|  0%| F|  |TAMS 0x00000000e4e00000| PB 0x00000000e4e00000| Untracked 
|  79|0x00000000e4f00000, 0x00000000e4f00000, 0x00000000e5000000|  0%| F|  |TAMS 0x00000000e4f00000| PB 0x00000000e4f00000| Untracked 
|  80|0x00000000e5000000, 0x00000000e5000000, 0x00000000e5100000|  0%| F|  |TAMS 0x00000000e5000000| PB 0x00000000e5000000| Untracked 
|  81|0x00000000e5100000, 0x00000000e5100000, 0x00000000e5200000|  0%| F|  |TAMS 0x00000000e5100000| PB 0x00000000e5100000| Untracked 
|  82|0x00000000e5200000, 0x00000000e5200000, 0x00000000e5300000|  0%| F|  |TAMS 0x00000000e5200000| PB 0x00000000e5200000| Untracked 
|  83|0x00000000e5300000, 0x00000000e5300000, 0x00000000e5400000|  0%| F|  |TAMS 0x00000000e5300000| PB 0x00000000e5300000| Untracked 
|  84|0x00000000e5400000, 0x00000000e5400000, 0x00000000e5500000|  0%| F|  |TAMS 0x00000000e5400000| PB 0x00000000e5400000| Untracked 
|  85|0x00000000e5500000, 0x00000000e5500000, 0x00000000e5600000|  0%| F|  |TAMS 0x00000000e5500000| PB 0x00000000e5500000| Untracked 
|  86|0x00000000e5600000, 0x00000000e5600000, 0x00000000e5700000|  0%| F|  |TAMS 0x00000000e5600000| PB 0x00000000e5600000| Untracked 
|  87|0x00000000e5700000, 0x00000000e5780000, 0x00000000e5800000| 50%| S|CS|TAMS 0x00000000e5700000| PB 0x00000000e5700000| Complete 
|  88|0x00000000e5800000, 0x00000000e5900000, 0x00000000e5900000|100%| S|CS|TAMS 0x00000000e5800000| PB 0x00000000e5800000| Complete 
|  89|0x00000000e5900000, 0x00000000e5a00000, 0x00000000e5a00000|100%| S|CS|TAMS 0x00000000e5900000| PB 0x00000000e5900000| Complete 
|  90|0x00000000e5a00000, 0x00000000e5b00000, 0x00000000e5b00000|100%| S|CS|TAMS 0x00000000e5a00000| PB 0x00000000e5a00000| Complete 
|  91|0x00000000e5b00000, 0x00000000e5c00000, 0x00000000e5c00000|100%| S|CS|TAMS 0x00000000e5b00000| PB 0x00000000e5b00000| Complete 
|  92|0x00000000e5c00000, 0x00000000e5d00000, 0x00000000e5d00000|100%| S|CS|TAMS 0x00000000e5c00000| PB 0x00000000e5c00000| Complete 
|  93|0x00000000e5d00000, 0x00000000e5e00000, 0x00000000e5e00000|100%| S|CS|TAMS 0x00000000e5d00000| PB 0x00000000e5d00000| Complete 
|  94|0x00000000e5e00000, 0x00000000e5f00000, 0x00000000e5f00000|100%| S|CS|TAMS 0x00000000e5e00000| PB 0x00000000e5e00000| Complete 
|  95|0x00000000e5f00000, 0x00000000e6000000, 0x00000000e6000000|100%| S|CS|TAMS 0x00000000e5f00000| PB 0x00000000e5f00000| Complete 
|  96|0x00000000e6000000, 0x00000000e6100000, 0x00000000e6100000|100%| S|CS|TAMS 0x00000000e6000000| PB 0x00000000e6000000| Complete 
|  97|0x00000000e6100000, 0x00000000e6200000, 0x00000000e6200000|100%| S|CS|TAMS 0x00000000e6100000| PB 0x00000000e6100000| Complete 
|  98|0x00000000e6200000, 0x00000000e6300000, 0x00000000e6300000|100%| S|CS|TAMS 0x00000000e6200000| PB 0x00000000e6200000| Complete 
|  99|0x00000000e6300000, 0x00000000e6400000, 0x00000000e6400000|100%| S|CS|TAMS 0x00000000e6300000| PB 0x00000000e6300000| Complete 
| 100|0x00000000e6400000, 0x00000000e6500000, 0x00000000e6500000|100%| S|CS|TAMS 0x00000000e6400000| PB 0x00000000e6400000| Complete 
| 101|0x00000000e6500000, 0x00000000e6600000, 0x00000000e6600000|100%| S|CS|TAMS 0x00000000e6500000| PB 0x00000000e6500000| Complete 
| 102|0x00000000e6600000, 0x00000000e6700000, 0x00000000e6700000|100%| S|CS|TAMS 0x00000000e6600000| PB 0x00000000e6600000| Complete 
| 103|0x00000000e6700000, 0x00000000e6700000, 0x00000000e6800000|  0%| F|  |TAMS 0x00000000e6700000| PB 0x00000000e6700000| Untracked 
| 104|0x00000000e6800000, 0x00000000e6800000, 0x00000000e6900000|  0%| F|  |TAMS 0x00000000e6800000| PB 0x00000000e6800000| Untracked 
| 105|0x00000000e6900000, 0x00000000e6900000, 0x00000000e6a00000|  0%| F|  |TAMS 0x00000000e6900000| PB 0x00000000e6900000| Untracked 
| 106|0x00000000e6a00000, 0x00000000e6a00000, 0x00000000e6b00000|  0%| F|  |TAMS 0x00000000e6a00000| PB 0x00000000e6a00000| Untracked 
| 107|0x00000000e6b00000, 0x00000000e6b00000, 0x00000000e6c00000|  0%| F|  |TAMS 0x00000000e6b00000| PB 0x00000000e6b00000| Untracked 
| 108|0x00000000e6c00000, 0x00000000e6c00000, 0x00000000e6d00000|  0%| F|  |TAMS 0x00000000e6c00000| PB 0x00000000e6c00000| Untracked 
| 109|0x00000000e6d00000, 0x00000000e6d00000, 0x00000000e6e00000|  0%| F|  |TAMS 0x00000000e6d00000| PB 0x00000000e6d00000| Untracked 
| 110|0x00000000e6e00000, 0x00000000e6e00000, 0x00000000e6f00000|  0%| F|  |TAMS 0x00000000e6e00000| PB 0x00000000e6e00000| Untracked 
| 111|0x00000000e6f00000, 0x00000000e6f00000, 0x00000000e7000000|  0%| F|  |TAMS 0x00000000e6f00000| PB 0x00000000e6f00000| Untracked 
| 112|0x00000000e7000000, 0x00000000e7000000, 0x00000000e7100000|  0%| F|  |TAMS 0x00000000e7000000| PB 0x00000000e7000000| Untracked 
| 113|0x00000000e7100000, 0x00000000e7100000, 0x00000000e7200000|  0%| F|  |TAMS 0x00000000e7100000| PB 0x00000000e7100000| Untracked 
| 114|0x00000000e7200000, 0x00000000e7200000, 0x00000000e7300000|  0%| F|  |TAMS 0x00000000e7200000| PB 0x00000000e7200000| Untracked 
| 115|0x00000000e7300000, 0x00000000e7300000, 0x00000000e7400000|  0%| F|  |TAMS 0x00000000e7300000| PB 0x00000000e7300000| Untracked 
| 116|0x00000000e7400000, 0x00000000e7400000, 0x00000000e7500000|  0%| F|  |TAMS 0x00000000e7400000| PB 0x00000000e7400000| Untracked 
| 117|0x00000000e7500000, 0x00000000e7500000, 0x00000000e7600000|  0%| F|  |TAMS 0x00000000e7500000| PB 0x00000000e7500000| Untracked 
| 118|0x00000000e7600000, 0x00000000e7600000, 0x00000000e7700000|  0%| F|  |TAMS 0x00000000e7600000| PB 0x00000000e7600000| Untracked 
| 119|0x00000000e7700000, 0x00000000e7700000, 0x00000000e7800000|  0%| F|  |TAMS 0x00000000e7700000| PB 0x00000000e7700000| Untracked 
| 120|0x00000000e7800000, 0x00000000e7800000, 0x00000000e7900000|  0%| F|  |TAMS 0x00000000e7800000| PB 0x00000000e7800000| Untracked 
| 121|0x00000000e7900000, 0x00000000e7900000, 0x00000000e7a00000|  0%| F|  |TAMS 0x00000000e7900000| PB 0x00000000e7900000| Untracked 
| 122|0x00000000e7a00000, 0x00000000e7a00000, 0x00000000e7b00000|  0%| F|  |TAMS 0x00000000e7a00000| PB 0x00000000e7a00000| Untracked 
| 123|0x00000000e7b00000, 0x00000000e7b00000, 0x00000000e7c00000|  0%| F|  |TAMS 0x00000000e7b00000| PB 0x00000000e7b00000| Untracked 
| 124|0x00000000e7c00000, 0x00000000e7c00000, 0x00000000e7d00000|  0%| F|  |TAMS 0x00000000e7c00000| PB 0x00000000e7c00000| Untracked 
| 125|0x00000000e7d00000, 0x00000000e7d00000, 0x00000000e7e00000|  0%| F|  |TAMS 0x00000000e7d00000| PB 0x00000000e7d00000| Untracked 
| 126|0x00000000e7e00000, 0x00000000e7e00000, 0x00000000e7f00000|  0%| F|  |TAMS 0x00000000e7e00000| PB 0x00000000e7e00000| Untracked 
| 127|0x00000000e7f00000, 0x00000000e7f00000, 0x00000000e8000000|  0%| F|  |TAMS 0x00000000e7f00000| PB 0x00000000e7f00000| Untracked 
| 128|0x00000000e8000000, 0x00000000e8000000, 0x00000000e8100000|  0%| F|  |TAMS 0x00000000e8000000| PB 0x00000000e8000000| Untracked 
| 129|0x00000000e8100000, 0x00000000e8100000, 0x00000000e8200000|  0%| F|  |TAMS 0x00000000e8100000| PB 0x00000000e8100000| Untracked 
| 130|0x00000000e8200000, 0x00000000e8200000, 0x00000000e8300000|  0%| F|  |TAMS 0x00000000e8200000| PB 0x00000000e8200000| Untracked 
| 131|0x00000000e8300000, 0x00000000e8300000, 0x00000000e8400000|  0%| F|  |TAMS 0x00000000e8300000| PB 0x00000000e8300000| Untracked 
| 132|0x00000000e8400000, 0x00000000e8400000, 0x00000000e8500000|  0%| F|  |TAMS 0x00000000e8400000| PB 0x00000000e8400000| Untracked 
| 133|0x00000000e8500000, 0x00000000e8500000, 0x00000000e8600000|  0%| F|  |TAMS 0x00000000e8500000| PB 0x00000000e8500000| Untracked 
| 134|0x00000000e8600000, 0x00000000e8700000, 0x00000000e8700000|100%| E|  |TAMS 0x00000000e8600000| PB 0x00000000e8600000| Complete 
| 135|0x00000000e8700000, 0x00000000e8800000, 0x00000000e8800000|100%| E|CS|TAMS 0x00000000e8700000| PB 0x00000000e8700000| Complete 
| 136|0x00000000e8800000, 0x00000000e8900000, 0x00000000e8900000|100%| E|CS|TAMS 0x00000000e8800000| PB 0x00000000e8800000| Complete 
| 137|0x00000000e8900000, 0x00000000e8a00000, 0x00000000e8a00000|100%| E|CS|TAMS 0x00000000e8900000| PB 0x00000000e8900000| Complete 
| 138|0x00000000e8a00000, 0x00000000e8b00000, 0x00000000e8b00000|100%| E|CS|TAMS 0x00000000e8a00000| PB 0x00000000e8a00000| Complete 
| 139|0x00000000e8b00000, 0x00000000e8c00000, 0x00000000e8c00000|100%| E|CS|TAMS 0x00000000e8b00000| PB 0x00000000e8b00000| Complete 
| 140|0x00000000e8c00000, 0x00000000e8d00000, 0x00000000e8d00000|100%| E|CS|TAMS 0x00000000e8c00000| PB 0x00000000e8c00000| Complete 
| 141|0x00000000e8d00000, 0x00000000e8e00000, 0x00000000e8e00000|100%| E|CS|TAMS 0x00000000e8d00000| PB 0x00000000e8d00000| Complete 
| 142|0x00000000e8e00000, 0x00000000e8f00000, 0x00000000e8f00000|100%| E|CS|TAMS 0x00000000e8e00000| PB 0x00000000e8e00000| Complete 
| 143|0x00000000e8f00000, 0x00000000e9000000, 0x00000000e9000000|100%| E|CS|TAMS 0x00000000e8f00000| PB 0x00000000e8f00000| Complete 
| 144|0x00000000e9000000, 0x00000000e9100000, 0x00000000e9100000|100%| E|CS|TAMS 0x00000000e9000000| PB 0x00000000e9000000| Complete 
| 145|0x00000000e9100000, 0x00000000e9200000, 0x00000000e9200000|100%| E|CS|TAMS 0x00000000e9100000| PB 0x00000000e9100000| Complete 
| 146|0x00000000e9200000, 0x00000000e9300000, 0x00000000e9300000|100%| E|CS|TAMS 0x00000000e9200000| PB 0x00000000e9200000| Complete 
| 147|0x00000000e9300000, 0x00000000e9400000, 0x00000000e9400000|100%| E|CS|TAMS 0x00000000e9300000| PB 0x00000000e9300000| Complete 
| 148|0x00000000e9400000, 0x00000000e9500000, 0x00000000e9500000|100%| E|CS|TAMS 0x00000000e9400000| PB 0x00000000e9400000| Complete 
| 149|0x00000000e9500000, 0x00000000e9600000, 0x00000000e9600000|100%| E|CS|TAMS 0x00000000e9500000| PB 0x00000000e9500000| Complete 
| 150|0x00000000e9600000, 0x00000000e9700000, 0x00000000e9700000|100%| E|CS|TAMS 0x00000000e9600000| PB 0x00000000e9600000| Complete 
| 151|0x00000000e9700000, 0x00000000e9800000, 0x00000000e9800000|100%| E|CS|TAMS 0x00000000e9700000| PB 0x00000000e9700000| Complete 
| 152|0x00000000e9800000, 0x00000000e9900000, 0x00000000e9900000|100%| E|CS|TAMS 0x00000000e9800000| PB 0x00000000e9800000| Complete 
| 153|0x00000000e9900000, 0x00000000e9a00000, 0x00000000e9a00000|100%| E|CS|TAMS 0x00000000e9900000| PB 0x00000000e9900000| Complete 
| 154|0x00000000e9a00000, 0x00000000e9b00000, 0x00000000e9b00000|100%| E|CS|TAMS 0x00000000e9a00000| PB 0x00000000e9a00000| Complete 
| 155|0x00000000e9b00000, 0x00000000e9c00000, 0x00000000e9c00000|100%| E|CS|TAMS 0x00000000e9b00000| PB 0x00000000e9b00000| Complete 
| 156|0x00000000e9c00000, 0x00000000e9d00000, 0x00000000e9d00000|100%| E|CS|TAMS 0x00000000e9c00000| PB 0x00000000e9c00000| Complete 
| 157|0x00000000e9d00000, 0x00000000e9e00000, 0x00000000e9e00000|100%| E|CS|TAMS 0x00000000e9d00000| PB 0x00000000e9d00000| Complete 
| 158|0x00000000e9e00000, 0x00000000e9f00000, 0x00000000e9f00000|100%| E|CS|TAMS 0x00000000e9e00000| PB 0x00000000e9e00000| Complete 
| 159|0x00000000e9f00000, 0x00000000ea000000, 0x00000000ea000000|100%| E|CS|TAMS 0x00000000e9f00000| PB 0x00000000e9f00000| Complete 
| 160|0x00000000ea000000, 0x00000000ea100000, 0x00000000ea100000|100%| E|CS|TAMS 0x00000000ea000000| PB 0x00000000ea000000| Complete 
| 161|0x00000000ea100000, 0x00000000ea200000, 0x00000000ea200000|100%| E|CS|TAMS 0x00000000ea100000| PB 0x00000000ea100000| Complete 
| 162|0x00000000ea200000, 0x00000000ea300000, 0x00000000ea300000|100%| E|CS|TAMS 0x00000000ea200000| PB 0x00000000ea200000| Complete 
| 163|0x00000000ea300000, 0x00000000ea400000, 0x00000000ea400000|100%| E|CS|TAMS 0x00000000ea300000| PB 0x00000000ea300000| Complete 
| 164|0x00000000ea400000, 0x00000000ea500000, 0x00000000ea500000|100%| E|CS|TAMS 0x00000000ea400000| PB 0x00000000ea400000| Complete 
| 165|0x00000000ea500000, 0x00000000ea600000, 0x00000000ea600000|100%| E|CS|TAMS 0x00000000ea500000| PB 0x00000000ea500000| Complete 
| 166|0x00000000ea600000, 0x00000000ea700000, 0x00000000ea700000|100%| E|CS|TAMS 0x00000000ea600000| PB 0x00000000ea600000| Complete 
| 167|0x00000000ea700000, 0x00000000ea800000, 0x00000000ea800000|100%| E|CS|TAMS 0x00000000ea700000| PB 0x00000000ea700000| Complete 
| 168|0x00000000ea800000, 0x00000000ea900000, 0x00000000ea900000|100%| E|CS|TAMS 0x00000000ea800000| PB 0x00000000ea800000| Complete 
| 169|0x00000000ea900000, 0x00000000eaa00000, 0x00000000eaa00000|100%| E|CS|TAMS 0x00000000ea900000| PB 0x00000000ea900000| Complete 
| 170|0x00000000eaa00000, 0x00000000eab00000, 0x00000000eab00000|100%| E|CS|TAMS 0x00000000eaa00000| PB 0x00000000eaa00000| Complete 
| 171|0x00000000eab00000, 0x00000000eac00000, 0x00000000eac00000|100%| E|CS|TAMS 0x00000000eab00000| PB 0x00000000eab00000| Complete 
| 172|0x00000000eac00000, 0x00000000ead00000, 0x00000000ead00000|100%| E|CS|TAMS 0x00000000eac00000| PB 0x00000000eac00000| Complete 
| 173|0x00000000ead00000, 0x00000000eae00000, 0x00000000eae00000|100%| E|CS|TAMS 0x00000000ead00000| PB 0x00000000ead00000| Complete 
| 174|0x00000000eae00000, 0x00000000eaf00000, 0x00000000eaf00000|100%| E|CS|TAMS 0x00000000eae00000| PB 0x00000000eae00000| Complete 
| 175|0x00000000eaf00000, 0x00000000eb000000, 0x00000000eb000000|100%| E|CS|TAMS 0x00000000eaf00000| PB 0x00000000eaf00000| Complete 
| 176|0x00000000eb000000, 0x00000000eb100000, 0x00000000eb100000|100%| E|CS|TAMS 0x00000000eb000000| PB 0x00000000eb000000| Complete 
| 177|0x00000000eb100000, 0x00000000eb200000, 0x00000000eb200000|100%| E|CS|TAMS 0x00000000eb100000| PB 0x00000000eb100000| Complete 
| 178|0x00000000eb200000, 0x00000000eb300000, 0x00000000eb300000|100%| E|CS|TAMS 0x00000000eb200000| PB 0x00000000eb200000| Complete 
| 179|0x00000000eb300000, 0x00000000eb400000, 0x00000000eb400000|100%| E|CS|TAMS 0x00000000eb300000| PB 0x00000000eb300000| Complete 
| 180|0x00000000eb400000, 0x00000000eb500000, 0x00000000eb500000|100%| E|CS|TAMS 0x00000000eb400000| PB 0x00000000eb400000| Complete 
| 181|0x00000000eb500000, 0x00000000eb600000, 0x00000000eb600000|100%| E|CS|TAMS 0x00000000eb500000| PB 0x00000000eb500000| Complete 
| 182|0x00000000eb600000, 0x00000000eb700000, 0x00000000eb700000|100%| E|CS|TAMS 0x00000000eb600000| PB 0x00000000eb600000| Complete 
| 183|0x00000000eb700000, 0x00000000eb800000, 0x00000000eb800000|100%| E|CS|TAMS 0x00000000eb700000| PB 0x00000000eb700000| Complete 
| 184|0x00000000eb800000, 0x00000000eb900000, 0x00000000eb900000|100%| E|CS|TAMS 0x00000000eb800000| PB 0x00000000eb800000| Complete 
| 185|0x00000000eb900000, 0x00000000eba00000, 0x00000000eba00000|100%| E|CS|TAMS 0x00000000eb900000| PB 0x00000000eb900000| Complete 
| 186|0x00000000eba00000, 0x00000000ebb00000, 0x00000000ebb00000|100%| E|CS|TAMS 0x00000000eba00000| PB 0x00000000eba00000| Complete 
| 187|0x00000000ebb00000, 0x00000000ebc00000, 0x00000000ebc00000|100%| E|CS|TAMS 0x00000000ebb00000| PB 0x00000000ebb00000| Complete 
| 188|0x00000000ebc00000, 0x00000000ebd00000, 0x00000000ebd00000|100%| E|CS|TAMS 0x00000000ebc00000| PB 0x00000000ebc00000| Complete 
| 189|0x00000000ebd00000, 0x00000000ebe00000, 0x00000000ebe00000|100%| E|CS|TAMS 0x00000000ebd00000| PB 0x00000000ebd00000| Complete 
| 190|0x00000000ebe00000, 0x00000000ebf00000, 0x00000000ebf00000|100%| E|CS|TAMS 0x00000000ebe00000| PB 0x00000000ebe00000| Complete 
| 191|0x00000000ebf00000, 0x00000000ec000000, 0x00000000ec000000|100%| E|CS|TAMS 0x00000000ebf00000| PB 0x00000000ebf00000| Complete 
| 192|0x00000000ec000000, 0x00000000ec100000, 0x00000000ec100000|100%| E|CS|TAMS 0x00000000ec000000| PB 0x00000000ec000000| Complete 
| 193|0x00000000ec100000, 0x00000000ec200000, 0x00000000ec200000|100%| E|CS|TAMS 0x00000000ec100000| PB 0x00000000ec100000| Complete 
| 194|0x00000000ec200000, 0x00000000ec300000, 0x00000000ec300000|100%| E|CS|TAMS 0x00000000ec200000| PB 0x00000000ec200000| Complete 
| 195|0x00000000ec300000, 0x00000000ec400000, 0x00000000ec400000|100%| E|CS|TAMS 0x00000000ec300000| PB 0x00000000ec300000| Complete 
| 196|0x00000000ec400000, 0x00000000ec500000, 0x00000000ec500000|100%| E|CS|TAMS 0x00000000ec400000| PB 0x00000000ec400000| Complete 
| 197|0x00000000ec500000, 0x00000000ec600000, 0x00000000ec600000|100%| E|CS|TAMS 0x00000000ec500000| PB 0x00000000ec500000| Complete 
| 198|0x00000000ec600000, 0x00000000ec700000, 0x00000000ec700000|100%| E|CS|TAMS 0x00000000ec600000| PB 0x00000000ec600000| Complete 
| 199|0x00000000ec700000, 0x00000000ec800000, 0x00000000ec800000|100%| E|CS|TAMS 0x00000000ec700000| PB 0x00000000ec700000| Complete 
| 200|0x00000000ec800000, 0x00000000ec900000, 0x00000000ec900000|100%| E|CS|TAMS 0x00000000ec800000| PB 0x00000000ec800000| Complete 
| 201|0x00000000ec900000, 0x00000000eca00000, 0x00000000eca00000|100%| E|CS|TAMS 0x00000000ec900000| PB 0x00000000ec900000| Complete 
| 202|0x00000000eca00000, 0x00000000ecb00000, 0x00000000ecb00000|100%| E|CS|TAMS 0x00000000eca00000| PB 0x00000000eca00000| Complete 
| 203|0x00000000ecb00000, 0x00000000ecc00000, 0x00000000ecc00000|100%| E|CS|TAMS 0x00000000ecb00000| PB 0x00000000ecb00000| Complete 
| 204|0x00000000ecc00000, 0x00000000ecd00000, 0x00000000ecd00000|100%| E|CS|TAMS 0x00000000ecc00000| PB 0x00000000ecc00000| Complete 
| 205|0x00000000ecd00000, 0x00000000ece00000, 0x00000000ece00000|100%| E|CS|TAMS 0x00000000ecd00000| PB 0x00000000ecd00000| Complete 
| 206|0x00000000ece00000, 0x00000000ecf00000, 0x00000000ecf00000|100%| E|CS|TAMS 0x00000000ece00000| PB 0x00000000ece00000| Complete 
| 207|0x00000000ecf00000, 0x00000000ed000000, 0x00000000ed000000|100%| E|CS|TAMS 0x00000000ecf00000| PB 0x00000000ecf00000| Complete 
| 208|0x00000000ed000000, 0x00000000ed100000, 0x00000000ed100000|100%| E|CS|TAMS 0x00000000ed000000| PB 0x00000000ed000000| Complete 
| 209|0x00000000ed100000, 0x00000000ed200000, 0x00000000ed200000|100%| E|CS|TAMS 0x00000000ed100000| PB 0x00000000ed100000| Complete 
| 210|0x00000000ed200000, 0x00000000ed300000, 0x00000000ed300000|100%| E|  |TAMS 0x00000000ed200000| PB 0x00000000ed200000| Complete 
| 211|0x00000000ed300000, 0x00000000ed400000, 0x00000000ed400000|100%| E|CS|TAMS 0x00000000ed300000| PB 0x00000000ed300000| Complete 
| 212|0x00000000ed400000, 0x00000000ed500000, 0x00000000ed500000|100%| E|CS|TAMS 0x00000000ed400000| PB 0x00000000ed400000| Complete 
| 213|0x00000000ed500000, 0x00000000ed600000, 0x00000000ed600000|100%| E|CS|TAMS 0x00000000ed500000| PB 0x00000000ed500000| Complete 
| 214|0x00000000ed600000, 0x00000000ed700000, 0x00000000ed700000|100%| E|CS|TAMS 0x00000000ed600000| PB 0x00000000ed600000| Complete 
| 215|0x00000000ed700000, 0x00000000ed800000, 0x00000000ed800000|100%| E|CS|TAMS 0x00000000ed700000| PB 0x00000000ed700000| Complete 
| 216|0x00000000ed800000, 0x00000000ed900000, 0x00000000ed900000|100%| E|CS|TAMS 0x00000000ed800000| PB 0x00000000ed800000| Complete 
| 217|0x00000000ed900000, 0x00000000eda00000, 0x00000000eda00000|100%| E|CS|TAMS 0x00000000ed900000| PB 0x00000000ed900000| Complete 
| 218|0x00000000eda00000, 0x00000000edb00000, 0x00000000edb00000|100%| E|CS|TAMS 0x00000000eda00000| PB 0x00000000eda00000| Complete 
| 219|0x00000000edb00000, 0x00000000edc00000, 0x00000000edc00000|100%| E|CS|TAMS 0x00000000edb00000| PB 0x00000000edb00000| Complete 
| 220|0x00000000edc00000, 0x00000000edd00000, 0x00000000edd00000|100%| E|CS|TAMS 0x00000000edc00000| PB 0x00000000edc00000| Complete 
| 221|0x00000000edd00000, 0x00000000ede00000, 0x00000000ede00000|100%| E|CS|TAMS 0x00000000edd00000| PB 0x00000000edd00000| Complete 
| 222|0x00000000ede00000, 0x00000000edf00000, 0x00000000edf00000|100%| E|CS|TAMS 0x00000000ede00000| PB 0x00000000ede00000| Complete 
| 223|0x00000000edf00000, 0x00000000ee000000, 0x00000000ee000000|100%| E|CS|TAMS 0x00000000edf00000| PB 0x00000000edf00000| Complete 
| 224|0x00000000ee000000, 0x00000000ee100000, 0x00000000ee100000|100%| E|CS|TAMS 0x00000000ee000000| PB 0x00000000ee000000| Complete 
| 225|0x00000000ee100000, 0x00000000ee200000, 0x00000000ee200000|100%| E|CS|TAMS 0x00000000ee100000| PB 0x00000000ee100000| Complete 
| 226|0x00000000ee200000, 0x00000000ee300000, 0x00000000ee300000|100%| E|CS|TAMS 0x00000000ee200000| PB 0x00000000ee200000| Complete 
| 227|0x00000000ee300000, 0x00000000ee400000, 0x00000000ee400000|100%| E|CS|TAMS 0x00000000ee300000| PB 0x00000000ee300000| Complete 
| 228|0x00000000ee400000, 0x00000000ee500000, 0x00000000ee500000|100%| E|CS|TAMS 0x00000000ee400000| PB 0x00000000ee400000| Complete 
| 229|0x00000000ee500000, 0x00000000ee600000, 0x00000000ee600000|100%| E|CS|TAMS 0x00000000ee500000| PB 0x00000000ee500000| Complete 
| 230|0x00000000ee600000, 0x00000000ee700000, 0x00000000ee700000|100%| E|CS|TAMS 0x00000000ee600000| PB 0x00000000ee600000| Complete 
| 231|0x00000000ee700000, 0x00000000ee800000, 0x00000000ee800000|100%| E|CS|TAMS 0x00000000ee700000| PB 0x00000000ee700000| Complete 
| 232|0x00000000ee800000, 0x00000000ee900000, 0x00000000ee900000|100%| E|CS|TAMS 0x00000000ee800000| PB 0x00000000ee800000| Complete 
| 233|0x00000000ee900000, 0x00000000eea00000, 0x00000000eea00000|100%| E|CS|TAMS 0x00000000ee900000| PB 0x00000000ee900000| Complete 
| 234|0x00000000eea00000, 0x00000000eeb00000, 0x00000000eeb00000|100%| E|CS|TAMS 0x00000000eea00000| PB 0x00000000eea00000| Complete 
| 235|0x00000000eeb00000, 0x00000000eec00000, 0x00000000eec00000|100%| E|CS|TAMS 0x00000000eeb00000| PB 0x00000000eeb00000| Complete 
| 236|0x00000000eec00000, 0x00000000eed00000, 0x00000000eed00000|100%| E|CS|TAMS 0x00000000eec00000| PB 0x00000000eec00000| Complete 
| 237|0x00000000eed00000, 0x00000000eee00000, 0x00000000eee00000|100%| E|CS|TAMS 0x00000000eed00000| PB 0x00000000eed00000| Complete 
| 238|0x00000000eee00000, 0x00000000eef00000, 0x00000000eef00000|100%| E|CS|TAMS 0x00000000eee00000| PB 0x00000000eee00000| Complete 
| 239|0x00000000eef00000, 0x00000000ef000000, 0x00000000ef000000|100%| E|CS|TAMS 0x00000000eef00000| PB 0x00000000eef00000| Complete 
| 240|0x00000000ef000000, 0x00000000ef100000, 0x00000000ef100000|100%| E|CS|TAMS 0x00000000ef000000| PB 0x00000000ef000000| Complete 
| 241|0x00000000ef100000, 0x00000000ef200000, 0x00000000ef200000|100%| E|CS|TAMS 0x00000000ef100000| PB 0x00000000ef100000| Complete 
| 242|0x00000000ef200000, 0x00000000ef300000, 0x00000000ef300000|100%| E|CS|TAMS 0x00000000ef200000| PB 0x00000000ef200000| Complete 
| 243|0x00000000ef300000, 0x00000000ef400000, 0x00000000ef400000|100%| E|CS|TAMS 0x00000000ef300000| PB 0x00000000ef300000| Complete 
| 244|0x00000000ef400000, 0x00000000ef500000, 0x00000000ef500000|100%| E|CS|TAMS 0x00000000ef400000| PB 0x00000000ef400000| Complete 
| 245|0x00000000ef500000, 0x00000000ef600000, 0x00000000ef600000|100%| E|CS|TAMS 0x00000000ef500000| PB 0x00000000ef500000| Complete 
| 246|0x00000000ef600000, 0x00000000ef700000, 0x00000000ef700000|100%| E|CS|TAMS 0x00000000ef600000| PB 0x00000000ef600000| Complete 
| 247|0x00000000ef700000, 0x00000000ef800000, 0x00000000ef800000|100%| E|CS|TAMS 0x00000000ef700000| PB 0x00000000ef700000| Complete 
| 248|0x00000000ef800000, 0x00000000ef900000, 0x00000000ef900000|100%| E|CS|TAMS 0x00000000ef800000| PB 0x00000000ef800000| Complete 
| 249|0x00000000ef900000, 0x00000000efa00000, 0x00000000efa00000|100%| E|CS|TAMS 0x00000000ef900000| PB 0x00000000ef900000| Complete 
| 250|0x00000000efa00000, 0x00000000efb00000, 0x00000000efb00000|100%| E|CS|TAMS 0x00000000efa00000| PB 0x00000000efa00000| Complete 
| 251|0x00000000efb00000, 0x00000000efc00000, 0x00000000efc00000|100%| E|CS|TAMS 0x00000000efb00000| PB 0x00000000efb00000| Complete 
| 252|0x00000000efc00000, 0x00000000efd00000, 0x00000000efd00000|100%| E|CS|TAMS 0x00000000efc00000| PB 0x00000000efc00000| Complete 
| 253|0x00000000efd00000, 0x00000000efe00000, 0x00000000efe00000|100%| E|CS|TAMS 0x00000000efd00000| PB 0x00000000efd00000| Complete 
| 254|0x00000000efe00000, 0x00000000eff00000, 0x00000000eff00000|100%| E|CS|TAMS 0x00000000efe00000| PB 0x00000000efe00000| Complete 
| 255|0x00000000eff00000, 0x00000000f0000000, 0x00000000f0000000|100%| E|CS|TAMS 0x00000000eff00000| PB 0x00000000eff00000| Complete 

Card table byte_map: [0x00000186f8170000,0x00000186f8270000] _byte_map_base: 0x00000186f7a70000

Marking Bits: (CMBitMap*) 0x00000186e114f470
 Bits: [0x00000186f8370000, 0x00000186f8b70000)

Polling page: 0x00000186e0770000

Metaspace:

Usage:
  Non-class:     62.38 MB used.
      Class:      9.90 MB used.
       Both:     72.28 MB used.

Virtual space:
  Non-class space:       64.00 MB reserved,      63.44 MB (>99%) committed,  1 nodes.
      Class space:      308.00 MB reserved,      10.94 MB (  4%) committed,  1 nodes.
             Both:      372.00 MB reserved,      74.38 MB ( 20%) committed. 

Chunk freelists:
   Non-Class:  46.00 KB
       Class:  1.03 MB
        Both:  1.07 MB

MaxMetaspaceSize: 384.00 MB
CompressedClassSpaceSize: 308.00 MB
Initial GC threshold: 21.00 MB
Current GC threshold: 97.94 MB
CDS: on
MetaspaceReclaimPolicy: balanced
 - commit_granule_bytes: 65536.
 - commit_granule_words: 8192.
 - virtual_space_node_default_size: 8388608.
 - enlarge_chunks_in_place: 1.
 - new_chunks_are_fully_committed: 0.
 - uncommit_free_chunks: 1.
 - use_allocation_guard: 0.


Internal statistics:

num_allocs_failed_limit: 9.
num_arena_births: 3674.
num_arena_deaths: 0.
num_vsnodes_births: 2.
num_vsnodes_deaths: 0.
num_space_committed: 1190.
num_space_uncommitted: 0.
num_chunks_returned_to_freelist: 9.
num_chunks_taken_from_freelist: 6957.
num_chunk_merges: 9.
num_chunk_splits: 4478.
num_chunks_enlarged: 2704.
num_inconsistent_stats: 0.

CodeHeap 'non-profiled nmethods': size=120000Kb used=6888Kb max_used=6888Kb free=113112Kb
 bounds [0x00000186f0c40000, 0x00000186f1300000, 0x00000186f8170000]
CodeHeap 'profiled nmethods': size=120000Kb used=22311Kb max_used=22311Kb free=97689Kb
 bounds [0x00000186e9170000, 0x00000186ea740000, 0x00000186f06a0000]
CodeHeap 'non-nmethods': size=5760Kb used=3138Kb max_used=3179Kb free=2621Kb
 bounds [0x00000186f06a0000, 0x00000186f09d0000, 0x00000186f0c40000]
 total_blobs=12088 nmethods=11136 adapters=860
 compilation: enabled
              stopped_count=0, restarted_count=0
 full_count=0

Compilation events (20 events):
Event: 102.421 Thread 0x00000186fb09bb10 nmethod 11960 0x00000186ea72b010 code [0x00000186ea72b1c0, 0x00000186ea72b658]
Event: 102.421 Thread 0x00000186fb09bb10 11961       3       org.gradle.model.internal.type.ClassTypeWrapper::equals (41 bytes)
Event: 102.421 Thread 0x00000186fb09bb10 nmethod 11961 0x00000186ea72b790 code [0x00000186ea72b980, 0x00000186ea72c288]
Event: 102.421 Thread 0x00000186fb09bb10 11958       1       org.gradle.internal.instantiation.generator.AsmBackedClassGenerator$ClassBuilderImpl::access$7100 (5 bytes)
Event: 102.422 Thread 0x00000186fb09bb10 nmethod 11958 0x00000186f12f8e10 code [0x00000186f12f8f80, 0x00000186f12f9030]
Event: 102.422 Thread 0x00000186fb09bb10 11962       3       org.gradle.api.internal.DefaultDomainObjectCollection::doAdd (29 bytes)
Event: 102.422 Thread 0x00000186fb09bb10 nmethod 11962 0x00000186ea72c490 code [0x00000186ea72c660, 0x00000186ea72cb00]
Event: 102.706 Thread 0x00000186fb09bb10 11963       3       org.gradle.internal.instantiation.generator.AsmBackedClassGenerator$ClassBuilderImpl::access$2800 (4 bytes)
Event: 102.706 Thread 0x00000186fb09bb10 nmethod 11963 0x00000186ea72cc90 code [0x00000186ea72ce20, 0x00000186ea72cf18]
Event: 102.737 Thread 0x00000186fb09bb10 11967       3       java.lang.invoke.LambdaForm::<init> (12 bytes)
Event: 102.738 Thread 0x00000186fb09bb10 nmethod 11967 0x00000186ea72cf90 code [0x00000186ea72d120, 0x00000186ea72d268]
Event: 102.799 Thread 0x00000186fb09bb10 11971       2       java.net.URL::getDefaultPort (8 bytes)
Event: 102.799 Thread 0x00000186fb09bb10 nmethod 11971 0x00000186ea72d310 code [0x00000186ea72d4a0, 0x00000186ea72d5d0]
Event: 102.799 Thread 0x00000186fb09bb10 11968       3       java.util.Locale::equals (75 bytes)
Event: 102.800 Thread 0x00000186fb09bb10 nmethod 11968 0x00000186ea72d690 code [0x00000186ea72d880, 0x00000186ea72dff0]
Event: 102.800 Thread 0x00000186fb09bb10 11969       3       sun.util.calendar.ZoneInfo::getOffsets (342 bytes)
Event: 102.801 Thread 0x00000186fb09bb10 nmethod 11969 0x00000186ea72e190 code [0x00000186ea72e400, 0x00000186ea72f098]
Event: 102.850 Thread 0x0000018697bbf4c0 11970       4       java.io.WinNTFileSystem::isSlash (18 bytes)
Event: 102.923 Thread 0x0000018697bbf4c0 nmethod 11970 0x00000186f12f9710 code [0x00000186f12f9880, 0x00000186f12f9920]
Event: 102.923 Thread 0x0000018697bbf4c0 11964       4       jdk.internal.org.objectweb.asm.ClassWriter::toByteArray (1517 bytes)

GC Heap History (20 events):
Event: 2.128 GC heap before
{Heap before GC invocations=0 (full 0):
 garbage-first heap   total 262144K, used 12288K [0x00000000e0000000, 0x0000000100000000)
  region size 1024K, 13 young (13312K), 0 survivors (0K)
 Metaspace       used 948K, committed 1088K, reserved 380928K
  class space    used 77K, committed 128K, reserved 315392K
}
Event: 2.322 GC heap after
{Heap after GC invocations=1 (full 0):
 garbage-first heap   total 262144K, used 2941K [0x00000000e0000000, 0x0000000100000000)
  region size 1024K, 2 young (2048K), 2 survivors (2048K)
 Metaspace       used 948K, committed 1088K, reserved 380928K
  class space    used 77K, committed 128K, reserved 315392K
}
Event: 6.509 GC heap before
{Heap before GC invocations=1 (full 0):
 garbage-first heap   total 262144K, used 23421K [0x00000000e0000000, 0x0000000100000000)
  region size 1024K, 19 young (19456K), 2 survivors (2048K)
 Metaspace       used 3907K, committed 4096K, reserved 380928K
  class space    used 488K, committed 576K, reserved 315392K
}
Event: 6.521 GC heap after
{Heap after GC invocations=2 (full 0):
 garbage-first heap   total 262144K, used 10647K [0x00000000e0000000, 0x0000000100000000)
  region size 1024K, 3 young (3072K), 3 survivors (3072K)
 Metaspace       used 3907K, committed 4096K, reserved 380928K
  class space    used 488K, committed 576K, reserved 315392K
}
Event: 8.134 GC heap before
{Heap before GC invocations=2 (full 0):
 garbage-first heap   total 262144K, used 33175K [0x00000000e0000000, 0x0000000100000000)
  region size 1024K, 25 young (25600K), 3 survivors (3072K)
 Metaspace       used 4037K, committed 4224K, reserved 380928K
  class space    used 490K, committed 576K, reserved 315392K
}
Event: 8.137 GC heap after
{Heap after GC invocations=3 (full 0):
 garbage-first heap   total 262144K, used 13428K [0x00000000e0000000, 0x0000000100000000)
  region size 1024K, 3 young (3072K), 3 survivors (3072K)
 Metaspace       used 4037K, committed 4224K, reserved 380928K
  class space    used 490K, committed 576K, reserved 315392K
}
Event: 32.064 GC heap before
{Heap before GC invocations=3 (full 0):
 garbage-first heap   total 262144K, used 113780K [0x00000000e0000000, 0x0000000100000000)
  region size 1024K, 102 young (104448K), 3 survivors (3072K)
 Metaspace       used 20801K, committed 21504K, reserved 380928K
  class space    used 3053K, committed 3392K, reserved 315392K
}
Event: 32.103 GC heap after
{Heap after GC invocations=4 (full 0):
 garbage-first heap   total 262144K, used 23521K [0x00000000e0000000, 0x0000000100000000)
  region size 1024K, 13 young (13312K), 13 survivors (13312K)
 Metaspace       used 20801K, committed 21504K, reserved 380928K
  class space    used 3053K, committed 3392K, reserved 315392K
}
Event: 42.777 GC heap before
{Heap before GC invocations=5 (full 0):
 garbage-first heap   total 262144K, used 124897K [0x00000000e0000000, 0x0000000100000000)
  region size 1024K, 112 young (114688K), 13 survivors (13312K)
 Metaspace       used 32895K, committed 34112K, reserved 380928K
  class space    used 4761K, committed 5376K, reserved 315392K
}
Event: 42.798 GC heap after
{Heap after GC invocations=6 (full 0):
 garbage-first heap   total 262144K, used 30637K [0x00000000e0000000, 0x0000000100000000)
  region size 1024K, 8 young (8192K), 8 survivors (8192K)
 Metaspace       used 32895K, committed 34112K, reserved 380928K
  class space    used 4761K, committed 5376K, reserved 315392K
}
Event: 44.140 GC heap before
{Heap before GC invocations=6 (full 0):
 garbage-first heap   total 262144K, used 43949K [0x00000000e0000000, 0x0000000100000000)
  region size 1024K, 22 young (22528K), 8 survivors (8192K)
 Metaspace       used 34740K, committed 35968K, reserved 380928K
  class space    used 5073K, committed 5696K, reserved 315392K
}
Event: 44.152 GC heap after
{Heap after GC invocations=7 (full 0):
 garbage-first heap   total 262144K, used 30981K [0x00000000e0000000, 0x0000000100000000)
  region size 1024K, 8 young (8192K), 8 survivors (8192K)
 Metaspace       used 34740K, committed 35968K, reserved 380928K
  class space    used 5073K, committed 5696K, reserved 315392K
}
Event: 50.472 GC heap before
{Heap before GC invocations=8 (full 0):
 garbage-first heap   total 262144K, used 165125K [0x00000000e0000000, 0x0000000100000000)
  region size 1024K, 134 young (137216K), 8 survivors (8192K)
 Metaspace       used 43101K, committed 44416K, reserved 380928K
  class space    used 5948K, committed 6592K, reserved 315392K
}
Event: 50.719 GC heap after
{Heap after GC invocations=9 (full 0):
 garbage-first heap   total 262144K, used 40405K [0x00000000e0000000, 0x0000000100000000)
  region size 1024K, 17 young (17408K), 17 survivors (17408K)
 Metaspace       used 43101K, committed 44416K, reserved 380928K
  class space    used 5948K, committed 6592K, reserved 315392K
}
Event: 55.971 GC heap before
{Heap before GC invocations=9 (full 0):
 garbage-first heap   total 262144K, used 179669K [0x00000000e0000000, 0x0000000100000000)
  region size 1024K, 153 young (156672K), 17 survivors (17408K)
 Metaspace       used 46658K, committed 48128K, reserved 380928K
  class space    used 6473K, committed 7168K, reserved 315392K
}
Event: 56.010 GC heap after
{Heap after GC invocations=10 (full 0):
 garbage-first heap   total 262144K, used 46158K [0x00000000e0000000, 0x0000000100000000)
  region size 1024K, 16 young (16384K), 16 survivors (16384K)
 Metaspace       used 46658K, committed 48128K, reserved 380928K
  class space    used 6473K, committed 7168K, reserved 315392K
}
Event: 63.106 GC heap before
{Heap before GC invocations=10 (full 0):
 garbage-first heap   total 262144K, used 146510K [0x00000000e0000000, 0x0000000100000000)
  region size 1024K, 114 young (116736K), 16 survivors (16384K)
 Metaspace       used 58266K, committed 60096K, reserved 380928K
  class space    used 8169K, committed 9088K, reserved 315392K
}
Event: 63.245 GC heap after
{Heap after GC invocations=11 (full 0):
 garbage-first heap   total 262144K, used 52731K [0x00000000e0000000, 0x0000000100000000)
  region size 1024K, 14 young (14336K), 14 survivors (14336K)
 Metaspace       used 58266K, committed 60096K, reserved 380928K
  class space    used 8169K, committed 9088K, reserved 315392K
}
Event: 82.482 GC heap before
{Heap before GC invocations=12 (full 0):
 garbage-first heap   total 262144K, used 194043K [0x00000000e0000000, 0x0000000100000000)
  region size 1024K, 153 young (156672K), 14 survivors (14336K)
 Metaspace       used 63836K, committed 65792K, reserved 380928K
  class space    used 8861K, committed 9856K, reserved 315392K
}
Event: 82.652 GC heap after
{Heap after GC invocations=13 (full 0):
 garbage-first heap   total 262144K, used 62976K [0x00000000e0000000, 0x0000000100000000)
  region size 1024K, 16 young (16384K), 16 survivors (16384K)
 Metaspace       used 63836K, committed 65792K, reserved 380928K
  class space    used 8861K, committed 9856K, reserved 315392K
}

Dll operation events (15 events):
Event: 0.054 Loaded shared library C:\Program Files\Java\jdk-20\bin\java.dll
Event: 0.234 Loaded shared library C:\Program Files\Java\jdk-20\bin\jsvml.dll
Event: 0.467 Loaded shared library C:\Program Files\Java\jdk-20\bin\zip.dll
Event: 0.472 Loaded shared library C:\Program Files\Java\jdk-20\bin\instrument.dll
Event: 0.486 Loaded shared library C:\Program Files\Java\jdk-20\bin\net.dll
Event: 0.493 Loaded shared library C:\Program Files\Java\jdk-20\bin\nio.dll
Event: 0.498 Loaded shared library C:\Program Files\Java\jdk-20\bin\zip.dll
Event: 1.866 Loaded shared library C:\Program Files\Java\jdk-20\bin\jimage.dll
Event: 2.391 Loaded shared library C:\Program Files\Java\jdk-20\bin\verify.dll
Event: 4.018 Loaded shared library C:\Users\vineet_jain1\.gradle\native\68d5fa5c4cc2d200863cafc0d521ce42e7d3e7ee720ec0a83991735586a16f82\windows-amd64\native-platform.dll
Event: 4.181 Loaded shared library C:\Users\vineet_jain1\.gradle\native\e376f236ea51e6404a007f0833ffe2c6e607c4080706a723a18a27aeea778392\windows-amd64\native-platform-file-events.dll
Event: 10.156 Loaded shared library C:\Program Files\Java\jdk-20\bin\management.dll
Event: 10.172 Loaded shared library C:\Program Files\Java\jdk-20\bin\management_ext.dll
Event: 11.484 Loaded shared library C:\Program Files\Java\jdk-20\bin\extnet.dll
Event: 12.635 Loaded shared library C:\Program Files\Java\jdk-20\bin\sunmscapi.dll

Deoptimization events (20 events):
Event: 102.785 Thread 0x00000186fb319ad0 Uncommon trap: trap_request=0xffffff45 fr.pc=0x00000186f109497c relative=0x000000000000065c
Event: 102.785 Thread 0x00000186fb319ad0 Uncommon trap: reason=unstable_if action=reinterpret pc=0x00000186f109497c method=java.lang.String.<init>(Ljava/lang/AbstractStringBuilder;Ljava/lang/Void;)V @ 19 c2
Event: 102.785 Thread 0x00000186fb319ad0 DEOPT PACKING pc=0x00000186f109497c sp=0x00000034448f9340
Event: 102.785 Thread 0x00000186fb319ad0 DEOPT UNPACKING pc=0x00000186f06bd2a2 sp=0x00000034448f9298 mode 2
Event: 102.785 Thread 0x00000186fb319ad0 Uncommon trap: trap_request=0xffffff45 fr.pc=0x00000186f0d9bf7c relative=0x000000000000027c
Event: 102.785 Thread 0x00000186fb319ad0 Uncommon trap: reason=unstable_if action=reinterpret pc=0x00000186f0d9bf7c method=java.lang.AbstractStringBuilder.appendChars([CII)V @ 43 c2
Event: 102.785 Thread 0x00000186fb319ad0 DEOPT PACKING pc=0x00000186f0d9bf7c sp=0x00000034448f9560
Event: 102.785 Thread 0x00000186fb319ad0 DEOPT UNPACKING pc=0x00000186f06bd2a2 sp=0x00000034448f94d8 mode 2
Event: 102.785 Thread 0x00000186fb319ad0 Uncommon trap: trap_request=0xffffff45 fr.pc=0x00000186f0e90fdc relative=0x00000000000002bc
Event: 102.785 Thread 0x00000186fb319ad0 Uncommon trap: reason=unstable_if action=reinterpret pc=0x00000186f0e90fdc method=java.lang.AbstractStringBuilder.inflateIfNeededFor(Ljava/lang/String;)V @ 14 c2
Event: 102.785 Thread 0x00000186fb319ad0 DEOPT PACKING pc=0x00000186f0e90fdc sp=0x00000034448f94c0
Event: 102.785 Thread 0x00000186fb319ad0 DEOPT UNPACKING pc=0x00000186f06bd2a2 sp=0x00000034448f93a8 mode 2
Event: 102.785 Thread 0x00000186fb319ad0 Uncommon trap: trap_request=0xffffff45 fr.pc=0x00000186f0c7c604 relative=0x0000000000000104
Event: 102.785 Thread 0x00000186fb319ad0 Uncommon trap: reason=unstable_if action=reinterpret pc=0x00000186f0c7c604 method=java.lang.String.getBytes([BIB)V @ 5 c2
Event: 102.785 Thread 0x00000186fb319ad0 DEOPT PACKING pc=0x00000186f0c7c604 sp=0x00000034448f93d0
Event: 102.785 Thread 0x00000186fb319ad0 DEOPT UNPACKING pc=0x00000186f06bd2a2 sp=0x00000034448f9398 mode 2
Event: 102.785 Thread 0x00000186fb319ad0 Uncommon trap: trap_request=0xffffff45 fr.pc=0x00000186f0ce57a8 relative=0x0000000000000408
Event: 102.785 Thread 0x00000186fb319ad0 Uncommon trap: reason=unstable_if action=reinterpret pc=0x00000186f0ce57a8 method=java.lang.String.<init>(Ljava/lang/AbstractStringBuilder;Ljava/lang/Void;)V @ 19 c2
Event: 102.785 Thread 0x00000186fb319ad0 DEOPT PACKING pc=0x00000186f0ce57a8 sp=0x00000034448f96f0
Event: 102.785 Thread 0x00000186fb319ad0 DEOPT UNPACKING pc=0x00000186f06bd2a2 sp=0x00000034448f96b8 mode 2

Classes loaded (20 events):
Event: 92.466 Loading class java/text/ParsePosition
Event: 92.467 Loading class java/text/ParsePosition done
Event: 92.467 Loading class java/text/CalendarBuilder
Event: 92.467 Loading class java/text/CalendarBuilder done
Event: 92.690 Loading class java/io/CharArrayWriter
Event: 92.690 Loading class java/io/CharArrayWriter done
Event: 92.713 Loading class java/lang/ThreadLocal$SuppliedThreadLocal
Event: 92.714 Loading class java/lang/ThreadLocal$SuppliedThreadLocal done
Event: 93.595 Loading class java/lang/foreign/MemorySegment
Event: 93.596 Loading class java/lang/foreign/MemorySegment done
Event: 100.028 Loading class java/util/TreeMap$KeySpliterator
Event: 100.028 Loading class java/util/TreeMap$TreeMapSpliterator
Event: 100.028 Loading class java/util/TreeMap$TreeMapSpliterator done
Event: 100.028 Loading class java/util/TreeMap$KeySpliterator done
Event: 100.138 Loading class java/util/concurrent/ConcurrentLinkedQueue$Itr
Event: 100.139 Loading class java/util/concurrent/ConcurrentLinkedQueue$Itr done
Event: 100.145 Loading class java/util/TreeMap$ValueSpliterator
Event: 100.145 Loading class java/util/TreeMap$ValueSpliterator done
Event: 102.785 Loading class java/text/MessageFormat$Field
Event: 102.785 Loading class java/text/MessageFormat$Field done

Classes unloaded (0 events):
No events

Classes redefined (0 events):
No events

Internal exceptions (20 events):
Event: 67.009 Thread 0x00000186fb319ad0 Exception <a 'java/lang/NoSuchMethodError'{0x00000000edd6e578}: 'java.lang.Object java.lang.invoke.DelegatingMethodHandle$Holder.reinvoke_L(java.lang.Object, java.lang.Object, java.lang.Object, java.lang.Object, java.lang.Object, java.lang.Object, java.lang.Object, java.lang.Object, java.lang.Object, java.lang.Object, java.lang.Object, java.lang.Object, java.lang.Object, java.lang.Object, java.lang.Object, java.lang.Object, java.lang.Object, java.lang.Object)'> (0x00000000edd6e578) 
thrown [s\open\src\hots
Event: 83.931 Thread 0x00000186fb319ad0 Exception <a 'java/lang/ClassNotFoundException'{0x00000000ef6ed558}: org/gradle/api/tasks/util/internal/PatternSets$InternalPatternSetBeanInfo> (0x00000000ef6ed558) 
thrown [s\open\src\hotspot\share\classfile\systemDictionary.cpp, line 305]
Event: 83.931 Thread 0x00000186fb319ad0 Exception <a 'java/lang/ClassNotFoundException'{0x00000000ef6f41d0}: org/gradle/api/tasks/util/PatternSetBeanInfo> (0x00000000ef6f41d0) 
thrown [s\open\src\hotspot\share\classfile\systemDictionary.cpp, line 305]
Event: 83.931 Thread 0x00000186fb319ad0 Exception <a 'java/lang/ClassNotFoundException'{0x00000000ef6fae28}: org/gradle/api/tasks/util/PatternSetCustomizer> (0x00000000ef6fae28) 
thrown [s\open\src\hotspot\share\classfile\systemDictionary.cpp, line 305]
Event: 83.933 Thread 0x00000186fb319ad0 Exception <a 'java/lang/ClassNotFoundException'{0x00000000ef546d10}: org/gradle/api/tasks/util/internal/PatternSets$InternalPatternSetCustomizer> (0x00000000ef546d10) 
thrown [s\open\src\hotspot\share\classfile\systemDictionary.cpp, line 305]
Event: 89.346 Thread 0x00000186fb319ad0 Exception <a 'sun/nio/fs/WindowsException'{0x00000000ed4dc4a0}> (0x00000000ed4dc4a0) 
thrown [s\open\src\hotspot\share\prims\jni.cpp, line 519]
Event: 92.632 Thread 0x00000186fb319ad0 Implicit null exception at 0x00000186f0e48059 to 0x00000186f0e4807c
Event: 92.655 Thread 0x00000186fb317af0 Exception <a 'java/lang/NoSuchMethodError'{0x00000000ebf01fa0}: static Lorg/gradle/internal/build/event/types/DefaultFileDownloadDescriptor;.<clinit>()V> (0x00000000ebf01fa0) 
thrown [s\open\src\hotspot\share\prims\jni.cpp, line 1105]
Event: 92.762 Thread 0x00000186fb317af0 Exception <a 'java/lang/NoSuchMethodError'{0x00000000ebf0b560}: static Lorg/gradle/internal/build/event/types/DefaultStatusEvent;.<clinit>()V> (0x00000000ebf0b560) 
thrown [s\open\src\hotspot\share\prims\jni.cpp, line 1105]
Event: 92.763 Thread 0x00000186fb317af0 Exception <a 'java/lang/NoSuchMethodError'{0x00000000ebfc2c58}: static Lorg/gradle/internal/build/event/types/DefaultFileDownloadSuccessResult;.<clinit>()V> (0x00000000ebfc2c58) 
thrown [s\open\src\hotspot\share\prims\jni.cpp, line 1105]
Event: 99.531 Thread 0x00000186fb317af0 Exception <a 'java/lang/NoSuchMethodError'{0x00000000ea306340}: static Lorg/gradle/tooling/internal/provider/PhasedBuildActionResult;.<clinit>()V> (0x00000000ea306340) 
thrown [s\open\src\hotspot\share\prims\jni.cpp, line 1105]
Event: 99.532 Thread 0x00000186fb317af0 Exception <a 'java/lang/NoSuchMethodError'{0x00000000ea30e468}: static Lorg/gradle/tooling/internal/provider/serialization/SerializedPayload;.<clinit>()V> (0x00000000ea30e468) 
thrown [s\open\src\hotspot\share\prims\jni.cpp, line 1105]
Event: 99.676 Thread 0x00000186fb319ad0 Exception <a 'java/lang/NoSuchMethodError'{0x00000000ea2ec308}: 'int java.lang.invoke.DirectMethodHandle$Holder.invokeInterface(java.lang.Object, java.lang.Object, java.lang.Object, java.lang.Object)'> (0x00000000ea2ec308) 
thrown [s\open\src\hotspot\share\interpreter\linkResolver.cpp, line 773]
Event: 100.035 Thread 0x00000186fb317af0 Exception <a 'java/lang/NoSuchMethodError'{0x00000000e9ba32c0}: static Lorg/gradle/internal/build/event/types/DefaultTaskStartedProgressEvent;.<clinit>()V> (0x00000000e9ba32c0) 
thrown [s\open\src\hotspot\share\prims\jni.cpp, line 1105]
Event: 100.036 Thread 0x00000186fb317af0 Exception <a 'java/lang/NoSuchMethodError'{0x00000000e9bc6a28}: static Lorg/gradle/internal/build/event/types/DefaultTaskDescriptor;.<clinit>()V> (0x00000000e9bc6a28) 
thrown [s\open\src\hotspot\share\prims\jni.cpp, line 1105]
Event: 100.053 Thread 0x00000186fb317af0 Exception <a 'java/lang/NoSuchMethodError'{0x00000000e9be3e88}: static Lorg/gradle/internal/build/event/types/DefaultTaskFinishedProgressEvent;.<clinit>()V> (0x00000000e9be3e88) 
thrown [s\open\src\hotspot\share\prims\jni.cpp, line 1105]
Event: 100.054 Thread 0x00000186fb317af0 Exception <a 'java/lang/NoSuchMethodError'{0x00000000e9a0f5e8}: static Lorg/gradle/internal/build/event/types/DefaultTaskSuccessResult;.<clinit>()V> (0x00000000e9a0f5e8) 
thrown [s\open\src\hotspot\share\prims\jni.cpp, line 1105]
Event: 100.055 Thread 0x00000186fb317af0 Exception <a 'java/lang/NoSuchMethodError'{0x00000000e9a10750}: static Lorg/gradle/internal/build/event/types/AbstractTaskResult;.<clinit>()V> (0x00000000e9a10750) 
thrown [s\open\src\hotspot\share\prims\jni.cpp, line 1105]
Event: 102.717 Thread 0x00000186fb319ad0 Exception <a 'java/lang/NoSuchMethodError'{0x00000000e8a29fe0}: 'java.lang.Object java.lang.invoke.DirectMethodHandle$Holder.invokeVirtual(java.lang.Object, java.lang.Object, java.lang.Object, java.lang.Object, java.lang.Object, java.lang.Object, java.lang.Object, java.lang.Object, java.lang.Object, java.lang.Object, java.lang.Object, java.lang.Object, java.lang.Object, java.lang.Object, java.lang.Object, java.lang.Object)'> (0x00000000e8a29fe0) 
thrown [s\open\src\hotspot\share\interpreter\linkResolver.cp
Event: 102.737 Thread 0x00000186fb319ad0 Exception <a 'java/lang/NoSuchMethodError'{0x00000000e8917690}: 'java.lang.Object java.lang.invoke.DirectMethodHandle$Holder.newInvokeSpecial(java.lang.Object, java.lang.Object, java.lang.Object, java.lang.Object, java.lang.Object, java.lang.Object, java.lang.Object, java.lang.Object, java.lang.Object, java.lang.Object, java.lang.Object, java.lang.Object, java.lang.Object, java.lang.Object, java.lang.Object)'> (0x00000000e8917690) 
thrown [s\open\src\hotspot\share\interpreter\linkResolver.cpp, line 773]

VM Operations (20 events):
Event: 98.910 Executing VM operation: Cleanup
Event: 98.910 Executing VM operation: Cleanup done
Event: 99.659 Executing VM operation: HandshakeAllThreads
Event: 99.660 Executing VM operation: HandshakeAllThreads done
Event: 99.752 Executing VM operation: HandshakeAllThreads
Event: 99.753 Executing VM operation: HandshakeAllThreads done
Event: 99.958 Executing VM operation: HandshakeAllThreads
Event: 99.959 Executing VM operation: HandshakeAllThreads done
Event: 99.959 Executing VM operation: Cleanup
Event: 99.960 Executing VM operation: Cleanup done
Event: 99.967 Executing VM operation: HandshakeAllThreads
Event: 99.968 Executing VM operation: HandshakeAllThreads done
Event: 100.034 Executing VM operation: HandshakeAllThreads
Event: 100.034 Executing VM operation: HandshakeAllThreads done
Event: 100.044 Executing VM operation: HandshakeAllThreads
Event: 100.044 Executing VM operation: HandshakeAllThreads done
Event: 101.127 Executing VM operation: Cleanup
Event: 101.144 Executing VM operation: Cleanup done
Event: 102.191 Executing VM operation: Cleanup
Event: 102.318 Executing VM operation: Cleanup done

Events (20 events):
Event: 72.932 Thread 0x0000018696a91240 Thread added: 0x0000018696a91240
Event: 73.737 Thread 0x00000186fb31a020 Thread exited: 0x00000186fb31a020
Event: 77.023 Thread 0x0000018697bbf4c0 Thread added: 0x0000018697bbf4c0
Event: 77.588 Thread 0x0000018697bbf4c0 Thread exited: 0x0000018697bbf4c0
Event: 79.454 Thread 0x0000018697bc1090 Thread added: 0x0000018697bc1090
Event: 80.183 Thread 0x0000018697bc1090 Thread exited: 0x0000018697bc1090
Event: 83.114 Thread 0x0000018697bc1090 Thread added: 0x0000018697bc1090
Event: 83.372 Thread 0x0000018697bc1090 Thread exited: 0x0000018697bc1090
Event: 90.239 Thread 0x0000018697bc1090 Thread added: 0x0000018697bc1090
Event: 91.655 Thread 0x0000018697bc1090 Thread exited: 0x0000018697bc1090
Event: 91.770 Thread 0x0000018697bbf4c0 Thread added: 0x0000018697bbf4c0
Event: 92.017 Thread 0x0000018697bbf4c0 Thread exited: 0x0000018697bbf4c0
Event: 92.345 Thread 0x0000018697bc1620 Thread added: 0x0000018697bc1620
Event: 93.243 Thread 0x0000018697bc1620 Thread exited: 0x0000018697bc1620
Event: 99.760 Thread 0x0000018696a94210 Thread added: 0x0000018696a94210
Event: 99.791 Thread 0x0000018696a95200 Thread added: 0x0000018696a95200
Event: 99.791 Thread 0x0000018696a8dd20 Thread added: 0x0000018696a8dd20
Event: 99.791 Thread 0x0000018696a8e270 Thread added: 0x0000018696a8e270
Event: 99.887 Thread 0x00000186fb31a020 Thread added: 0x00000186fb31a020
Event: 102.799 Thread 0x0000018697bbf4c0 Thread added: 0x0000018697bbf4c0


Dynamic libraries:
0x00007ff6abae0000 - 0x00007ff6abaf0000 	C:\Program Files\Java\jdk-20\bin\java.exe
0x00007ffa2de10000 - 0x00007ffa2e024000 	C:\Windows\SYSTEM32\ntdll.dll
0x00007ffa2c910000 - 0x00007ffa2c9d4000 	C:\Windows\System32\KERNEL32.DLL
0x00007ffa2b450000 - 0x00007ffa2b7f4000 	C:\Windows\System32\KERNELBASE.dll
0x00007ffa2b990000 - 0x00007ffa2baa1000 	C:\Windows\System32\ucrtbase.dll
0x00007ffa0f020000 - 0x00007ffa0f039000 	C:\Program Files\Java\jdk-20\bin\jli.dll
0x00007ffa2c1c0000 - 0x00007ffa2c270000 	C:\Windows\System32\ADVAPI32.dll
0x00007ffa2c5c0000 - 0x00007ffa2c667000 	C:\Windows\System32\msvcrt.dll
0x00007ffa2c480000 - 0x00007ffa2c526000 	C:\Windows\System32\sechost.dll
0x00007ffa2ca50000 - 0x00007ffa2cb67000 	C:\Windows\System32\RPCRT4.dll
0x00007ffa2be70000 - 0x00007ffa2c01a000 	C:\Windows\System32\USER32.dll
0x00007ffa2b2b0000 - 0x00007ffa2b2d6000 	C:\Windows\System32\win32u.dll
0x00007ffa2d8f0000 - 0x00007ffa2d919000 	C:\Windows\System32\GDI32.dll
0x00007ffa2bab0000 - 0x00007ffa2bbc9000 	C:\Windows\System32\gdi32full.dll
0x00007ffa2b800000 - 0x00007ffa2b89a000 	C:\Windows\System32\msvcp_win.dll
0x00007ffa05e10000 - 0x00007ffa05e2b000 	C:\Program Files\Java\jdk-20\bin\VCRUNTIME140.dll
0x00007ffa0e890000 - 0x00007ffa0eb1f000 	C:\Windows\WinSxS\amd64_microsoft.windows.common-controls_6595b64144ccf1df_6.0.22621.2070_none_2713e6537381f706\COMCTL32.dll
0x00007ffa1bfb0000 - 0x00007ffa1bfba000 	C:\Windows\SYSTEM32\VERSION.dll
0x00007ffa2d810000 - 0x00007ffa2d841000 	C:\Windows\System32\IMM32.DLL
0x00007ff9ec3b0000 - 0x00007ff9ec9ef000 	C:\Program Files\McAfee\DLP\Agent\fcagpph64.dll
0x00007ffa2cff0000 - 0x00007ffa2d806000 	C:\Windows\System32\SHELL32.dll
0x00007ffa2c680000 - 0x00007ffa2c81c000 	C:\Windows\System32\ole32.dll
0x00007ffa2d920000 - 0x00007ffa2dcaa000 	C:\Windows\System32\combase.dll
0x00007ffa2c270000 - 0x00007ffa2c2ce000 	C:\Windows\System32\SHLWAPI.dll
0x00007ffa2d870000 - 0x00007ffa2d8e1000 	C:\Windows\System32\WS2_32.dll
0x00007ffa2bbd0000 - 0x00007ffa2bca7000 	C:\Windows\System32\OLEAUT32.dll
0x00007ffa1b150000 - 0x00007ffa1b1ef000 	C:\Windows\SYSTEM32\WINSPOOL.DRV
0x00007ffa2c2d0000 - 0x00007ffa2c3c3000 	C:\Windows\System32\shcore.dll
0x00007ffa2a4a0000 - 0x00007ffa2a4e2000 	C:\Windows\SYSTEM32\SspiCli.dll
0x00007ffa2a260000 - 0x00007ffa2a294000 	C:\Windows\SYSTEM32\ntmarta.dll
0x00007ff9e8170000 - 0x00007ff9e8603000 	C:\Program Files\McAfee\DLP\Agent\fcagafa64.dll
0x00000186e07a0000 - 0x00000186e07b4000 	C:\Windows\System32\umppc17212.dll
0x00007ffa122d0000 - 0x00007ffa122dc000 	C:\Program Files\Java\jdk-20\bin\vcruntime140_1.dll
0x00007ff9f9b60000 - 0x00007ff9f9bee000 	C:\Program Files\Java\jdk-20\bin\msvcp140.dll
0x00007ff9994c0000 - 0x00007ff99a158000 	C:\Program Files\Java\jdk-20\bin\server\jvm.dll
0x00007ffa147e0000 - 0x00007ffa147e9000 	C:\Windows\SYSTEM32\WSOCK32.dll
0x00007ffa1c3e0000 - 0x00007ffa1c414000 	C:\Windows\SYSTEM32\WINMM.dll
0x00007ffa2a100000 - 0x00007ffa2a118000 	C:\Windows\SYSTEM32\kernel.appcore.dll
0x00007ffa0f010000 - 0x00007ffa0f01a000 	C:\Program Files\Java\jdk-20\bin\jimage.dll
0x00007ffa16af0000 - 0x00007ffa16d1e000 	C:\Windows\SYSTEM32\DBGHELP.DLL
0x00007ffa16ab0000 - 0x00007ffa16ae2000 	C:\Windows\SYSTEM32\dbgcore.DLL
0x00000186e07e0000 - 0x00000186e085a000 	C:\Windows\System32\bcryptPrimitives.dll
0x00007ffa04c40000 - 0x00007ffa04c4e000 	C:\Program Files\Java\jdk-20\bin\instrument.dll
0x00007ffa05da0000 - 0x00007ffa05dc6000 	C:\Program Files\Java\jdk-20\bin\java.dll
0x00007ff9a16e0000 - 0x00007ff9a17b7000 	C:\Program Files\Java\jdk-20\bin\jsvml.dll
0x0000018694400000 - 0x0000018694cea000 	C:\Windows\SYSTEM32\windows.storage.dll
0x00007ffa25200000 - 0x00007ffa2533e000 	C:\Windows\SYSTEM32\wintypes.dll
0x00007ffa2b120000 - 0x00007ffa2b146000 	C:\Windows\SYSTEM32\profapi.dll
0x00007ffa00480000 - 0x00007ffa00498000 	C:\Program Files\Java\jdk-20\bin\zip.dll
0x00007ffa05d80000 - 0x00007ffa05d93000 	C:\Program Files\Java\jdk-20\bin\net.dll
0x00007ffa2a120000 - 0x00007ffa2a257000 	C:\Windows\SYSTEM32\WINHTTP.dll
0x00007ffa2a6b0000 - 0x00007ffa2a719000 	C:\Windows\system32\mswsock.dll
0x00007ffa004a0000 - 0x00007ffa004b6000 	C:\Program Files\Java\jdk-20\bin\nio.dll
0x00007ffa07700000 - 0x00007ffa07710000 	C:\Program Files\Java\jdk-20\bin\verify.dll
0x00007ff9f57f0000 - 0x00007ff9f5817000 	C:\Users\vineet_jain1\.gradle\native\68d5fa5c4cc2d200863cafc0d521ce42e7d3e7ee720ec0a83991735586a16f82\windows-amd64\native-platform.dll
0x00007ff998f60000 - 0x00007ff9990a4000 	C:\Users\vineet_jain1\.gradle\native\e376f236ea51e6404a007f0833ffe2c6e607c4080706a723a18a27aeea778392\windows-amd64\native-platform-file-events.dll
0x00007ffa05ad0000 - 0x00007ffa05ada000 	C:\Program Files\Java\jdk-20\bin\management.dll
0x00007ffa04d20000 - 0x00007ffa04d2b000 	C:\Program Files\Java\jdk-20\bin\management_ext.dll
0x00007ffa2dcb0000 - 0x00007ffa2dcb8000 	C:\Windows\System32\PSAPI.DLL
0x00007ffa2a980000 - 0x00007ffa2a99b000 	C:\Windows\SYSTEM32\CRYPTSP.dll
0x00007ffa2a070000 - 0x00007ffa2a0a5000 	C:\Windows\system32\rsaenh.dll
0x00007ffa2a750000 - 0x00007ffa2a77c000 	C:\Windows\SYSTEM32\USERENV.dll
0x00007ffa2aaa0000 - 0x00007ffa2aac8000 	C:\Windows\SYSTEM32\bcrypt.dll
0x00007ffa2a960000 - 0x00007ffa2a96c000 	C:\Windows\SYSTEM32\CRYPTBASE.dll
0x00007ffa29a40000 - 0x00007ffa29a6d000 	C:\Windows\SYSTEM32\IPHLPAPI.DLL
0x00007ffa2c880000 - 0x00007ffa2c889000 	C:\Windows\System32\NSI.dll
0x00007ffa21380000 - 0x00007ffa21399000 	C:\Windows\SYSTEM32\dhcpcsvc6.DLL
0x00007ffa21320000 - 0x00007ffa2133f000 	C:\Windows\SYSTEM32\dhcpcsvc.DLL
0x00007ffa29a70000 - 0x00007ffa29b63000 	C:\Windows\SYSTEM32\DNSAPI.dll
0x00007ffa04c70000 - 0x00007ffa04c77000 	C:\Program Files\Java\jdk-20\bin\extnet.dll
0x00007ffa00ca0000 - 0x00007ffa00cae000 	C:\Program Files\Java\jdk-20\bin\sunmscapi.dll
0x00007ffa2b2e0000 - 0x00007ffa2b447000 	C:\Windows\System32\CRYPT32.dll
0x00007ffa2aa70000 - 0x00007ffa2aa9e000 	C:\Windows\SYSTEM32\ncrypt.dll
0x00007ffa2aa30000 - 0x00007ffa2aa67000 	C:\Windows\SYSTEM32\NTASN1.dll
0x00007ffa00470000 - 0x00007ffa00478000 	C:\Windows\system32\wshunix.dll
0x00007ffa20a00000 - 0x00007ffa20a0a000 	C:\Windows\System32\rasadhlp.dll
0x00007ffa21450000 - 0x00007ffa214d4000 	C:\Windows\System32\fwpuclnt.dll

dbghelp: loaded successfully - version: 4.0.5 - missing functions: none
symbol engine: initialized successfully - sym options: 0x614 - pdb path: .;C:\Program Files\Java\jdk-20\bin;C:\Windows\SYSTEM32;C:\Windows\WinSxS\amd64_microsoft.windows.common-controls_6595b64144ccf1df_6.0.22621.2070_none_2713e6537381f706;C:\Program Files\McAfee\DLP\Agent;C:\Program Files\Java\jdk-20\bin\server;C:\Users\vineet_jain1\.gradle\native\68d5fa5c4cc2d200863cafc0d521ce42e7d3e7ee720ec0a83991735586a16f82\windows-amd64;C:\Users\vineet_jain1\.gradle\native\e376f236ea51e6404a007f0833ffe2c6e607c4080706a723a18a27aeea778392\windows-amd64

VM Arguments:
jvm_args: --add-opens=java.base/java.util=ALL-UNNAMED --add-opens=java.base/java.lang=ALL-UNNAMED --add-opens=java.base/java.lang.invoke=ALL-UNNAMED --add-opens=java.prefs/java.util.prefs=ALL-UNNAMED --add-opens=java.base/java.nio.charset=ALL-UNNAMED --add-opens=java.base/java.net=ALL-UNNAMED --add-opens=java.base/java.util.concurrent.atomic=ALL-UNNAMED -XX:MaxMetaspaceSize=384m -XX:+HeapDumpOnOutOfMemoryError -Xms256m -Xmx512m -Dfile.encoding=utf8 -Duser.country=US -Duser.language=en -Duser.variant -javaagent:C:\Users\vineet_jain1\.gradle\wrapper\dists\gradle-8.3-bin\dxjbbhstwasg8cbags9q7cvli\gradle-8.3\lib\agents\gradle-instrumentation-agent-8.3.jar 
java_command: org.gradle.launcher.daemon.bootstrap.GradleDaemon 8.3
java_class_path (initial): C:\Users\vineet_jain1\.gradle\wrapper\dists\gradle-8.3-bin\dxjbbhstwasg8cbags9q7cvli\gradle-8.3\lib\gradle-launcher-8.3.jar
Launcher Type: SUN_STANDARD

[Global flags]
     intx CICompilerCount                          = 3                                         {product} {ergonomic}
   size_t CompressedClassSpaceSize                 = 322961408                                 {product} {ergonomic}
     uint ConcGCThreads                            = 1                                         {product} {ergonomic}
     uint G1ConcRefinementThreads                  = 4                                         {product} {ergonomic}
   size_t G1HeapRegionSize                         = 1048576                                   {product} {ergonomic}
    uintx GCDrainStackTargetSize                   = 64                                        {product} {ergonomic}
     bool HeapDumpOnOutOfMemoryError               = true                                   {manageable} {command line}
   size_t InitialHeapSize                          = 268435456                                 {product} {command line}
   size_t MarkStackSize                            = 4194304                                   {product} {ergonomic}
   size_t MaxHeapSize                              = 536870912                                 {product} {command line}
   size_t MaxMetaspaceSize                         = 402653184                                 {product} {command line}
   size_t MaxNewSize                               = 321912832                                 {product} {ergonomic}
   size_t MinHeapDeltaBytes                        = 1048576                                   {product} {ergonomic}
   size_t MinHeapSize                              = 268435456                                 {product} {command line}
    uintx NonNMethodCodeHeapSize                   = 5832780                                {pd product} {ergonomic}
    uintx NonProfiledCodeHeapSize                  = 122912730                              {pd product} {ergonomic}
    uintx ProfiledCodeHeapSize                     = 122912730                              {pd product} {ergonomic}
    uintx ReservedCodeCacheSize                    = 251658240                              {pd product} {ergonomic}
     bool SegmentedCodeCache                       = true                                      {product} {ergonomic}
   size_t SoftMaxHeapSize                          = 536870912                              {manageable} {ergonomic}
     bool UseCompressedClassPointers               = true                           {product lp64_product} {ergonomic}
     bool UseCompressedOops                        = true                           {product lp64_product} {ergonomic}
     bool UseG1GC                                  = true                                      {product} {ergonomic}
     bool UseLargePagesIndividualAllocation        = false                                  {pd product} {ergonomic}

Logging:
Log output configuration:
 #0: stdout all=warning uptime,level,tags foldmultilines=false
 #1: stderr all=off uptime,level,tags foldmultilines=false

Environment Variables:
PATH=C:\Program Files\Python311\Scripts\;C:\Program Files\Python311\;C:\Program Files\Common Files\Oracle\Java\javapath;C:\Windows\system32;C:\Windows;C:\Windows\System32\Wbem;C:\Windows\System32\WindowsPowerShell\v1.0\;C:\Windows\System32\OpenSSH\;C:\Program Files\Microsoft VS Code\bin;C:\Program Files\nodejs\;C:\Program Files\dotnet\;C:\Program Files\Git\cmd;C:\Users\vineet_jain1\AppData\Local\Microsoft\WindowsApps;
USERNAME=vineet_jain1
OS=Windows_NT
PROCESSOR_IDENTIFIER=Intel64 Family 6 Model 106 Stepping 6, GenuineIntel
TMP=C:\Users\LOCAL_~4\Temp
TEMP=C:\Users\LOCAL_~4\Temp




---------------  S Y S T E M  ---------------

OS:
 Windows Server 2022 , 64 bit Build 22621 (10.0.22621.2070)
OS uptime: 0 days 2:13 hours
Hyper-V virtualization detected

CPU: total 4 (initial active 4) (2 cores per cpu, 2 threads per core) family 6 model 106 stepping 6 microcode 0xffffffff, cx8, cmov, fxsr, ht, mmx, 3dnowpref, sse, sse2, sse3, ssse3, sse4.1, sse4.2, popcnt, lzcnt, tsc, tscinvbit, avx, avx2, aes, erms, clmul, bmi1, bmi2, rtm, adx, avx512f, avx512dq, avx512cd, avx512bw, avx512vl, sha, fma, vzeroupper, avx512_vpopcntdq, avx512_vpclmulqdq, avx512_vaes, avx512_vnni, clflush, clflushopt, clwb, avx512_vbmi2, avx512_vbmi, hv, rdtscp, rdpid, fsrm, gfni, avx512_bitalg, f16c, avx512_ifma

Memory: 4k page, system-wide physical 16382M (660M free)
TotalPageFile size 32568M (AvailPageFile size 9M)
current process WorkingSet (physical memory assigned to process): 439M, peak: 442M
current process commit charge ("private bytes"): 521M, peak: 524M

vm_info: Java HotSpot(TM) 64-Bit Server VM (20.0.2+9-78) for windows-amd64 JRE (20.0.2+9-78), built on 2023-06-14T10:08:48Z by "mach5one" with MS VC++ 17.1 (VS2022)

END.
