#
# There is insufficient memory for the Java Runtime Environment to continue.
# Native memory allocation (mmap) failed to map 65536 bytes for Failed to commit metaspace.
# Possible reasons:
#   The system is out of physical RAM or swap space
#   The process is running with CompressedOops enabled, and the Java Heap may be blocking the growth of the native heap
# Possible solutions:
#   Reduce memory load on the system
#   Increase physical memory or swap space
#   Check if swap backing store is full
#   Decrease Java heap size (-Xmx/-Xms)
#   Decrease number of Java threads
#   Decrease Java thread stack sizes (-Xss)
#   Set larger code cache with -XX:ReservedCodeCacheSize=
#   JVM is running with Zero Based Compressed Oops mode in which the Java heap is
#     placed in the first 32GB address space. The Java Heap base address is the
#     maximum limit for the native heap growth. Please use -XX:HeapBaseMinAddress
#     to set the Java Heap base and to place the Java Heap above 32GB virtual address.
# This output file may be truncated or incomplete.
#
#  Out of Memory Error (virtualSpaceNode.cpp:110), pid=51856, tid=4500
#
# JRE version: Java(TM) SE Runtime Environment (20.0.2+9) (build 20.0.2+9-78)
# Java VM: Java HotSpot(TM) 64-Bit Server VM (20.0.2+9-78, mixed mode, emulated-client, sharing, tiered, compressed oops, compressed class ptrs, g1 gc, windows-amd64)
# Core dump will be written. Default location: C:\Users\vineet_jain1\gs-serving-web-content\complete\hs_err_pid51856.mdmp
#

---------------  S U M M A R Y ------------

Command Line: -XX:TieredStopAtLevel=1 -Dfile.encoding=UTF-8 -Duser.country=US -Duser.language=en -Duser.variant com.example.servingwebcontent.ServingWebContentApplication

Host: Intel(R) Xeon(R) Platinum 8370C CPU @ 2.80GHz, 4 cores, 15G,  Windows Server 2022 , 64 bit Build 22621 (10.0.22621.2070)
Time: Sun Sep 17 14:30:08 2023 India Standard Time elapsed time: 1.118289 seconds (0d 0h 0m 1s)

---------------  T H R E A D  ---------------

Current thread (0x000001f8e6ca4e10):  JavaThread "main" [_thread_in_vm, id=4500, stack(0x0000001a14d00000,0x0000001a14e00000)]

Stack: [0x0000001a14d00000,0x0000001a14e00000]
Native frames: (J=compiled Java code, j=interpreted, Vv=VM code, C=native code)
V  [jvm.dll+0x6bc25a]
V  [jvm.dll+0x84971a]
V  [jvm.dll+0x84b315]
V  [jvm.dll+0x84ba13]
V  [jvm.dll+0x280e4f]
V  [jvm.dll+0x84565b]
V  [jvm.dll+0x660616]
V  [jvm.dll+0x1eb7b7]
V  [jvm.dll+0x663032]
V  [jvm.dll+0x662e1e]
V  [jvm.dll+0x66102e]
V  [jvm.dll+0x26de67]
V  [jvm.dll+0x21748f]
V  [jvm.dll+0x21c1a0]
V  [jvm.dll+0x211a50]
V  [jvm.dll+0x59c7cc]
V  [jvm.dll+0x7c42a3]
V  [jvm.dll+0x7c4384]
V  [jvm.dll+0x46ca64]
V  [jvm.dll+0x471fc8]
C  [java.dll+0x17ec]

Java frames: (J=compiled Java code, j=interpreted, Vv=VM code)
j  java.lang.ClassLoader.defineClass1(Ljava/lang/ClassLoader;Ljava/lang/String;[BIILjava/security/ProtectionDomain;Ljava/lang/String;)Ljava/lang/Class;+0 java.base@20.0.2
j  java.lang.ClassLoader.defineClass(Ljava/lang/String;[BIILjava/security/ProtectionDomain;)Ljava/lang/Class;+27 java.base@20.0.2
j  java.security.SecureClassLoader.defineClass(Ljava/lang/String;[BIILjava/security/CodeSource;)Ljava/lang/Class;+12 java.base@20.0.2
j  jdk.internal.loader.BuiltinClassLoader.defineClass(Ljava/lang/String;Ljdk/internal/loader/Resource;)Ljava/lang/Class;+117 java.base@20.0.2
J 711 c1 jdk.internal.loader.BuiltinClassLoader.findClassOnClassPathOrNull(Ljava/lang/String;)Ljava/lang/Class; java.base@20.0.2 (64 bytes) @ 0x000001f8ef0629fc [0x000001f8ef062740+0x00000000000002bc]
J 464 c1 jdk.internal.loader.BuiltinClassLoader.loadClassOrNull(Ljava/lang/String;Z)Ljava/lang/Class; java.base@20.0.2 (143 bytes) @ 0x000001f8eeff8bac [0x000001f8eeff87c0+0x00000000000003ec]
J 535 c1 jdk.internal.loader.ClassLoaders$AppClassLoader.loadClass(Ljava/lang/String;Z)Ljava/lang/Class; java.base@20.0.2 (40 bytes) @ 0x000001f8ef0247ec [0x000001f8ef0247a0+0x000000000000004c]
J 534 c1 java.lang.ClassLoader.loadClass(Ljava/lang/String;)Ljava/lang/Class; java.base@20.0.2 (7 bytes) @ 0x000001f8ef0244f4 [0x000001f8ef0244a0+0x0000000000000054]
v  ~StubRoutines::call_stub 0x000001f8eece10e7
j  java.lang.Class.forName0(Ljava/lang/String;ZLjava/lang/ClassLoader;Ljava/lang/Class;)Ljava/lang/Class;+0 java.base@20.0.2
j  java.lang.Class.forName(Ljava/lang/String;ZLjava/lang/ClassLoader;Ljava/lang/Class;)Ljava/lang/Class;+37 java.base@20.0.2
j  java.lang.Class.forName(Ljava/lang/String;ZLjava/lang/ClassLoader;)Ljava/lang/Class;+20 java.base@20.0.2
j  org.springframework.util.ClassUtils.forName(Ljava/lang/String;Ljava/lang/ClassLoader;)Ljava/lang/Class;+176
j  org.springframework.core.io.support.SpringFactoriesLoader.instantiateFactory(Ljava/lang/String;Ljava/lang/Class;Lorg/springframework/core/io/support/SpringFactoriesLoader$ArgumentResolver;Lorg/springframework/core/io/support/SpringFactoriesLoader$FailureHandler;)Ljava/lang/Object;+5
j  org.springframework.core.io.support.SpringFactoriesLoader.load(Ljava/lang/Class;Lorg/springframework/core/io/support/SpringFactoriesLoader$ArgumentResolver;Lorg/springframework/core/io/support/SpringFactoriesLoader$FailureHandler;)Ljava/util/List;+99
j  org.springframework.core.io.support.SpringFactoriesLoader.load(Ljava/lang/Class;Lorg/springframework/core/io/support/SpringFactoriesLoader$ArgumentResolver;)Ljava/util/List;+4
j  org.springframework.boot.SpringApplication.getSpringFactoriesInstances(Ljava/lang/Class;Lorg/springframework/core/io/support/SpringFactoriesLoader$ArgumentResolver;)Ljava/util/List;+9
j  org.springframework.boot.SpringApplication.getSpringFactoriesInstances(Ljava/lang/Class;)Ljava/util/List;+3
j  org.springframework.boot.SpringApplication.<init>(Lorg/springframework/core/io/ResourceLoader;[Ljava/lang/Class;)V+142
j  org.springframework.boot.SpringApplication.<init>([Ljava/lang/Class;)V+3
j  org.springframework.boot.SpringApplication.run([Ljava/lang/Class;[Ljava/lang/String;)Lorg/springframework/context/ConfigurableApplicationContext;+5
j  org.springframework.boot.SpringApplication.run(Ljava/lang/Class;[Ljava/lang/String;)Lorg/springframework/context/ConfigurableApplicationContext;+9
j  com.example.servingwebcontent.ServingWebContentApplication.main([Ljava/lang/String;)V+3
v  ~StubRoutines::call_stub 0x000001f8eece10e7

Compiled method (c1)    1162  711   !   1       jdk.internal.loader.BuiltinClassLoader::findClassOnClassPathOrNull (64 bytes)
 total in heap  [0x000001f8ef062510,0x000001f8ef0630b0] = 2976
 relocation     [0x000001f8ef062658,0x000001f8ef062730] = 216
 main code      [0x000001f8ef062740,0x000001f8ef062c90] = 1360
 stub code      [0x000001f8ef062c90,0x000001f8ef062d40] = 176
 oops           [0x000001f8ef062d40,0x000001f8ef062d48] = 8
 metadata       [0x000001f8ef062d48,0x000001f8ef062d88] = 64
 scopes data    [0x000001f8ef062d88,0x000001f8ef062ef0] = 360
 scopes pcs     [0x000001f8ef062ef0,0x000001f8ef063060] = 368
 dependencies   [0x000001f8ef063060,0x000001f8ef063068] = 8
 handler table  [0x000001f8ef063068,0x000001f8ef063080] = 24
 nul chk table  [0x000001f8ef063080,0x000001f8ef0630b0] = 48

[Constant Pool (empty)]

[MachCode]
[Entry Point]
  # {method} {0x000001f880069ec8} 'findClassOnClassPathOrNull' '(Ljava/lang/String;)Ljava/lang/Class;' in 'jdk/internal/loader/BuiltinClassLoader'
  # this:     rdx:rdx   = 'jdk/internal/loader/BuiltinClassLoader'
  # parm0:    r8:r8     = 'java/lang/String'
  #           [sp+0x120]  (sp of caller)
  0x000001f8ef062740: 448b 5208 | 49bb 0000 | 0080 f801 | 0000 4d03 | d34c 3bd0 

  0x000001f8ef062754: ;   {runtime_call ic_miss_stub}
  0x000001f8ef062754: 0f85 a61d | ceff 660f | 1f44 0000 
[Verified Entry Point]
  0x000001f8ef062760: 8984 2400 | 80ff ff55 | 4881 ec10 | 0100 0090 | 4181 7f20 | 0100 0000 

  0x000001f8ef062778: ;   {runtime_call StubRoutines (2)}
  0x000001f8ef062778: 7405 e8c1 | bdcc ff48 | 8994 24c0 | 0000 004c | 8984 24c8 | 0000 0049 | 3b00 498b | f041 b82e 
  0x000001f8ef062798: 0000 0041 | b92f 0000 | 0048 8bd6 

  0x000001f8ef0627a4: ;   {optimized virtual_call}
  0x000001f8ef0627a4: 6666 90e8 

  0x000001f8ef0627a8: ; ImmutableOopMap {[192]=Oop [200]=Oop }
                      ;*invokevirtual replace {reexecute=0 rethrow=0 return_oop=0}
                      ; - jdk.internal.loader.BuiltinClassLoader::findClassOnClassPathOrNull@5 (line 755)
  0x000001f8ef0627a8: 946e f2ff 

  0x000001f8ef0627ac: ; implicit exception: dispatches to 0x000001f8ef062be6
  0x000001f8ef0627ac: 483b 0048 | 83f8 000f | 8419 0000 | 0048 83f8 | 000f 850a 

  0x000001f8ef0627c0: ;   {oop("null"{0x000000070fe07eb0})}
  0x000001f8ef0627c0: 0000 0048 | b8b0 7ee0 | 0f07 0000 | 00e9 0a00 

  0x000001f8ef0627d0: ;   {oop("null"{0x000000070fe07eb0})}
  0x000001f8ef0627d0: 0000 48b8 | b07e e00f | 0700 0000 

  0x000001f8ef0627dc: ; implicit exception: dispatches to 0x000001f8ef062beb
  0x000001f8ef0627dc: 8b50 1448 | c1e2 038b | 720c 83fe | 00ba 0000 | 0000 0f85 | 0500 0000 | ba01 0000 | 0083 e201 
  0x000001f8ef0627fc: 83fa 000f | 847c 0000 

  0x000001f8ef062804: ;   {metadata('java/lang/String')}
  0x000001f8ef062804: 0048 ba30 | eb00 80f8 | 0100 0049 | 8b87 f800 | 0000 488d | 7818 493b | bf08 0100 | 000f 87ce 
  0x000001f8ef062824: 0300 0049 | 89bf f800 | 0000 48c7 | 0001 0000 | 0048 8bca | 49ba 0000 | 0080 f801 | 0000 492b 
  0x000001f8ef062844: ca89 4808 | 4833 c989 | 480c 4833 | c948 8948 

  0x000001f8ef062854: ;   {oop(".class"{0x000000070ff1c160})}
  0x000001f8ef062854: 1049 b860 | c1f1 0f07 | 0000 0048 | 8bd0 4889 | 8424 d000 | 0000 0f1f 

  0x000001f8ef06286c: ;   {optimized virtual_call}
  0x000001f8ef06286c: 4400 00e8 

  0x000001f8ef062870: ; ImmutableOopMap {[192]=Oop [200]=Oop [208]=Oop }
                      ;*invokespecial <init> {reexecute=0 rethrow=0 return_oop=0}
                      ; - java.lang.StringConcatHelper::simpleConcat@22 (line 355)
                      ; - java.lang.String::concat@11 (line 2785)
                      ; - jdk.internal.loader.BuiltinClassLoader::findClassOnClassPathOrNull@10 (line 755)
  0x000001f8ef062870: 8c21 ceff | 488b 8424 | d000 0000 | e92b 0100 | 000f be48 | 10c1 e118 | 4c8b c141 | c1f8 1849 
  0x000001f8ef062890: 8bc8 d3fe | 4863 f641 | 83f8 010f | 850d 0000 | 0049 ba00 | 0000 0001 | 0000 0049 | 0bf2 8bce 
  0x000001f8ef0628b0: 83f9 000f | 8ca0 0200 | 0049 ba06 | 0000 0000 | 0000 0049 | 03f2 4889 | b424 d800 | 0000 448b 
  0x000001f8ef0628d0: c641 83f8 | 000f 8cf6 | 0100 00b9 | 2000 0000 | 4c8b ce49 | d3f9 458b | c945 0fbe | c949 8bc9 
  0x000001f8ef0628f0: 4d8b c841 | d3e1 4183 | f900 4889 | 8424 e000 | 0000 0f8c | 4501 0000 

  0x000001f8ef062908: ;   {oop(a 'java/lang/Class'{0x000000070fe003e0} = byte)}
  0x000001f8ef062908: 49b8 e003 | e00f 0700 

  0x000001f8ef062910: ;   {oop(a 'jdk/internal/misc/Unsafe'{0x000000070fe0f7f0})}
  0x000001f8ef062910: 0000 48ba | f0f7 e00f | 0700 0000 

  0x000001f8ef06291c: ;   {optimized virtual_call}
  0x000001f8ef06291c: 6666 90e8 

  0x000001f8ef062920: ; ImmutableOopMap {[192]=Oop [200]=Oop [224]=Oop }
                      ;*invokevirtual allocateUninitializedArray {reexecute=0 rethrow=0 return_oop=0}
                      ; - java.lang.StringConcatHelper::newArray@33 (line 441)
                      ; - java.lang.StringConcatHelper::simpleConcat@61 (line 365)
                      ; - java.lang.String::concat@11 (line 2785)
                      ; - jdk.internal.loader.BuiltinClassLoader::findClassOnClassPathOrNull@10 (line 755)
  0x000001f8ef062920: 3c89 f0ff | 4883 f800 | 0f84 2a00 

  0x000001f8ef06292c: ;   {metadata({type array byte})}
  0x000001f8ef06292c: 0000 49b9 | 5822 0080 | f801 0000 | 448b 4008 | 49ba 0000 | 0080 f801 | 0000 4d03 | c24d 3b48 
  0x000001f8ef06294c: 380f 85af | 0200 00e9 | 0000 0000 

  0x000001f8ef062958: ;   {oop(".class"{0x000000070ff1c160})}
  0x000001f8ef062958: 488b f049 | b960 c1f1 | 0f07 0000 | 0048 8b94 | 24d8 0000 | 004c 8bc6 | 4889 b424 | e800 0000 
  0x000001f8ef062978: 0f1f 8000 

  0x000001f8ef06297c: ;   {static_call}
  0x000001f8ef06297c: 0000 00e8 

  0x000001f8ef062980: ; ImmutableOopMap {[192]=Oop [200]=Oop [224]=Oop [232]=Oop }
                      ;*invokestatic prepend {reexecute=0 rethrow=0 return_oop=0}
                      ; - java.lang.StringConcatHelper::simpleConcat@71 (line 368)
                      ; - java.lang.String::concat@11 (line 2785)
                      ; - jdk.internal.loader.BuiltinClassLoader::findClassOnClassPathOrNull@10 (line 755)
  0x000001f8ef062980: 1c5a f0ff | 488b d04c | 8b84 24e8 | 0000 004c | 8b8c 24e0 

  0x000001f8ef062994: ;   {static_call}
  0x000001f8ef062994: 0000 00e8 

  0x000001f8ef062998: ; ImmutableOopMap {[192]=Oop [200]=Oop [232]=Oop }
                      ;*invokestatic prepend {reexecute=0 rethrow=0 return_oop=0}
                      ; - java.lang.StringConcatHelper::simpleConcat@81 (line 369)
                      ; - java.lang.String::concat@11 (line 2785)
                      ; - jdk.internal.loader.BuiltinClassLoader::findClassOnClassPathOrNull@10 (line 755)
  0x000001f8ef062998: 045a f0ff | 488b 9424 | e800 0000 

  0x000001f8ef0629a4: ;   {static_call}
  0x000001f8ef0629a4: 4c8b c0e8 

  0x000001f8ef0629a8: ; ImmutableOopMap {[192]=Oop [200]=Oop }
                      ;*invokestatic newString {reexecute=0 rethrow=0 return_oop=0}
                      ; - java.lang.StringConcatHelper::simpleConcat@90 (line 370)
                      ; - java.lang.String::concat@11 (line 2785)
                      ; - jdk.internal.loader.BuiltinClassLoader::findClassOnClassPathOrNull@10 (line 755)
  0x000001f8ef0629a8: d44b f4ff | 488b 9424 | c000 0000 | 8b72 5848 | c1e6 0348 | 3b06 4c8b | c041 b900 | 0000 0048 
  0x000001f8ef0629c8: 8bd6 0f1f 

  0x000001f8ef0629cc: ;   {optimized virtual_call}
  0x000001f8ef0629cc: 4400 00e8 

  0x000001f8ef0629d0: ; ImmutableOopMap {[192]=Oop [200]=Oop }
                      ;*invokevirtual getResource {reexecute=0 rethrow=0 return_oop=0}
                      ; - jdk.internal.loader.BuiltinClassLoader::findClassOnClassPathOrNull@26 (line 757)
  0x000001f8ef0629d0: 8c52 f9ff | 4883 f800 | 0f84 4f00 | 0000 4c8b | 8424 c800 | 0000 4c8b | c848 8b94 | 24c0 0000 
  0x000001f8ef0629f0: 0066 0f1f 

  0x000001f8ef0629f4: ;   {optimized virtual_call}
  0x000001f8ef0629f4: 4400 00e8 

  0x000001f8ef0629f8: ; ImmutableOopMap {}
                      ;*invokevirtual defineClass {reexecute=0 rethrow=0 return_oop=0}
                      ; - jdk.internal.loader.BuiltinClassLoader::findClassOnClassPathOrNull@37 (line 760)
  0x000001f8ef0629f8: 1503 0000 | 4881 c410 | 0100 005d 

  0x000001f8ef062a04: ;   {poll_return}
  0x000001f8ef062a04: 493b a778 | 0300 000f | 87ff 0100 | 00c3 498b | 8728 0400 | 004d 33d2 | 4d89 9728 | 0400 004d 
  0x000001f8ef062a24: 33d2 4d89 | 9730 0400 

  0x000001f8ef062a2c: ;   {oop(NULL)}
  0x000001f8ef062a2c: 0048 b800 | 0000 0000 | 0000 0048 | 81c4 1001 

  0x000001f8ef062a3c: ;   {poll_return}
  0x000001f8ef062a3c: 0000 5d49 | 3ba7 7803 | 0000 0f87 | da01 0000 

  0x000001f8ef062a4c: ;   {metadata('java/lang/OutOfMemoryError')}
  0x000001f8ef062a4c: c348 ba50 | 3e02 80f8 | 0100 0049 | 8b87 f800 | 0000 488d | 7828 493b | bf08 0100 | 000f 87cd 
  0x000001f8ef062a6c: 0100 0049 | 89bf f800 | 0000 48c7 | 0001 0000 | 0048 8bca | 49ba 0000 | 0080 f801 | 0000 492b 
  0x000001f8ef062a8c: ca89 4808 | 4833 c989 | 480c 4833 | c948 8948 | 1048 8948 | 1848 8948 

  0x000001f8ef062aa4: ;   {oop("Overflow: String length out of range"{0x000000070feb8708})}
  0x000001f8ef062aa4: 2049 b808 | 87eb 0f07 | 0000 0048 | 8bd0 4889 | 8424 f000 | 0000 0f1f 

  0x000001f8ef062abc: ;   {optimized virtual_call}
  0x000001f8ef062abc: 4400 00e8 

  0x000001f8ef062ac0: ; ImmutableOopMap {[192]=Oop [200]=Oop [224]=Oop [240]=Oop }
                      ;*invokespecial <init> {reexecute=0 rethrow=0 return_oop=0}
                      ; - java.lang.StringConcatHelper::newArray@22 (line 439)
                      ; - java.lang.StringConcatHelper::simpleConcat@61 (line 365)
                      ; - java.lang.String::concat@11 (line 2785)
                      ; - jdk.internal.loader.BuiltinClassLoader::findClassOnClassPathOrNull@10 (line 755)
  0x000001f8ef062ac0: 3c1f ceff | 488b 8424 | f000 0000 | e9af 0100 | 0048 8984 | 24e0 0000 

  0x000001f8ef062ad8: ;   {metadata('java/lang/OutOfMemoryError')}
  0x000001f8ef062ad8: 0048 ba50 | 3e02 80f8 | 0100 0049 | 8b87 f800 | 0000 488d | 7828 493b | bf08 0100 | 000f 874e 
  0x000001f8ef062af8: 0100 0049 | 89bf f800 | 0000 48c7 | 0001 0000 | 0048 8bca | 49ba 0000 | 0080 f801 | 0000 492b 
  0x000001f8ef062b18: ca89 4808 | 4833 c989 | 480c 4833 | c948 8948 | 1048 8948 | 1848 8948 

  0x000001f8ef062b30: ;   {oop("Overflow: String length out of range"{0x000000070feb8708})}
  0x000001f8ef062b30: 2049 b808 | 87eb 0f07 | 0000 0048 | 8bd0 4889 | 8424 f800 

  0x000001f8ef062b44: ;   {optimized virtual_call}
  0x000001f8ef062b44: 0000 90e8 

  0x000001f8ef062b48: ; ImmutableOopMap {[192]=Oop [200]=Oop [224]=Oop [248]=Oop }
                      ;*invokespecial <init> {reexecute=0 rethrow=0 return_oop=0}
                      ; - java.lang.StringConcatHelper::checkOverflow@13 (line 57)
                      ; - java.lang.StringConcatHelper::mix@23 (line 116)
                      ; - java.lang.StringConcatHelper::simpleConcat@54 (line 364)
                      ; - java.lang.String::concat@11 (line 2785)
                      ; - jdk.internal.loader.BuiltinClassLoader::findClassOnClassPathOrNull@10 (line 755)
  0x000001f8ef062b48: b41e ceff | 488b 8424 | f800 0000 | e927 0100 | 0048 8984 | 24e0 0000 

  0x000001f8ef062b60: ;   {metadata('java/lang/OutOfMemoryError')}
  0x000001f8ef062b60: 0048 ba50 | 3e02 80f8 | 0100 0049 | 8b87 f800 | 0000 488d | 7828 493b | bf08 0100 | 000f 87d3 
  0x000001f8ef062b80: 0000 0049 | 89bf f800 | 0000 48c7 | 0001 0000 | 0048 8bca | 49ba 0000 | 0080 f801 | 0000 492b 
  0x000001f8ef062ba0: ca89 4808 | 4833 c989 | 480c 4833 | c948 8948 | 1048 8948 | 1848 8948 

  0x000001f8ef062bb8: ;   {oop("Overflow: String length out of range"{0x000000070feb8708})}
  0x000001f8ef062bb8: 2049 b808 | 87eb 0f07 | 0000 0048 | 8bd0 4889 | 8424 0001 

  0x000001f8ef062bcc: ;   {optimized virtual_call}
  0x000001f8ef062bcc: 0000 90e8 

  0x000001f8ef062bd0: ; ImmutableOopMap {[192]=Oop [200]=Oop [224]=Oop [256]=Oop }
                      ;*invokespecial <init> {reexecute=0 rethrow=0 return_oop=0}
                      ; - java.lang.StringConcatHelper::checkOverflow@13 (line 57)
                      ; - java.lang.StringConcatHelper::mix@23 (line 116)
                      ; - java.lang.StringConcatHelper::simpleConcat@46 (line 363)
                      ; - java.lang.String::concat@11 (line 2785)
                      ; - jdk.internal.loader.BuiltinClassLoader::findClassOnClassPathOrNull@10 (line 755)
  0x000001f8ef062bd0: 2c1e ceff | 488b 8424 | 0001 0000 | e99f 0000 

  0x000001f8ef062be0: ;   {runtime_call throw_null_pointer_exception Runtime1 stub}
  0x000001f8ef062be0: 00e8 1a19 

  0x000001f8ef062be4: ; ImmutableOopMap {r8=Oop [192]=Oop [200]=Oop }
                      ;*invokevirtual replace {reexecute=0 rethrow=0 return_oop=0}
                      ; - jdk.internal.loader.BuiltinClassLoader::findClassOnClassPathOrNull@5 (line 755)
                      ;   {runtime_call throw_null_pointer_exception Runtime1 stub}
  0x000001f8ef062be4: dbff e815 

  0x000001f8ef062be8: ; ImmutableOopMap {rax=Oop [192]=Oop [200]=Oop }
                      ;*invokevirtual concat {reexecute=0 rethrow=0 return_oop=0}
                      ; - jdk.internal.loader.BuiltinClassLoader::findClassOnClassPathOrNull@10 (line 755)
                      ;   {runtime_call throw_null_pointer_exception Runtime1 stub}
  0x000001f8ef062be8: 19db ffe8 

  0x000001f8ef062bec: ; ImmutableOopMap {rax=Oop [192]=Oop [200]=Oop }
                      ;*invokevirtual isEmpty {reexecute=0 rethrow=0 return_oop=0}
                      ; - java.lang.StringConcatHelper::simpleConcat@11 (line 353)
                      ; - java.lang.String::concat@11 (line 2785)
                      ; - jdk.internal.loader.BuiltinClassLoader::findClassOnClassPathOrNull@10 (line 755)
  0x000001f8ef062bec: 1019 dbff 

  0x000001f8ef062bf0: ;   {runtime_call throw_null_pointer_exception Runtime1 stub}
  0x000001f8ef062bf0: e80b 19db 

  0x000001f8ef062bf4: ; ImmutableOopMap {rax=Oop [192]=Oop [200]=Oop }
                      ;*arraylength {reexecute=0 rethrow=0 return_oop=0}
                      ; - java.lang.String::isEmpty@4 (line 1512)
                      ; - java.lang.StringConcatHelper::simpleConcat@11 (line 353)
                      ; - java.lang.String::concat@11 (line 2785)
                      ; - jdk.internal.loader.BuiltinClassLoader::findClassOnClassPathOrNull@10 (line 755)
  0x000001f8ef062bf4: ff48 8bd2 

  0x000001f8ef062bf8: ;   {runtime_call fast_new_instance Runtime1 stub}
  0x000001f8ef062bf8: e803 24db 

  0x000001f8ef062bfc: ; ImmutableOopMap {[192]=Oop [200]=Oop }
                      ;*new {reexecute=0 rethrow=0 return_oop=0}
                      ; - java.lang.StringConcatHelper::simpleConcat@17 (line 355)
                      ; - java.lang.String::concat@11 (line 2785)
                      ; - jdk.internal.loader.BuiltinClassLoader::findClassOnClassPathOrNull@10 (line 755)
  0x000001f8ef062bfc: ffe9 53fc | ffff 4889 

  0x000001f8ef062c04: ;   {runtime_call throw_class_cast_exception Runtime1 stub}
  0x000001f8ef062c04: 0424 e8f5 

  0x000001f8ef062c08: ; ImmutableOopMap {[192]=Oop [200]=Oop [224]=Oop }
                      ;*checkcast {reexecute=0 rethrow=0 return_oop=0}
                      ; - java.lang.StringConcatHelper::newArray@36 (line 441)
                      ; - java.lang.StringConcatHelper::simpleConcat@61 (line 365)
                      ; - java.lang.String::concat@11 (line 2785)
                      ; - jdk.internal.loader.BuiltinClassLoader::findClassOnClassPathOrNull@10 (line 755)
                      ;   {runtime_call throw_null_pointer_exception Runtime1 stub}
  0x000001f8ef062c08: 44db ffe8 

  0x000001f8ef062c0c: ; ImmutableOopMap {rax=Oop rdx=Oop rsi=Oop [192]=Oop [200]=Oop }
                      ;*invokevirtual getResource {reexecute=0 rethrow=0 return_oop=0}
                      ; - jdk.internal.loader.BuiltinClassLoader::findClassOnClassPathOrNull@26 (line 757)
  0x000001f8ef062c0c: f018 dbff 

  0x000001f8ef062c10: ;   {internal_word}
  0x000001f8ef062c10: 49ba 042a | 06ef f801 | 0000 4d89 | 9790 0300 

  0x000001f8ef062c20: ;   {runtime_call SafepointBlob}
  0x000001f8ef062c20: 00e9 da9a 

  0x000001f8ef062c24: ;   {internal_word}
  0x000001f8ef062c24: ceff 49ba | 3f2a 06ef | f801 0000 | 4d89 9790 

  0x000001f8ef062c34: ;   {runtime_call SafepointBlob}
  0x000001f8ef062c34: 0300 00e9 | c49a ceff 

  0x000001f8ef062c3c: ;   {runtime_call fast_new_instance Runtime1 stub}
  0x000001f8ef062c3c: 488b d2e8 

  0x000001f8ef062c40: ; ImmutableOopMap {[192]=Oop [200]=Oop [224]=Oop }
                      ;*new {reexecute=0 rethrow=0 return_oop=0}
                      ; - java.lang.StringConcatHelper::newArray@16 (line 439)
                      ; - java.lang.StringConcatHelper::simpleConcat@61 (line 365)
                      ; - java.lang.String::concat@11 (line 2785)
                      ; - jdk.internal.loader.BuiltinClassLoader::findClassOnClassPathOrNull@10 (line 755)
  0x000001f8ef062c40: bc23 dbff | e95c feff | ff48 8bd2 

  0x000001f8ef062c4c: ;   {runtime_call fast_new_instance Runtime1 stub}
  0x000001f8ef062c4c: e8af 23db 

  0x000001f8ef062c50: ; ImmutableOopMap {[192]=Oop [200]=Oop [224]=Oop }
                      ;*new {reexecute=0 rethrow=0 return_oop=0}
                      ; - java.lang.StringConcatHelper::checkOverflow@7 (line 57)
                      ; - java.lang.StringConcatHelper::mix@23 (line 116)
                      ; - java.lang.StringConcatHelper::simpleConcat@54 (line 364)
                      ; - java.lang.String::concat@11 (line 2785)
                      ; - jdk.internal.loader.BuiltinClassLoader::findClassOnClassPathOrNull@10 (line 755)
  0x000001f8ef062c50: ffe9 dbfe | ffff 488b 

  0x000001f8ef062c58: ;   {runtime_call fast_new_instance Runtime1 stub}
  0x000001f8ef062c58: d2e8 a223 

  0x000001f8ef062c5c: ; ImmutableOopMap {[192]=Oop [200]=Oop [224]=Oop }
                      ;*new {reexecute=0 rethrow=0 return_oop=0}
                      ; - java.lang.StringConcatHelper::checkOverflow@7 (line 57)
                      ; - java.lang.StringConcatHelper::mix@23 (line 116)
                      ; - java.lang.StringConcatHelper::simpleConcat@46 (line 363)
                      ; - java.lang.String::concat@11 (line 2785)
                      ; - jdk.internal.loader.BuiltinClassLoader::findClassOnClassPathOrNull@10 (line 755)
  0x000001f8ef062c5c: dbff e956 | ffff ff49 | 8b87 2804 | 0000 49c7 | 8728 0400 | 0000 0000 | 0049 c787 | 3004 0000 
  0x000001f8ef062c7c: 0000 0000 | 4881 c410 | 0100 005d 

  0x000001f8ef062c88: ;   {runtime_call unwind_exception Runtime1 stub}
  0x000001f8ef062c88: e973 09db | fff4 f4f4 
[Stub Code]
  0x000001f8ef062c90: ;   {no_reloc}
  0x000001f8ef062c90: 0f1f 4400 

  0x000001f8ef062c94: ;   {static_stub}
  0x000001f8ef062c94: 0048 bb00 | 0000 0000 

  0x000001f8ef062c9c: ;   {runtime_call}
  0x000001f8ef062c9c: 0000 00e9 | fbff ffff 
[Exception Handler]
  0x000001f8ef062ca4: ;   {runtime_call handle_exception_from_callee Runtime1 stub}
  0x000001f8ef062ca4: e857 3edb 

  0x000001f8ef062ca8: ;   {external_word}
  0x000001f8ef062ca8: ff48 b9b0 | 33e1 99f9 | 7f00 0048 

  0x000001f8ef062cb4: ;   {runtime_call}
  0x000001f8ef062cb4: 83e4 f048 | b860 1dad | 99f9 7f00 | 00ff d0f4 
[Deopt Handler Code]
  0x000001f8ef062cc4: ;   {section_word}
  0x000001f8ef062cc4: 49ba c42c | 06ef f801 | 0000 4152 

  0x000001f8ef062cd0: ;   {runtime_call DeoptimizationBlob}
  0x000001f8ef062cd0: e9cb aece 

  0x000001f8ef062cd4: ;   {static_stub}
  0x000001f8ef062cd4: ff48 bb00 | 0000 0000 

  0x000001f8ef062cdc: ;   {runtime_call}
  0x000001f8ef062cdc: 0000 00e9 | fbff ffff 

  0x000001f8ef062ce4: ;   {static_stub}
  0x000001f8ef062ce4: 48bb 0000 | 0000 0000 

  0x000001f8ef062cec: ;   {runtime_call}
  0x000001f8ef062cec: 0000 e9fb 

  0x000001f8ef062cf0: ;   {static_stub}
  0x000001f8ef062cf0: ffff ff48 | bb00 0000 | 0000 0000 

  0x000001f8ef062cfc: ;   {runtime_call}
  0x000001f8ef062cfc: 00e9 fbff 

  0x000001f8ef062d00: ;   {static_stub}
  0x000001f8ef062d00: ffff 48bb | 0000 0000 | 0000 0000 

  0x000001f8ef062d0c: ;   {runtime_call}
  0x000001f8ef062d0c: e9fb ffff 

  0x000001f8ef062d10: ;   {static_stub}
  0x000001f8ef062d10: ff48 bba0 | 9a06 80f8 

  0x000001f8ef062d18: ;   {runtime_call I2C/C2I adapters}
  0x000001f8ef062d18: 0100 00e9 | 3bda cdff 

  0x000001f8ef062d20: ;   {static_stub}
  0x000001f8ef062d20: 48bb 0000 | 0000 0000 

  0x000001f8ef062d28: ;   {runtime_call}
  0x000001f8ef062d28: 0000 e9fb 

  0x000001f8ef062d2c: ;   {static_stub}
  0x000001f8ef062d2c: ffff ff48 | bb00 0000 | 0000 0000 

  0x000001f8ef062d38: ;   {runtime_call}
  0x000001f8ef062d38: 00e9 fbff | ffff f4f4 
[/MachCode]


Compiled method (c1)    1256  464   !   1       jdk.internal.loader.BuiltinClassLoader::loadClassOrNull (143 bytes)
 total in heap  [0x000001f8eeff8590,0x000001f8eeff94a8] = 3864
 relocation     [0x000001f8eeff86d8,0x000001f8eeff87b8] = 224
 main code      [0x000001f8eeff87c0,0x000001f8eeff8dc0] = 1536
 stub code      [0x000001f8eeff8dc0,0x000001f8eeff8ea0] = 224
 metadata       [0x000001f8eeff8ea0,0x000001f8eeff8f18] = 120
 scopes data    [0x000001f8eeff8f18,0x000001f8eeff9110] = 504
 scopes pcs     [0x000001f8eeff9110,0x000001f8eeff92a0] = 400
 dependencies   [0x000001f8eeff92a0,0x000001f8eeff92b8] = 24
 handler table  [0x000001f8eeff92b8,0x000001f8eeff9468] = 432
 nul chk table  [0x000001f8eeff9468,0x000001f8eeff94a8] = 64

[Constant Pool (empty)]

[MachCode]
[Entry Point]
  # {method} {0x000001f880069738} 'loadClassOrNull' '(Ljava/lang/String;Z)Ljava/lang/Class;' in 'jdk/internal/loader/BuiltinClassLoader'
  # this:     rdx:rdx   = 'jdk/internal/loader/BuiltinClassLoader'
  # parm0:    r8:r8     = 'java/lang/String'
  # parm1:    r9        = boolean
  #           [sp+0x100]  (sp of caller)
  0x000001f8eeff87c0: 448b 5208 | 49bb 0000 | 0080 f801 | 0000 4d03 | d34c 3bd0 

  0x000001f8eeff87d4: ;   {runtime_call ic_miss_stub}
  0x000001f8eeff87d4: 0f85 26bd | d4ff 660f | 1f44 0000 
[Verified Entry Point]
  0x000001f8eeff87e0: 8984 2400 | 80ff ff55 | 4881 ecf0 | 0000 0090 | 4181 7f20 | 0100 0000 

  0x000001f8eeff87f8: ;   {runtime_call StubRoutines (2)}
  0x000001f8eeff87f8: 7405 e841 | 5dd3 ff48 | 8994 24a0 | 0000 004c | 8984 2498 | 0000 008b | 5a28 48c1 | e303 4883 
  0x000001f8eeff8818: fb00 0f85 | 1000 0000 | 488b f244 | 898c 24a8 | 0000 00e9 | 9900 0000 | 4489 8c24 | a800 0000 
  0x000001f8eeff8838: ;   {metadata('java/lang/Object')}
  0x000001f8eeff8838: 48ba 700e | 0080 f801 | 0000 498b | 87f8 0000 | 0048 8d78 | 1049 3bbf | 0801 0000 | 0f87 9a04 
  0x000001f8eeff8858: 0000 4989 | bff8 0000 | 0048 c700 | 0100 0000 | 488b ca49 | ba00 0000 | 80f8 0100 | 0049 2bca 
  0x000001f8eeff8878: 8948 0848 | 33c9 8948 | 0c48 33c9 

  0x000001f8eeff8884: ; implicit exception: dispatches to 0x000001f8eeff8d01
  0x000001f8eeff8884: 483b 0349 | 8bf0 4c8b | c64c 8bc8 | bf01 0000 | 0048 8bd3 | 4889 8424 | 9000 0000 | 0f1f 8000 
  0x000001f8eeff88a4: ;   {optimized virtual_call}
  0x000001f8eeff88a4: 0000 00e8 

  0x000001f8eeff88a8: ; ImmutableOopMap {[144]=Oop [152]=Oop [160]=Oop }
                      ;*invokevirtual putVal {reexecute=0 rethrow=0 return_oop=0}
                      ; - java.util.concurrent.ConcurrentHashMap::putIfAbsent@4 (line 1541)
                      ; - java.lang.ClassLoader::getClassLoadingLock@23 (line 667)
                      ; - jdk.internal.loader.BuiltinClassLoader::loadClassOrNull@2 (line 651)
  0x000001f8eeff88a8: 1479 f4ff | 4883 f800 | 0f84 0800 | 0000 488b | f0e9 0b00 | 0000 488b | 8424 9000 | 0000 488b 
  0x000001f8eeff88c8: f048 8d94 | 24d0 0000 | 0048 8972 | 0848 8b06 | 4883 c801 | 4889 02f0 | 480f b116 | 0f84 1200 
  0x000001f8eeff88e8: 0000 482b | c448 2507 | f0ff ff48 | 8902 0f85 | 0f04 0000 | 49ff 8778 | 0400 0048 | 8b94 2498 
  0x000001f8eeff8908: 0000 0048 | 89b4 24b0 | 0000 000f 

  0x000001f8eeff8914: ;   {static_call}
  0x000001f8eeff8914: 1f40 00e8 

  0x000001f8eeff8918: ; ImmutableOopMap {[152]=Oop [160]=Oop [176]=Oop [216]=Oop }
                      ;*invokestatic checkName {reexecute=0 rethrow=0 return_oop=0}
                      ; - java.lang.ClassLoader::findLoadedClass@1 (line 1284)
                      ; - jdk.internal.loader.BuiltinClassLoader::loadClassOrNull@10 (line 653)
  0x000001f8eeff8918: 24fc faff | 83f8 000f | 850f 0000 

  0x000001f8eeff8924: ;   {oop(NULL)}
  0x000001f8eeff8924: 0048 be00 | 0000 0000 | 0000 00e9 | 1b00 0000 | 4c8b 8424 | 9800 0000 | 488b 9424 | a000 0000 
  0x000001f8eeff8944: ;   {optimized virtual_call}
  0x000001f8eeff8944: 6666 90e8 

  0x000001f8eeff8948: ; ImmutableOopMap {[152]=Oop [160]=Oop [176]=Oop [216]=Oop }
                      ;*invokevirtual findLoadedClass0 {reexecute=0 rethrow=0 return_oop=0}
                      ; - java.lang.ClassLoader::findLoadedClass@11 (line 1286)
                      ; - jdk.internal.loader.BuiltinClassLoader::loadClassOrNull@10 (line 653)
  0x000001f8eeff8948: f4f6 ffff | 488b f048 | 83fe 000f | 8556 0200 | 0048 89b4 | 24b8 0000 | 004c 8b84 | 2498 0000 
  0x000001f8eeff8968: 0041 8b48 | 1448 c1e1 | 0344 8b49 | 0c41 0fbe | 4810 c1e1 | 18c1 f918 | 41d3 f941 | ffc9 498b 
  0x000001f8eeff8988: f841 b82e | 0000 0048 | 8bd7 0f1f 

  0x000001f8eeff8994: ;   {optimized virtual_call}
  0x000001f8eeff8994: 4400 00e8 

  0x000001f8eeff8998: ; ImmutableOopMap {[152]=Oop [160]=Oop [176]=Oop [184]=Oop [216]=Oop }
                      ;*invokevirtual lastIndexOf {reexecute=0 rethrow=0 return_oop=0}
                      ; - java.lang.String::lastIndexOf@8 (line 2462)
                      ; - jdk.internal.loader.BuiltinClassLoader::findLoadedModule@3 (line 709)
                      ; - jdk.internal.loader.BuiltinClassLoader::loadClassOrNull@22 (line 658)
  0x000001f8eeff8998: 241e f7ff | 83f8 000f | 8d0f 0000 

  0x000001f8eeff89a4: ;   {oop(NULL)}
  0x000001f8eeff89a4: 0048 be00 | 0000 0000 | 0000 00e9 | 6900 0000 | 41b8 0000 | 0000 4c8b | c848 8b94 | 2498 0000 
  0x000001f8eeff89c4: ;   {optimized virtual_call}
  0x000001f8eeff89c4: 0066 90e8 

  0x000001f8eeff89c8: ; ImmutableOopMap {[152]=Oop [160]=Oop [176]=Oop [184]=Oop [216]=Oop }
                      ;*invokevirtual substring {reexecute=0 rethrow=0 return_oop=0}
                      ; - jdk.internal.loader.BuiltinClassLoader::findLoadedModule@16 (line 713)
                      ; - jdk.internal.loader.BuiltinClassLoader::loadClassOrNull@22 (line 658)
  0x000001f8eeff89c8: 14fe f6ff 

  0x000001f8eeff89cc: ;   {oop(a 'java/util/concurrent/ConcurrentHashMap'{0x000000070fe9b230})}
  0x000001f8eeff89cc: 4c8b c048 | ba30 b2e9 | 0f07 0000 | 0066 0f1f 

  0x000001f8eeff89dc: ;   {optimized virtual_call}
  0x000001f8eeff89dc: 4400 00e8 

  0x000001f8eeff89e0: ; ImmutableOopMap {[152]=Oop [160]=Oop [176]=Oop [184]=Oop [216]=Oop }
                      ;*invokeinterface get {reexecute=0 rethrow=0 return_oop=0}
                      ; - jdk.internal.loader.BuiltinClassLoader::findLoadedModule@24 (line 714)
                      ; - jdk.internal.loader.BuiltinClassLoader::loadClassOrNull@22 (line 658)
  0x000001f8eeff89e0: 3c45 f7ff | 4883 f800 | 0f84 2900 

  0x000001f8eeff89ec: ;   {metadata('jdk/internal/loader/BuiltinClassLoader$LoadedModule')}
  0x000001f8eeff89ec: 0000 48be | e8da 1780 | f801 0000 | 448b 4808 | 49ba 0000 | 0080 f801 | 0000 4d03 | ca49 3bf1 
  0x000001f8eeff8a0c: 0f85 1603 | 0000 e900 | 0000 004c | 8bc0 498b | f048 83fe | 0048 8b94 | 24a0 0000 | 000f 84a5 
  0x000001f8eeff8a2c: 0000 008b | 7e0c 48c1 | e703 483b | fa0f 8565 

  0x000001f8eeff8a3c: ;   {oop(a 'java/lang/Class'{0x000000070fe09940} = 'jdk/internal/misc/VM')}
  0x000001f8eeff8a3c: 0000 0049 | b840 99e0 | 0f07 0000 | 0045 8b80 | 9400 0000 | 4183 f802 | 41b8 0000 | 0000 0f8c 
  0x000001f8eeff8a5c: 0600 0000 | 41b8 0100 | 0000 4183 | e001 4183 | f800 0f85 | 0d00 0000 | 488b b424 | b800 0000 
  0x000001f8eeff8a7c: e92e 0100 | 004c 8b84 | 2498 0000 | 004c 8bce | 488b f248 | 8bd6 0f1f 

  0x000001f8eeff8a94: ;   {optimized virtual_call}
  0x000001f8eeff8a94: 4400 00e8 

  0x000001f8eeff8a98: ; ImmutableOopMap {[160]=Oop [176]=Oop [216]=Oop }
                      ;*invokevirtual defineClass {reexecute=0 rethrow=0 return_oop=0}
                      ; - jdk.internal.loader.BuiltinClassLoader::findClassInModuleOrNull@9 (line 741)
                      ; - jdk.internal.loader.BuiltinClassLoader::loadClassOrNull@55 (line 665)
  0x000001f8eeff8a98: 64bf d4ff | 488b f0e9 | 0b01 0000 

  0x000001f8eeff8aa4: ; implicit exception: dispatches to 0x000001f8eeff8d36
  0x000001f8eeff8aa4: 483b 074c | 8b84 2498 | 0000 0041 | b900 0000 | 0048 8bd7 | 0f1f 4400 | 0048 b8ff | ffff ffff 
  0x000001f8eeff8ac4: ;   {virtual_call}
  0x000001f8eeff8ac4: ffff ffe8 

  0x000001f8eeff8ac8: ; ImmutableOopMap {[160]=Oop [176]=Oop [216]=Oop }
                      ;*invokevirtual loadClassOrNull {reexecute=0 rethrow=0 return_oop=0}
                      ; - jdk.internal.loader.BuiltinClassLoader::loadClassOrNull@3 (line 700)
                      ; - jdk.internal.loader.BuiltinClassLoader::loadClassOrNull@66 (line 669)
  0x000001f8eeff8ac8: 948f d4ff | 488b f0e9 | db00 0000 | 8b72 5448 | c1e6 0348 | 83fe 000f | 850d 0000 | 0048 8bb4 
  0x000001f8eeff8ae8: 24b8 0000 | 00e9 2d00 | 0000 483b | 064c 8b84 | 2498 0000 | 0041 b900 | 0000 0048 | 8bd6 0f1f 
  0x000001f8eeff8b08: 8000 0000 | 0048 b8b8 | a906 80f8 

  0x000001f8eeff8b14: ;   {virtual_call}
  0x000001f8eeff8b14: 0100 00e8 

  0x000001f8eeff8b18: ; ImmutableOopMap {[152]=Oop [160]=Oop [176]=Oop [216]=Oop }
                      ;*invokevirtual loadClassOrNull {reexecute=0 rethrow=0 return_oop=0}
                      ; - jdk.internal.loader.BuiltinClassLoader::loadClassOrNull@3 (line 700)
                      ; - jdk.internal.loader.BuiltinClassLoader::loadClassOrNull@86 (line 676)
  0x000001f8eeff8b18: 848b d4ff | 488b f048 | 83fe 000f | 8586 0000 | 0048 8b94 | 24a0 0000 | 0044 8b42 | 5849 c1e0 
  0x000001f8eeff8b38: 0349 83f8 | 0041 b800 | 0000 000f | 8406 0000 | 0041 b801 | 0000 0041 | 83e0 0141 | 83f8 000f 
  0x000001f8eeff8b58: 8452 0000 

  0x000001f8eeff8b5c: ;   {oop(a 'java/lang/Class'{0x000000070fe09940} = 'jdk/internal/misc/VM')}
  0x000001f8eeff8b5c: 0049 b840 | 99e0 0f07 | 0000 0045 | 8b80 9400 | 0000 4183 | f802 41b8 | 0000 0000 | 0f8c 0600 
  0x000001f8eeff8b7c: 0000 41b8 | 0100 0000 | 4183 e001 | 4183 f800 | 0f84 1d00 | 0000 4c8b | 8424 9800 | 0000 488b 
  0x000001f8eeff8b9c: f248 8bd6 | 0f1f 8000 

  0x000001f8eeff8ba4: ;   {optimized virtual_call}
  0x000001f8eeff8ba4: 0000 00e8 

  0x000001f8eeff8ba8: ; ImmutableOopMap {[160]=Oop [176]=Oop [216]=Oop }
                      ;*invokevirtual findClassOnClassPathOrNull {reexecute=0 rethrow=0 return_oop=0}
                      ; - jdk.internal.loader.BuiltinClassLoader::loadClassOrNull@111 (line 681)
  0x000001f8eeff8ba8: b49b 0600 | 488b f044 | 8b8c 24a8 | 0000 0041 | 83f9 000f | 8414 0000 | 0048 83fe | 000f 840a 
  0x000001f8eeff8bc8: 0000 0048 | 83fe 000f | 8443 0000 | 0048 8d84 | 24d0 0000 | 0048 8b10 | 4885 d20f | 840f 0000 
  0x000001f8eeff8be8: 0048 8b78 | 08f0 480f | b117 0f85 | 4801 0000 | 49ff 8f78 | 0400 0048 | 8bc6 4881 | c4f0 0000 
  0x000001f8eeff8c08: ;   {poll_return}
  0x000001f8eeff8c08: 005d 493b | a778 0300 | 000f 873f | 0100 00c3 | 4889 b424 | c800 0000 

  0x000001f8eeff8c20: ;   {metadata('java/lang/NullPointerException')}
  0x000001f8eeff8c20: 48ba c0da | 0680 f801 | 0000 498b | 87f8 0000 | 0048 8d78 | 3049 3bbf | 0801 0000 | 0f87 2a01 
  0x000001f8eeff8c40: 0000 4989 | bff8 0000 | 0048 c700 | 0100 0000 | 488b ca49 | ba00 0000 | 80f8 0100 | 0049 2bca 
  0x000001f8eeff8c60: 8948 0848 | 33c9 8948 | 0c48 33c9 | 4889 4810 | 4889 4818 | 4889 4820 | 4889 4828 | 488b d048 
  0x000001f8eeff8c80: 8984 24c0 

  0x000001f8eeff8c84: ;   {optimized virtual_call}
  0x000001f8eeff8c84: 0000 00e8 

  0x000001f8eeff8c88: ; ImmutableOopMap {[176]=Oop [192]=Oop [200]=Oop [216]=Oop }
                      ;*invokespecial <init> {reexecute=0 rethrow=0 return_oop=0}
                      ; - java.lang.ClassLoader::resolveClass@8 (line 1224)
                      ; - jdk.internal.loader.BuiltinClassLoader::loadClassOrNull@128 (line 688)
  0x000001f8eeff8c88: 74bd d4ff | 488b 8424 

  0x000001f8eeff8c90: ; ImmutableOopMap {rax=Oop [176]=Oop [200]=Oop [216]=Oop }
                      ;*athrow {reexecute=1 rethrow=0 return_oop=0}
                      ; - (reexecute) java.lang.ClassLoader::resolveClass@11 (line 1224)
                      ; - jdk.internal.loader.BuiltinClassLoader::loadClassOrNull@128 (line 688)
  0x000001f8eeff8c90: c000 0000 

  0x000001f8eeff8c94: ;   {section_word}
  0x000001f8eeff8c94: 48ba 948c | ffee f801 

  0x000001f8eeff8c9c: ;   {runtime_call handle_exception_nofpu Runtime1 stub}
  0x000001f8eeff8c9c: 0000 e85d | d7e1 ff90 | 498b 8728 | 0400 004d | 33d2 4d89 | 9728 0400 | 004d 33d2 | 4d89 9730 
  0x000001f8eeff8cbc: 0400 0048 | 8bf0 488d | 8424 d000 | 0000 488b | 3848 85ff | 0f84 0f00 | 0000 488b | 5808 f048 
  0x000001f8eeff8cdc: 0fb1 3b0f | 8594 0000 | 0049 ff8f | 7804 0000 | 488b c6e9 | b800 0000 

  0x000001f8eeff8cf4: ;   {runtime_call fast_new_instance Runtime1 stub}
  0x000001f8eeff8cf4: 488b d2e8 

  0x000001f8eeff8cf8: ; ImmutableOopMap {r8=Oop rbx=Oop [152]=Oop [160]=Oop }
                      ;*new {reexecute=0 rethrow=0 return_oop=0}
                      ; - java.lang.ClassLoader::getClassLoadingLock@9 (line 666)
                      ; - jdk.internal.loader.BuiltinClassLoader::loadClassOrNull@2 (line 651)
  0x000001f8eeff8cf8: 04c3 e1ff | e983 fbff 

  0x000001f8eeff8d00: ;   {runtime_call throw_null_pointer_exception Runtime1 stub}
  0x000001f8eeff8d00: ffe8 fab7 

  0x000001f8eeff8d04: ; ImmutableOopMap {r8=Oop rbx=Oop rax=Oop [152]=Oop [160]=Oop }
                      ;*invokevirtual putIfAbsent {reexecute=0 rethrow=0 return_oop=0}
                      ; - java.lang.ClassLoader::getClassLoadingLock@23 (line 667)
                      ; - jdk.internal.loader.BuiltinClassLoader::loadClassOrNull@2 (line 651)
                      ;   {runtime_call throw_null_pointer_exception Runtime1 stub}
  0x000001f8eeff8d04: e1ff e8f5 

  0x000001f8eeff8d08: ; ImmutableOopMap {rsi=Oop [152]=Oop [160]=Oop }
                      ;*monitorenter {reexecute=0 rethrow=0 return_oop=0}
                      ; - jdk.internal.loader.BuiltinClassLoader::loadClassOrNull@7 (line 651)
  0x000001f8eeff8d08: b7e1 ff48 | 8974 2408 | 4889 1424 

  0x000001f8eeff8d14: ;   {runtime_call monitorenter_nofpu Runtime1 stub}
  0x000001f8eeff8d14: e867 f0e1 

  0x000001f8eeff8d18: ; ImmutableOopMap {rsi=Oop [152]=Oop [160]=Oop [216]=Oop }
                      ;*monitorenter {reexecute=0 rethrow=0 return_oop=0}
                      ; - jdk.internal.loader.BuiltinClassLoader::loadClassOrNull@7 (line 651)
  0x000001f8eeff8d18: ffe9 e5fb 

  0x000001f8eeff8d1c: ;   {runtime_call throw_null_pointer_exception Runtime1 stub}
  0x000001f8eeff8d1c: ffff e8dd 

  0x000001f8eeff8d20: ; ImmutableOopMap {r8=Oop [152]=Oop [160]=Oop [176]=Oop [184]=Oop [216]=Oop }
                      ;*invokevirtual lastIndexOf {reexecute=0 rethrow=0 return_oop=0}
                      ; - jdk.internal.loader.BuiltinClassLoader::findLoadedModule@3 (line 709)
                      ; - jdk.internal.loader.BuiltinClassLoader::loadClassOrNull@22 (line 658)
                      ;   {runtime_call throw_null_pointer_exception Runtime1 stub}
  0x000001f8eeff8d20: b7e1 ffe8 

  0x000001f8eeff8d24: ; ImmutableOopMap {r8=Oop [152]=Oop [160]=Oop [176]=Oop [184]=Oop [216]=Oop }
                      ;*arraylength {reexecute=0 rethrow=0 return_oop=0}
                      ; - java.lang.String::length@4 (line 1499)
                      ; - java.lang.String::lastIndexOf@3 (line 2462)
                      ; - jdk.internal.loader.BuiltinClassLoader::findLoadedModule@3 (line 709)
                      ; - jdk.internal.loader.BuiltinClassLoader::loadClassOrNull@22 (line 658)
  0x000001f8eeff8d24: d8b7 e1ff | 4889 0424 

  0x000001f8eeff8d2c: ;   {runtime_call throw_class_cast_exception Runtime1 stub}
  0x000001f8eeff8d2c: e8cf e3e1 

  0x000001f8eeff8d30: ; ImmutableOopMap {[152]=Oop [160]=Oop [176]=Oop [184]=Oop [216]=Oop }
                      ;*checkcast {reexecute=0 rethrow=0 return_oop=0}
                      ; - jdk.internal.loader.BuiltinClassLoader::findLoadedModule@29 (line 714)
                      ; - jdk.internal.loader.BuiltinClassLoader::loadClassOrNull@22 (line 658)
                      ;   {runtime_call throw_null_pointer_exception Runtime1 stub}
  0x000001f8eeff8d30: ffe8 cab7 

  0x000001f8eeff8d34: ; ImmutableOopMap {rsi=Oop rdx=Oop [152]=Oop [160]=Oop [176]=Oop [184]=Oop [216]=Oop }
                      ;*invokevirtual loader {reexecute=0 rethrow=0 return_oop=0}
                      ; - jdk.internal.loader.BuiltinClassLoader::loadClassOrNull@34 (line 662)
                      ;   {runtime_call throw_null_pointer_exception Runtime1 stub}
  0x000001f8eeff8d34: e1ff e8c5 

  0x000001f8eeff8d38: ; ImmutableOopMap {rdi=Oop [152]=Oop [160]=Oop [176]=Oop [216]=Oop }
                      ;*invokevirtual loadClassOrNull {reexecute=0 rethrow=0 return_oop=0}
                      ; - jdk.internal.loader.BuiltinClassLoader::loadClassOrNull@66 (line 669)
                      ;   {runtime_call throw_null_pointer_exception Runtime1 stub}
  0x000001f8eeff8d38: b7e1 ffe8 

  0x000001f8eeff8d3c: ; ImmutableOopMap {rsi=Oop [152]=Oop [160]=Oop [176]=Oop [216]=Oop }
                      ;*invokevirtual loadClassOrNull {reexecute=0 rethrow=0 return_oop=0}
                      ; - jdk.internal.loader.BuiltinClassLoader::loadClassOrNull@86 (line 676)
  0x000001f8eeff8d3c: c0b7 e1ff | 488d 8424 | d000 0000 | 4889 0424 

  0x000001f8eeff8d4c: ;   {runtime_call monitorexit_nofpu Runtime1 stub}
  0x000001f8eeff8d4c: e8af f6e1 | ffe9 a9fe 

  0x000001f8eeff8d54: ;   {internal_word}
  0x000001f8eeff8d54: ffff 49ba | 0a8c ffee | f801 0000 | 4d89 9790 

  0x000001f8eeff8d64: ;   {runtime_call SafepointBlob}
  0x000001f8eeff8d64: 0300 00e9 | 9439 d5ff 

  0x000001f8eeff8d6c: ;   {runtime_call fast_new_instance Runtime1 stub}
  0x000001f8eeff8d6c: 488b d2e8 

  0x000001f8eeff8d70: ; ImmutableOopMap {[176]=Oop [200]=Oop [216]=Oop }
                      ;*new {reexecute=0 rethrow=0 return_oop=0}
                      ; - java.lang.ClassLoader::resolveClass@4 (line 1224)
                      ; - jdk.internal.loader.BuiltinClassLoader::loadClassOrNull@128 (line 688)
  0x000001f8eeff8d70: 8cc2 e1ff | e903 ffff | ff48 8d84 | 24d0 0000 | 0048 8904 

  0x000001f8eeff8d84: ;   {runtime_call monitorexit_nofpu Runtime1 stub}
  0x000001f8eeff8d84: 24e8 76f6 | e1ff e95d | ffff ff49 | 8b87 2804 | 0000 49c7 | 8728 0400 | 0000 0000 | 0049 c787 
  0x000001f8eeff8da4: 3004 0000 | 0000 0000 | 4881 c4f0 | 0000 005d 

  0x000001f8eeff8db4: ;   {runtime_call unwind_exception Runtime1 stub}
  0x000001f8eeff8db4: e947 a8e1 | fff4 f4f4 | f4f4 f4f4 
[Stub Code]
  0x000001f8eeff8dc0: ;   {no_reloc}
  0x000001f8eeff8dc0: 0f1f 4400 

  0x000001f8eeff8dc4: ;   {static_stub}
  0x000001f8eeff8dc4: 0048 bb00 | 0000 0000 

  0x000001f8eeff8dcc: ;   {runtime_call}
  0x000001f8eeff8dcc: 0000 00e9 | fbff ffff 

  0x000001f8eeff8dd4: ;   {static_stub}
  0x000001f8eeff8dd4: 9048 bb00 | 0000 0000 

  0x000001f8eeff8ddc: ;   {runtime_call}
  0x000001f8eeff8ddc: 0000 00e9 | fbff ffff 

  0x000001f8eeff8de4: ;   {static_stub}
  0x000001f8eeff8de4: 9048 bb00 | 0000 0000 

  0x000001f8eeff8dec: ;   {runtime_call}
  0x000001f8eeff8dec: 0000 00e9 | fbff ffff 
[Exception Handler]
  0x000001f8eeff8df4: ;   {runtime_call handle_exception_from_callee Runtime1 stub}
  0x000001f8eeff8df4: e807 dde1 

  0x000001f8eeff8df8: ;   {external_word}
  0x000001f8eeff8df8: ff48 b9b0 | 33e1 99f9 | 7f00 0048 

  0x000001f8eeff8e04: ;   {runtime_call}
  0x000001f8eeff8e04: 83e4 f048 | b860 1dad | 99f9 7f00 | 00ff d0f4 
[Deopt Handler Code]
  0x000001f8eeff8e14: ;   {section_word}
  0x000001f8eeff8e14: 49ba 148e | ffee f801 | 0000 4152 

  0x000001f8eeff8e20: ;   {runtime_call DeoptimizationBlob}
  0x000001f8eeff8e20: e97b 4dd5 

  0x000001f8eeff8e24: ;   {static_stub}
  0x000001f8eeff8e24: ff48 bb00 | 0000 0000 

  0x000001f8eeff8e2c: ;   {runtime_call}
  0x000001f8eeff8e2c: 0000 00e9 | fbff ffff 

  0x000001f8eeff8e34: ;   {static_stub}
  0x000001f8eeff8e34: 48bb 0000 | 0000 0000 

  0x000001f8eeff8e3c: ;   {runtime_call}
  0x000001f8eeff8e3c: 0000 e9fb 

  0x000001f8eeff8e40: ;   {static_stub}
  0x000001f8eeff8e40: ffff ff48 | bb00 0000 | 0000 0000 

  0x000001f8eeff8e4c: ;   {runtime_call}
  0x000001f8eeff8e4c: 00e9 fbff 

  0x000001f8eeff8e50: ;   {static_stub}
  0x000001f8eeff8e50: ffff 48bb | 0000 0000 | 0000 0000 

  0x000001f8eeff8e5c: ;   {runtime_call}
  0x000001f8eeff8e5c: e9fb ffff 

  0x000001f8eeff8e60: ;   {static_stub}
  0x000001f8eeff8e60: ff48 bb00 | 0000 0000 

  0x000001f8eeff8e68: ;   {runtime_call}
  0x000001f8eeff8e68: 0000 00e9 | fbff ffff 

  0x000001f8eeff8e70: ;   {static_stub}
  0x000001f8eeff8e70: 48bb 0000 | 0000 0000 

  0x000001f8eeff8e78: ;   {runtime_call}
  0x000001f8eeff8e78: 0000 e9fb 

  0x000001f8eeff8e7c: ;   {static_stub}
  0x000001f8eeff8e7c: ffff ff48 | bbc0 9e06 | 80f8 0100 

  0x000001f8eeff8e88: ;   {runtime_call I2C/C2I adapters}
  0x000001f8eeff8e88: 00e9 c91b 

  0x000001f8eeff8e8c: ;   {static_stub}
  0x000001f8eeff8e8c: d5ff 48bb | 0000 0000 | 0000 0000 

  0x000001f8eeff8e98: ;   {runtime_call}
  0x000001f8eeff8e98: e9fb ffff | fff4 f4f4 
[/MachCode]


Compiled method (c1)    1362  535       1       jdk.internal.loader.ClassLoaders$AppClassLoader::loadClass (40 bytes)
 total in heap  [0x000001f8ef024610,0x000001f8ef0249e8] = 984
 relocation     [0x000001f8ef024758,0x000001f8ef0247a0] = 72
 main code      [0x000001f8ef0247a0,0x000001f8ef0248c8] = 296
 stub code      [0x000001f8ef0248c8,0x000001f8ef024920] = 88
 metadata       [0x000001f8ef024920,0x000001f8ef024948] = 40
 scopes data    [0x000001f8ef024948,0x000001f8ef024990] = 72
 scopes pcs     [0x000001f8ef024990,0x000001f8ef0249e0] = 80
 dependencies   [0x000001f8ef0249e0,0x000001f8ef0249e8] = 8

[Constant Pool (empty)]

[MachCode]
[Entry Point]
  # {method} {0x000001f88006a478} 'loadClass' '(Ljava/lang/String;Z)Ljava/lang/Class;' in 'jdk/internal/loader/ClassLoaders$AppClassLoader'
  # this:     rdx:rdx   = 'jdk/internal/loader/ClassLoaders$AppClassLoader'
  # parm0:    r8:r8     = 'java/lang/String'
  # parm1:    r9        = boolean
  #           [sp+0x80]  (sp of caller)
  0x000001f8ef0247a0: 448b 5208 | 49bb 0000 | 0080 f801 | 0000 4d03 | d34c 3bd0 

  0x000001f8ef0247b4: ;   {runtime_call ic_miss_stub}
  0x000001f8ef0247b4: 0f85 46fd | d1ff 660f | 1f44 0000 
[Verified Entry Point]
  0x000001f8ef0247c0: 8984 2400 | 80ff ff55 | 4883 ec70 | 4181 7f20 | 0100 0000 

  0x000001f8ef0247d4: ;   {runtime_call StubRoutines (2)}
  0x000001f8ef0247d4: 7405 e865 | 9dd0 ff49 | 8bf0 4c8b | c648 8974 

  0x000001f8ef0247e4: ;   {optimized virtual_call}
  0x000001f8ef0247e4: 2450 90e8 

  0x000001f8ef0247e8: ; ImmutableOopMap {[80]=Oop }
                      ;*invokevirtual loadClassOrNull {reexecute=0 rethrow=0 return_oop=0}
                      ; - jdk.internal.loader.BuiltinClassLoader::loadClass@3 (line 639)
                      ; - jdk.internal.loader.ClassLoaders$AppClassLoader::loadClass@36 (line 188)
  0x000001f8ef0247e8: f43f fdff | 4883 f800 | 0f84 1300 | 0000 4883 

  0x000001f8ef0247f8: ;   {poll_return}
  0x000001f8ef0247f8: c470 5d49 | 3ba7 7803 | 0000 0f87 | 7600 0000 | c34c 8b44 

  0x000001f8ef02480c: ;   {metadata('java/lang/ClassNotFoundException')}
  0x000001f8ef02480c: 2450 48ba | 10ba 0680 | f801 0000 | 498b 87f8 | 0000 0048 | 8d78 2849 | 3bbf 0801 | 0000 0f87 
  0x000001f8ef02482c: 6400 0000 | 4989 bff8 | 0000 0048 | c700 0100 | 0000 488b | ca49 ba00 | 0000 80f8 | 0100 0049 
  0x000001f8ef02484c: 2bca 8948 | 0848 33c9 | 8948 0c48 | 33c9 4889 | 4810 4889 | 4818 4889 | 4820 488b | d048 8944 
  0x000001f8ef02486c: ;   {optimized virtual_call}
  0x000001f8ef02486c: 2458 90e8 

  0x000001f8ef024870: ; ImmutableOopMap {[88]=Oop }
                      ;*invokespecial <init> {reexecute=0 rethrow=0 return_oop=0}
                      ; - jdk.internal.loader.BuiltinClassLoader::loadClass@16 (line 641)
                      ; - jdk.internal.loader.ClassLoaders$AppClassLoader::loadClass@36 (line 188)
  0x000001f8ef024870: 9900 0000 | 488b 4424 | 58e9 3d00 

  0x000001f8ef02487c: ;   {internal_word}
  0x000001f8ef02487c: 0000 49ba | fb47 02ef | f801 0000 | 4d89 9790 

  0x000001f8ef02488c: ;   {runtime_call SafepointBlob}
  0x000001f8ef02488c: 0300 00e9 | 6c7e d2ff 

  0x000001f8ef024894: ;   {runtime_call fast_new_instance Runtime1 stub}
  0x000001f8ef024894: 488b d2e8 

  0x000001f8ef024898: ; ImmutableOopMap {r8=Oop }
                      ;*new {reexecute=0 rethrow=0 return_oop=0}
                      ; - jdk.internal.loader.BuiltinClassLoader::loadClass@11 (line 641)
                      ; - jdk.internal.loader.ClassLoaders$AppClassLoader::loadClass@36 (line 188)
  0x000001f8ef024898: 6407 dfff | ebc8 498b | 8728 0400 | 0049 c787 | 2804 0000 | 0000 0000 | 49c7 8730 | 0400 0000 
  0x000001f8ef0248b8: 0000 0048 | 83c4 705d 

  0x000001f8ef0248c0: ;   {runtime_call unwind_exception Runtime1 stub}
  0x000001f8ef0248c0: e93b edde | fff4 f4f4 
[Stub Code]
  0x000001f8ef0248c8: ;   {no_reloc}
  0x000001f8ef0248c8: 0f1f 4400 

  0x000001f8ef0248cc: ;   {static_stub}
  0x000001f8ef0248cc: 0048 bb00 | 0000 0000 

  0x000001f8ef0248d4: ;   {runtime_call}
  0x000001f8ef0248d4: 0000 00e9 | fbff ffff 
[Exception Handler]
  0x000001f8ef0248dc: ;   {runtime_call handle_exception_from_callee Runtime1 stub}
  0x000001f8ef0248dc: e81f 22df 

  0x000001f8ef0248e0: ;   {external_word}
  0x000001f8ef0248e0: ff48 b9b0 | 33e1 99f9 | 7f00 0048 

  0x000001f8ef0248ec: ;   {runtime_call}
  0x000001f8ef0248ec: 83e4 f048 | b860 1dad | 99f9 7f00 | 00ff d0f4 
[Deopt Handler Code]
  0x000001f8ef0248fc: ;   {section_word}
  0x000001f8ef0248fc: 49ba fc48 | 02ef f801 | 0000 4152 

  0x000001f8ef024908: ;   {runtime_call DeoptimizationBlob}
  0x000001f8ef024908: e993 92d2 

  0x000001f8ef02490c: ;   {static_stub}
  0x000001f8ef02490c: ff48 bb60 | bf06 80f8 

  0x000001f8ef024914: ;   {runtime_call I2C/C2I adapters}
  0x000001f8ef024914: 0100 00e9 | 3b61 d2ff | f4f4 f4f4 
[/MachCode]


---------------  P R O C E S S  ---------------

Threads class SMR info:
_java_thread_list=0x000001f8f999a680, length=12, elements={
0x000001f8e6ca4e10, 0x000001f8e69db710, 0x000001f8e69dc340, 0x000001f8e69df720,
0x000001f8e69e2a00, 0x000001f8e69e3430, 0x000001f8e69e3e60, 0x000001f8e69e77c0,
0x000001f8f98ccad0, 0x000001f8f98cf1c0, 0x000001f8f99bcb10, 0x000001f8f99bfae0
}

Java Threads: ( => current thread )
=>0x000001f8e6ca4e10 JavaThread "main" [_thread_in_vm, id=4500, stack(0x0000001a14d00000,0x0000001a14e00000)]
  0x000001f8e69db710 JavaThread "Reference Handler" daemon [_thread_blocked, id=48420, stack(0x0000001a15400000,0x0000001a15500000)]
  0x000001f8e69dc340 JavaThread "Finalizer" daemon [_thread_blocked, id=37068, stack(0x0000001a15500000,0x0000001a15600000)]
  0x000001f8e69df720 JavaThread "Signal Dispatcher" daemon [_thread_blocked, id=43056, stack(0x0000001a15600000,0x0000001a15700000)]
  0x000001f8e69e2a00 JavaThread "Attach Listener" daemon [_thread_blocked, id=52140, stack(0x0000001a15700000,0x0000001a15800000)]
  0x000001f8e69e3430 JavaThread "Service Thread" daemon [_thread_blocked, id=51672, stack(0x0000001a15800000,0x0000001a15900000)]
  0x000001f8e69e3e60 JavaThread "Monitor Deflation Thread" daemon [_thread_blocked, id=11804, stack(0x0000001a15900000,0x0000001a15a00000)]
  0x000001f8e69e77c0 JavaThread "C1 CompilerThread0" daemon [_thread_blocked, id=38856, stack(0x0000001a15a00000,0x0000001a15b00000)]
  0x000001f8f98ccad0 JavaThread "C1 CompilerThread1" daemon [_thread_blocked, id=7628, stack(0x0000001a15b00000,0x0000001a15c00000)]
  0x000001f8f98cf1c0 JavaThread "C1 CompilerThread2" daemon [_thread_blocked, id=43156, stack(0x0000001a15c00000,0x0000001a15d00000)]
  0x000001f8f99bcb10 JavaThread "Notification Thread" daemon [_thread_blocked, id=38528, stack(0x0000001a15d00000,0x0000001a15e00000)]
  0x000001f8f99bfae0 JavaThread "Common-Cleaner" daemon [_thread_blocked, id=51452, stack(0x0000001a15f00000,0x0000001a16000000)]

Other Threads:
  0x000001f8e69b73a0 VMThread "VM Thread" [stack: 0x0000001a15300000,0x0000001a15400000] [id=30232]
  0x000001f8f99bd670 WatcherThread "VM Periodic Task Thread" [stack: 0x0000001a15e00000,0x0000001a15f00000] [id=21600]
  0x000001f8e6cce850 WorkerThread "GC Thread#0" [stack: 0x0000001a14e00000,0x0000001a14f00000] [id=46580]
  0x000001f8e68779a0 ConcurrentGCThread "G1 Main Marker" [stack: 0x0000001a14f00000,0x0000001a15000000] [id=48784]
  0x000001f8e6878270 WorkerThread "G1 Conc#0" [stack: 0x0000001a15000000,0x0000001a15100000] [id=48296]
  0x000001f8e68fb5a0 ConcurrentGCThread "G1 Refine#0" [stack: 0x0000001a15100000,0x0000001a15200000] [id=39952]
  0x000001f8e68fbee0 ConcurrentGCThread "G1 Service" [stack: 0x0000001a15200000,0x0000001a15300000] [id=46200]

Threads with active compile tasks:

VM state: not at safepoint (normal execution)

VM Mutex/Monitor currently owned by a thread:  ([mutex/lock_event])
[0x000001f8e6ca0aa0] Metaspace_lock - owner thread: 0x000001f8e6ca4e10

Heap address: 0x0000000700000000, size: 4096 MB, Compressed Oops mode: Zero based, Oop shift amount: 3

CDS archive(s) mapped at: [0x000001f880000000-0x000001f880c60000-0x000001f880c60000), size 12976128, SharedBaseAddress: 0x000001f880000000, ArchiveRelocationMode: 1.
Compressed class space mapped at: 0x000001f881000000-0x000001f8c1000000, reserved size: 1073741824
Narrow klass base: 0x000001f880000000, Narrow klass shift: 0, Narrow klass range: 0x100000000

GC Precious Log:
 CardTable entry size: 512
 Card Set container configuration: InlinePtr #cards 4 size 8 Array Of Cards #cards 16 size 48 Howl #buckets 8 coarsen threshold 3686 Howl Bitmap #cards 512 size 80 coarsen threshold 460 Card regions per heap region 1 cards per card region 4096
 CPUs: 4 total, 4 available
 Memory: 16382M
 Large Page Support: Disabled
 NUMA Support: Disabled
 Compressed Oops: Enabled (Zero based)
 Heap Region Size: 2M
 Heap Min Capacity: 8M
 Heap Initial Capacity: 256M
 Heap Max Capacity: 4G
 Pre-touch: Disabled
 Parallel Workers: 4
 Concurrent Workers: 1
 Concurrent Refinement Workers: 4
 Periodic GC: Disabled

Heap:
 garbage-first heap   total 262144K, used 10240K [0x0000000700000000, 0x0000000800000000)
  region size 2048K, 6 young (12288K), 0 survivors (0K)
 Metaspace       used 2847K, committed 3008K, reserved 1114112K
  class space    used 350K, committed 448K, reserved 1048576K

Heap Regions: E=young(eden), S=young(survivor), O=old, HS=humongous(starts), HC=humongous(continues), CS=collection set, F=free, OA=open archive, CA=closed archive, TAMS=top-at-mark-start, PB=parsable bottom
|   0|0x0000000700000000, 0x0000000700000000, 0x0000000700200000|  0%| F|  |TAMS 0x0000000700000000| PB 0x0000000700000000| Untracked 
|   1|0x0000000700200000, 0x0000000700200000, 0x0000000700400000|  0%| F|  |TAMS 0x0000000700200000| PB 0x0000000700200000| Untracked 
|   2|0x0000000700400000, 0x0000000700400000, 0x0000000700600000|  0%| F|  |TAMS 0x0000000700400000| PB 0x0000000700400000| Untracked 
|   3|0x0000000700600000, 0x0000000700600000, 0x0000000700800000|  0%| F|  |TAMS 0x0000000700600000| PB 0x0000000700600000| Untracked 
|   4|0x0000000700800000, 0x0000000700800000, 0x0000000700a00000|  0%| F|  |TAMS 0x0000000700800000| PB 0x0000000700800000| Untracked 
|   5|0x0000000700a00000, 0x0000000700a00000, 0x0000000700c00000|  0%| F|  |TAMS 0x0000000700a00000| PB 0x0000000700a00000| Untracked 
|   6|0x0000000700c00000, 0x0000000700c00000, 0x0000000700e00000|  0%| F|  |TAMS 0x0000000700c00000| PB 0x0000000700c00000| Untracked 
|   7|0x0000000700e00000, 0x0000000700e00000, 0x0000000701000000|  0%| F|  |TAMS 0x0000000700e00000| PB 0x0000000700e00000| Untracked 
|   8|0x0000000701000000, 0x0000000701000000, 0x0000000701200000|  0%| F|  |TAMS 0x0000000701000000| PB 0x0000000701000000| Untracked 
|   9|0x0000000701200000, 0x0000000701200000, 0x0000000701400000|  0%| F|  |TAMS 0x0000000701200000| PB 0x0000000701200000| Untracked 
|  10|0x0000000701400000, 0x0000000701400000, 0x0000000701600000|  0%| F|  |TAMS 0x0000000701400000| PB 0x0000000701400000| Untracked 
|  11|0x0000000701600000, 0x0000000701600000, 0x0000000701800000|  0%| F|  |TAMS 0x0000000701600000| PB 0x0000000701600000| Untracked 
|  12|0x0000000701800000, 0x0000000701800000, 0x0000000701a00000|  0%| F|  |TAMS 0x0000000701800000| PB 0x0000000701800000| Untracked 
|  13|0x0000000701a00000, 0x0000000701a00000, 0x0000000701c00000|  0%| F|  |TAMS 0x0000000701a00000| PB 0x0000000701a00000| Untracked 
|  14|0x0000000701c00000, 0x0000000701c00000, 0x0000000701e00000|  0%| F|  |TAMS 0x0000000701c00000| PB 0x0000000701c00000| Untracked 
|  15|0x0000000701e00000, 0x0000000701e00000, 0x0000000702000000|  0%| F|  |TAMS 0x0000000701e00000| PB 0x0000000701e00000| Untracked 
|  16|0x0000000702000000, 0x0000000702000000, 0x0000000702200000|  0%| F|  |TAMS 0x0000000702000000| PB 0x0000000702000000| Untracked 
|  17|0x0000000702200000, 0x0000000702200000, 0x0000000702400000|  0%| F|  |TAMS 0x0000000702200000| PB 0x0000000702200000| Untracked 
|  18|0x0000000702400000, 0x0000000702400000, 0x0000000702600000|  0%| F|  |TAMS 0x0000000702400000| PB 0x0000000702400000| Untracked 
|  19|0x0000000702600000, 0x0000000702600000, 0x0000000702800000|  0%| F|  |TAMS 0x0000000702600000| PB 0x0000000702600000| Untracked 
|  20|0x0000000702800000, 0x0000000702800000, 0x0000000702a00000|  0%| F|  |TAMS 0x0000000702800000| PB 0x0000000702800000| Untracked 
|  21|0x0000000702a00000, 0x0000000702a00000, 0x0000000702c00000|  0%| F|  |TAMS 0x0000000702a00000| PB 0x0000000702a00000| Untracked 
|  22|0x0000000702c00000, 0x0000000702c00000, 0x0000000702e00000|  0%| F|  |TAMS 0x0000000702c00000| PB 0x0000000702c00000| Untracked 
|  23|0x0000000702e00000, 0x0000000702e00000, 0x0000000703000000|  0%| F|  |TAMS 0x0000000702e00000| PB 0x0000000702e00000| Untracked 
|  24|0x0000000703000000, 0x0000000703000000, 0x0000000703200000|  0%| F|  |TAMS 0x0000000703000000| PB 0x0000000703000000| Untracked 
|  25|0x0000000703200000, 0x0000000703200000, 0x0000000703400000|  0%| F|  |TAMS 0x0000000703200000| PB 0x0000000703200000| Untracked 
|  26|0x0000000703400000, 0x0000000703400000, 0x0000000703600000|  0%| F|  |TAMS 0x0000000703400000| PB 0x0000000703400000| Untracked 
|  27|0x0000000703600000, 0x0000000703600000, 0x0000000703800000|  0%| F|  |TAMS 0x0000000703600000| PB 0x0000000703600000| Untracked 
|  28|0x0000000703800000, 0x0000000703800000, 0x0000000703a00000|  0%| F|  |TAMS 0x0000000703800000| PB 0x0000000703800000| Untracked 
|  29|0x0000000703a00000, 0x0000000703a00000, 0x0000000703c00000|  0%| F|  |TAMS 0x0000000703a00000| PB 0x0000000703a00000| Untracked 
|  30|0x0000000703c00000, 0x0000000703c00000, 0x0000000703e00000|  0%| F|  |TAMS 0x0000000703c00000| PB 0x0000000703c00000| Untracked 
|  31|0x0000000703e00000, 0x0000000703e00000, 0x0000000704000000|  0%| F|  |TAMS 0x0000000703e00000| PB 0x0000000703e00000| Untracked 
|  32|0x0000000704000000, 0x0000000704000000, 0x0000000704200000|  0%| F|  |TAMS 0x0000000704000000| PB 0x0000000704000000| Untracked 
|  33|0x0000000704200000, 0x0000000704200000, 0x0000000704400000|  0%| F|  |TAMS 0x0000000704200000| PB 0x0000000704200000| Untracked 
|  34|0x0000000704400000, 0x0000000704400000, 0x0000000704600000|  0%| F|  |TAMS 0x0000000704400000| PB 0x0000000704400000| Untracked 
|  35|0x0000000704600000, 0x0000000704600000, 0x0000000704800000|  0%| F|  |TAMS 0x0000000704600000| PB 0x0000000704600000| Untracked 
|  36|0x0000000704800000, 0x0000000704800000, 0x0000000704a00000|  0%| F|  |TAMS 0x0000000704800000| PB 0x0000000704800000| Untracked 
|  37|0x0000000704a00000, 0x0000000704a00000, 0x0000000704c00000|  0%| F|  |TAMS 0x0000000704a00000| PB 0x0000000704a00000| Untracked 
|  38|0x0000000704c00000, 0x0000000704c00000, 0x0000000704e00000|  0%| F|  |TAMS 0x0000000704c00000| PB 0x0000000704c00000| Untracked 
|  39|0x0000000704e00000, 0x0000000704e00000, 0x0000000705000000|  0%| F|  |TAMS 0x0000000704e00000| PB 0x0000000704e00000| Untracked 
|  40|0x0000000705000000, 0x0000000705000000, 0x0000000705200000|  0%| F|  |TAMS 0x0000000705000000| PB 0x0000000705000000| Untracked 
|  41|0x0000000705200000, 0x0000000705200000, 0x0000000705400000|  0%| F|  |TAMS 0x0000000705200000| PB 0x0000000705200000| Untracked 
|  42|0x0000000705400000, 0x0000000705400000, 0x0000000705600000|  0%| F|  |TAMS 0x0000000705400000| PB 0x0000000705400000| Untracked 
|  43|0x0000000705600000, 0x0000000705600000, 0x0000000705800000|  0%| F|  |TAMS 0x0000000705600000| PB 0x0000000705600000| Untracked 
|  44|0x0000000705800000, 0x0000000705800000, 0x0000000705a00000|  0%| F|  |TAMS 0x0000000705800000| PB 0x0000000705800000| Untracked 
|  45|0x0000000705a00000, 0x0000000705a00000, 0x0000000705c00000|  0%| F|  |TAMS 0x0000000705a00000| PB 0x0000000705a00000| Untracked 
|  46|0x0000000705c00000, 0x0000000705c00000, 0x0000000705e00000|  0%| F|  |TAMS 0x0000000705c00000| PB 0x0000000705c00000| Untracked 
|  47|0x0000000705e00000, 0x0000000705e00000, 0x0000000706000000|  0%| F|  |TAMS 0x0000000705e00000| PB 0x0000000705e00000| Untracked 
|  48|0x0000000706000000, 0x0000000706000000, 0x0000000706200000|  0%| F|  |TAMS 0x0000000706000000| PB 0x0000000706000000| Untracked 
|  49|0x0000000706200000, 0x0000000706200000, 0x0000000706400000|  0%| F|  |TAMS 0x0000000706200000| PB 0x0000000706200000| Untracked 
|  50|0x0000000706400000, 0x0000000706400000, 0x0000000706600000|  0%| F|  |TAMS 0x0000000706400000| PB 0x0000000706400000| Untracked 
|  51|0x0000000706600000, 0x0000000706600000, 0x0000000706800000|  0%| F|  |TAMS 0x0000000706600000| PB 0x0000000706600000| Untracked 
|  52|0x0000000706800000, 0x0000000706800000, 0x0000000706a00000|  0%| F|  |TAMS 0x0000000706800000| PB 0x0000000706800000| Untracked 
|  53|0x0000000706a00000, 0x0000000706a00000, 0x0000000706c00000|  0%| F|  |TAMS 0x0000000706a00000| PB 0x0000000706a00000| Untracked 
|  54|0x0000000706c00000, 0x0000000706c00000, 0x0000000706e00000|  0%| F|  |TAMS 0x0000000706c00000| PB 0x0000000706c00000| Untracked 
|  55|0x0000000706e00000, 0x0000000706e00000, 0x0000000707000000|  0%| F|  |TAMS 0x0000000706e00000| PB 0x0000000706e00000| Untracked 
|  56|0x0000000707000000, 0x0000000707000000, 0x0000000707200000|  0%| F|  |TAMS 0x0000000707000000| PB 0x0000000707000000| Untracked 
|  57|0x0000000707200000, 0x0000000707200000, 0x0000000707400000|  0%| F|  |TAMS 0x0000000707200000| PB 0x0000000707200000| Untracked 
|  58|0x0000000707400000, 0x0000000707400000, 0x0000000707600000|  0%| F|  |TAMS 0x0000000707400000| PB 0x0000000707400000| Untracked 
|  59|0x0000000707600000, 0x0000000707600000, 0x0000000707800000|  0%| F|  |TAMS 0x0000000707600000| PB 0x0000000707600000| Untracked 
|  60|0x0000000707800000, 0x0000000707800000, 0x0000000707a00000|  0%| F|  |TAMS 0x0000000707800000| PB 0x0000000707800000| Untracked 
|  61|0x0000000707a00000, 0x0000000707a00000, 0x0000000707c00000|  0%| F|  |TAMS 0x0000000707a00000| PB 0x0000000707a00000| Untracked 
|  62|0x0000000707c00000, 0x0000000707c00000, 0x0000000707e00000|  0%| F|  |TAMS 0x0000000707c00000| PB 0x0000000707c00000| Untracked 
|  63|0x0000000707e00000, 0x0000000707e00000, 0x0000000708000000|  0%| F|  |TAMS 0x0000000707e00000| PB 0x0000000707e00000| Untracked 
|  64|0x0000000708000000, 0x0000000708000000, 0x0000000708200000|  0%| F|  |TAMS 0x0000000708000000| PB 0x0000000708000000| Untracked 
|  65|0x0000000708200000, 0x0000000708200000, 0x0000000708400000|  0%| F|  |TAMS 0x0000000708200000| PB 0x0000000708200000| Untracked 
|  66|0x0000000708400000, 0x0000000708400000, 0x0000000708600000|  0%| F|  |TAMS 0x0000000708400000| PB 0x0000000708400000| Untracked 
|  67|0x0000000708600000, 0x0000000708600000, 0x0000000708800000|  0%| F|  |TAMS 0x0000000708600000| PB 0x0000000708600000| Untracked 
|  68|0x0000000708800000, 0x0000000708800000, 0x0000000708a00000|  0%| F|  |TAMS 0x0000000708800000| PB 0x0000000708800000| Untracked 
|  69|0x0000000708a00000, 0x0000000708a00000, 0x0000000708c00000|  0%| F|  |TAMS 0x0000000708a00000| PB 0x0000000708a00000| Untracked 
|  70|0x0000000708c00000, 0x0000000708c00000, 0x0000000708e00000|  0%| F|  |TAMS 0x0000000708c00000| PB 0x0000000708c00000| Untracked 
|  71|0x0000000708e00000, 0x0000000708e00000, 0x0000000709000000|  0%| F|  |TAMS 0x0000000708e00000| PB 0x0000000708e00000| Untracked 
|  72|0x0000000709000000, 0x0000000709000000, 0x0000000709200000|  0%| F|  |TAMS 0x0000000709000000| PB 0x0000000709000000| Untracked 
|  73|0x0000000709200000, 0x0000000709200000, 0x0000000709400000|  0%| F|  |TAMS 0x0000000709200000| PB 0x0000000709200000| Untracked 
|  74|0x0000000709400000, 0x0000000709400000, 0x0000000709600000|  0%| F|  |TAMS 0x0000000709400000| PB 0x0000000709400000| Untracked 
|  75|0x0000000709600000, 0x0000000709600000, 0x0000000709800000|  0%| F|  |TAMS 0x0000000709600000| PB 0x0000000709600000| Untracked 
|  76|0x0000000709800000, 0x0000000709800000, 0x0000000709a00000|  0%| F|  |TAMS 0x0000000709800000| PB 0x0000000709800000| Untracked 
|  77|0x0000000709a00000, 0x0000000709a00000, 0x0000000709c00000|  0%| F|  |TAMS 0x0000000709a00000| PB 0x0000000709a00000| Untracked 
|  78|0x0000000709c00000, 0x0000000709c00000, 0x0000000709e00000|  0%| F|  |TAMS 0x0000000709c00000| PB 0x0000000709c00000| Untracked 
|  79|0x0000000709e00000, 0x0000000709e00000, 0x000000070a000000|  0%| F|  |TAMS 0x0000000709e00000| PB 0x0000000709e00000| Untracked 
|  80|0x000000070a000000, 0x000000070a000000, 0x000000070a200000|  0%| F|  |TAMS 0x000000070a000000| PB 0x000000070a000000| Untracked 
|  81|0x000000070a200000, 0x000000070a200000, 0x000000070a400000|  0%| F|  |TAMS 0x000000070a200000| PB 0x000000070a200000| Untracked 
|  82|0x000000070a400000, 0x000000070a400000, 0x000000070a600000|  0%| F|  |TAMS 0x000000070a400000| PB 0x000000070a400000| Untracked 
|  83|0x000000070a600000, 0x000000070a600000, 0x000000070a800000|  0%| F|  |TAMS 0x000000070a600000| PB 0x000000070a600000| Untracked 
|  84|0x000000070a800000, 0x000000070a800000, 0x000000070aa00000|  0%| F|  |TAMS 0x000000070a800000| PB 0x000000070a800000| Untracked 
|  85|0x000000070aa00000, 0x000000070aa00000, 0x000000070ac00000|  0%| F|  |TAMS 0x000000070aa00000| PB 0x000000070aa00000| Untracked 
|  86|0x000000070ac00000, 0x000000070ac00000, 0x000000070ae00000|  0%| F|  |TAMS 0x000000070ac00000| PB 0x000000070ac00000| Untracked 
|  87|0x000000070ae00000, 0x000000070ae00000, 0x000000070b000000|  0%| F|  |TAMS 0x000000070ae00000| PB 0x000000070ae00000| Untracked 
|  88|0x000000070b000000, 0x000000070b000000, 0x000000070b200000|  0%| F|  |TAMS 0x000000070b000000| PB 0x000000070b000000| Untracked 
|  89|0x000000070b200000, 0x000000070b200000, 0x000000070b400000|  0%| F|  |TAMS 0x000000070b200000| PB 0x000000070b200000| Untracked 
|  90|0x000000070b400000, 0x000000070b400000, 0x000000070b600000|  0%| F|  |TAMS 0x000000070b400000| PB 0x000000070b400000| Untracked 
|  91|0x000000070b600000, 0x000000070b600000, 0x000000070b800000|  0%| F|  |TAMS 0x000000070b600000| PB 0x000000070b600000| Untracked 
|  92|0x000000070b800000, 0x000000070b800000, 0x000000070ba00000|  0%| F|  |TAMS 0x000000070b800000| PB 0x000000070b800000| Untracked 
|  93|0x000000070ba00000, 0x000000070ba00000, 0x000000070bc00000|  0%| F|  |TAMS 0x000000070ba00000| PB 0x000000070ba00000| Untracked 
|  94|0x000000070bc00000, 0x000000070bc00000, 0x000000070be00000|  0%| F|  |TAMS 0x000000070bc00000| PB 0x000000070bc00000| Untracked 
|  95|0x000000070be00000, 0x000000070be00000, 0x000000070c000000|  0%| F|  |TAMS 0x000000070be00000| PB 0x000000070be00000| Untracked 
|  96|0x000000070c000000, 0x000000070c000000, 0x000000070c200000|  0%| F|  |TAMS 0x000000070c000000| PB 0x000000070c000000| Untracked 
|  97|0x000000070c200000, 0x000000070c200000, 0x000000070c400000|  0%| F|  |TAMS 0x000000070c200000| PB 0x000000070c200000| Untracked 
|  98|0x000000070c400000, 0x000000070c400000, 0x000000070c600000|  0%| F|  |TAMS 0x000000070c400000| PB 0x000000070c400000| Untracked 
|  99|0x000000070c600000, 0x000000070c600000, 0x000000070c800000|  0%| F|  |TAMS 0x000000070c600000| PB 0x000000070c600000| Untracked 
| 100|0x000000070c800000, 0x000000070c800000, 0x000000070ca00000|  0%| F|  |TAMS 0x000000070c800000| PB 0x000000070c800000| Untracked 
| 101|0x000000070ca00000, 0x000000070ca00000, 0x000000070cc00000|  0%| F|  |TAMS 0x000000070ca00000| PB 0x000000070ca00000| Untracked 
| 102|0x000000070cc00000, 0x000000070cc00000, 0x000000070ce00000|  0%| F|  |TAMS 0x000000070cc00000| PB 0x000000070cc00000| Untracked 
| 103|0x000000070ce00000, 0x000000070ce00000, 0x000000070d000000|  0%| F|  |TAMS 0x000000070ce00000| PB 0x000000070ce00000| Untracked 
| 104|0x000000070d000000, 0x000000070d000000, 0x000000070d200000|  0%| F|  |TAMS 0x000000070d000000| PB 0x000000070d000000| Untracked 
| 105|0x000000070d200000, 0x000000070d200000, 0x000000070d400000|  0%| F|  |TAMS 0x000000070d200000| PB 0x000000070d200000| Untracked 
| 106|0x000000070d400000, 0x000000070d400000, 0x000000070d600000|  0%| F|  |TAMS 0x000000070d400000| PB 0x000000070d400000| Untracked 
| 107|0x000000070d600000, 0x000000070d600000, 0x000000070d800000|  0%| F|  |TAMS 0x000000070d600000| PB 0x000000070d600000| Untracked 
| 108|0x000000070d800000, 0x000000070d800000, 0x000000070da00000|  0%| F|  |TAMS 0x000000070d800000| PB 0x000000070d800000| Untracked 
| 109|0x000000070da00000, 0x000000070da00000, 0x000000070dc00000|  0%| F|  |TAMS 0x000000070da00000| PB 0x000000070da00000| Untracked 
| 110|0x000000070dc00000, 0x000000070dc00000, 0x000000070de00000|  0%| F|  |TAMS 0x000000070dc00000| PB 0x000000070dc00000| Untracked 
| 111|0x000000070de00000, 0x000000070de00000, 0x000000070e000000|  0%| F|  |TAMS 0x000000070de00000| PB 0x000000070de00000| Untracked 
| 112|0x000000070e000000, 0x000000070e000000, 0x000000070e200000|  0%| F|  |TAMS 0x000000070e000000| PB 0x000000070e000000| Untracked 
| 113|0x000000070e200000, 0x000000070e200000, 0x000000070e400000|  0%| F|  |TAMS 0x000000070e200000| PB 0x000000070e200000| Untracked 
| 114|0x000000070e400000, 0x000000070e400000, 0x000000070e600000|  0%| F|  |TAMS 0x000000070e400000| PB 0x000000070e400000| Untracked 
| 115|0x000000070e600000, 0x000000070e600000, 0x000000070e800000|  0%| F|  |TAMS 0x000000070e600000| PB 0x000000070e600000| Untracked 
| 116|0x000000070e800000, 0x000000070e800000, 0x000000070ea00000|  0%| F|  |TAMS 0x000000070e800000| PB 0x000000070e800000| Untracked 
| 117|0x000000070ea00000, 0x000000070ea00000, 0x000000070ec00000|  0%| F|  |TAMS 0x000000070ea00000| PB 0x000000070ea00000| Untracked 
| 118|0x000000070ec00000, 0x000000070ec00000, 0x000000070ee00000|  0%| F|  |TAMS 0x000000070ec00000| PB 0x000000070ec00000| Untracked 
| 119|0x000000070ee00000, 0x000000070ee00000, 0x000000070f000000|  0%| F|  |TAMS 0x000000070ee00000| PB 0x000000070ee00000| Untracked 
| 120|0x000000070f000000, 0x000000070f000000, 0x000000070f200000|  0%| F|  |TAMS 0x000000070f000000| PB 0x000000070f000000| Untracked 
| 121|0x000000070f200000, 0x000000070f200000, 0x000000070f400000|  0%| F|  |TAMS 0x000000070f200000| PB 0x000000070f200000| Untracked 
| 122|0x000000070f400000, 0x000000070f47ba90, 0x000000070f600000| 24%| E|  |TAMS 0x000000070f400000| PB 0x000000070f400000| Complete 
| 123|0x000000070f600000, 0x000000070f800000, 0x000000070f800000|100%| E|CS|TAMS 0x000000070f600000| PB 0x000000070f600000| Complete 
| 124|0x000000070f800000, 0x000000070fa00000, 0x000000070fa00000|100%| E|CS|TAMS 0x000000070f800000| PB 0x000000070f800000| Complete 
| 125|0x000000070fa00000, 0x000000070fc00000, 0x000000070fc00000|100%| E|CS|TAMS 0x000000070fa00000| PB 0x000000070fa00000| Complete 
| 126|0x000000070fc00000, 0x000000070fe00000, 0x000000070fe00000|100%| E|CS|TAMS 0x000000070fc00000| PB 0x000000070fc00000| Complete 
| 127|0x000000070fe00000, 0x0000000710000000, 0x0000000710000000|100%| E|CS|TAMS 0x000000070fe00000| PB 0x000000070fe00000| Complete 

Card table byte_map: [0x000001f8f24e0000,0x000001f8f2ce0000] _byte_map_base: 0x000001f8eece0000

Marking Bits: (CMBitMap*) 0x000001f8e6867160
 Bits: [0x000001f8f34e0000, 0x000001f8f74e0000)

Polling page: 0x000001f8e6230000

Metaspace:

Usage:
  Non-class:      2.44 MB used.
      Class:    350.44 KB used.
       Both:      2.78 MB used.

Virtual space:
  Non-class space:       64.00 MB reserved,       2.50 MB (  4%) committed,  1 nodes.
      Class space:        1.00 GB reserved,     448.00 KB ( <1%) committed,  1 nodes.
             Both:        1.06 GB reserved,       2.94 MB ( <1%) committed. 

Chunk freelists:
   Non-Class:  2.73 MB
       Class:  3.55 MB
        Both:  6.28 MB

MaxMetaspaceSize: unlimited
CompressedClassSpaceSize: 1.00 GB
Initial GC threshold: 21.00 MB
Current GC threshold: 21.00 MB
CDS: on
MetaspaceReclaimPolicy: balanced
 - commit_granule_bytes: 65536.
 - commit_granule_words: 8192.
 - virtual_space_node_default_size: 8388608.
 - enlarge_chunks_in_place: 1.
 - new_chunks_are_fully_committed: 0.
 - uncommit_free_chunks: 1.
 - use_allocation_guard: 0.


Internal statistics:

num_allocs_failed_limit: 0.
num_arena_births: 70.
num_arena_deaths: 0.
num_vsnodes_births: 2.
num_vsnodes_deaths: 0.
num_space_committed: 47.
num_space_uncommitted: 0.
num_chunks_returned_to_freelist: 0.
num_chunks_taken_from_freelist: 157.
num_chunk_merges: 0.
num_chunk_splits: 88.
num_chunks_enlarged: 59.
num_inconsistent_stats: 0.

CodeCache: size=49152Kb used=3610Kb max_used=3610Kb free=45541Kb
 bounds [0x000001f8eece0000, 0x000001f8ef070000, 0x000001f8f1ce0000]
 total_blobs=1145 nmethods=719 adapters=350
 compilation: enabled
              stopped_count=0, restarted_count=0
 full_count=0

Compilation events (20 events):
Event: 1.101 Thread 0x000001f8f98ccad0  710       1       jdk.internal.loader.Resource::<init> (5 bytes)
Event: 1.101 Thread 0x000001f8f98ccad0 nmethod 710 0x000001f8ef060d10 code [0x000001f8ef060e80, 0x000001f8ef060f48]
Event: 1.101 Thread 0x000001f8f98cf1c0  711   !   1       jdk.internal.loader.BuiltinClassLoader::findClassOnClassPathOrNull (64 bytes)
Event: 1.102 Thread 0x000001f8e69e77c0  712   !   1       jdk.internal.loader.URLClassPath$JarLoader::checkResource (73 bytes)
Event: 1.102 Thread 0x000001f8f98ccad0  713       1       sun.net.www.protocol.jar.Handler::parseURL (173 bytes)
Event: 1.102 Thread 0x000001f8e69e77c0 nmethod 712 0x000001f8ef061010 code [0x000001f8ef061200, 0x000001f8ef061728]
Event: 1.102 Thread 0x000001f8e69e77c0  714       1       sun.net.www.protocol.jar.Handler::parseContextSpec (150 bytes)
Event: 1.102 Thread 0x000001f8f98ccad0 nmethod 713 0x000001f8ef061990 code [0x000001f8ef061bc0, 0x000001f8ef0620f0]
Event: 1.102 Thread 0x000001f8f98cf1c0 nmethod 711 0x000001f8ef062510 code [0x000001f8ef062740, 0x000001f8ef062d40]
Event: 1.102 Thread 0x000001f8f98ccad0  715       1       sun.net.www.protocol.jar.Handler::indexOfBangSlash (52 bytes)
Event: 1.102 Thread 0x000001f8f98cf1c0  716       1       sun.net.www.protocol.jar.Handler::canonicalizeString (72 bytes)
Event: 1.103 Thread 0x000001f8f98ccad0 nmethod 715 0x000001f8ef063110 code [0x000001f8ef0632c0, 0x000001f8ef063598]
Event: 1.103 Thread 0x000001f8f98ccad0  717       1       java.net.URLStreamHandler::setURL (159 bytes)
Event: 1.103 Thread 0x000001f8f98cf1c0 nmethod 716 0x000001f8ef063810 code [0x000001f8ef063a20, 0x000001f8ef063ec0]
Event: 1.103 Thread 0x000001f8f98cf1c0  718       1       jdk.internal.loader.URLClassPath$JarLoader$2::<init> (31 bytes)
Event: 1.103 Thread 0x000001f8e69e77c0 nmethod 714 0x000001f8ef064290 code [0x000001f8ef064540, 0x000001f8ef064de8]
Event: 1.103 Thread 0x000001f8f98cf1c0 nmethod 718 0x000001f8ef065410 code [0x000001f8ef0655a0, 0x000001f8ef065828]
Event: 1.104 Thread 0x000001f8f98ccad0 nmethod 717 0x000001f8ef065890 code [0x000001f8ef065ac0, 0x000001f8ef066158]
Event: 1.107 Thread 0x000001f8f98cf1c0  719       1       java.lang.Record::<init> (5 bytes)
Event: 1.107 Thread 0x000001f8f98cf1c0 nmethod 719 0x000001f8ef066710 code [0x000001f8ef066880, 0x000001f8ef066948]

GC Heap History (0 events):
No events

Dll operation events (6 events):
Event: 0.018 Loaded shared library C:\Program Files\Java\jdk-20\bin\java.dll
Event: 0.052 Loaded shared library C:\Program Files\Java\jdk-20\bin\jsvml.dll
Event: 0.301 Loaded shared library C:\Program Files\Java\jdk-20\bin\net.dll
Event: 0.309 Loaded shared library C:\Program Files\Java\jdk-20\bin\nio.dll
Event: 0.319 Loaded shared library C:\Program Files\Java\jdk-20\bin\zip.dll
Event: 0.597 Loaded shared library C:\Program Files\Java\jdk-20\bin\jimage.dll

Deoptimization events (0 events):
No events

Classes loaded (20 events):
Event: 1.090 Loading class java/lang/WeakPairMap$WeakRefPeer done
Event: 1.090 Loading class java/lang/WeakPairMap$Pair$Weak done
Event: 1.090 Loading class java/lang/WeakPairMap$Pair$Weak$1
Event: 1.090 Loading class java/lang/WeakPairMap$Pair$Weak$1 done
Event: 1.091 Loading class java/lang/reflect/Proxy$ProxyBuilder$ProxyClassContext
Event: 1.091 Loading class java/lang/reflect/Proxy$ProxyBuilder$ProxyClassContext done
Event: 1.092 Loading class java/lang/reflect/ProxyGenerator
Event: 1.092 Loading class java/lang/reflect/ProxyGenerator done
Event: 1.092 Loading class java/lang/reflect/ProxyGenerator$ProxyMethod
Event: 1.092 Loading class java/lang/reflect/ProxyGenerator$ProxyMethod done
Event: 1.094 Loading class java/lang/reflect/ProxyGenerator$PrimitiveTypeInfo
Event: 1.094 Loading class java/lang/reflect/ProxyGenerator$PrimitiveTypeInfo done
Event: 1.094 Loading class jdk/internal/org/objectweb/asm/Edge
Event: 1.094 Loading class jdk/internal/org/objectweb/asm/Edge done
Event: 1.096 Loading class java/lang/reflect/Proxy$ProxyBuilder$1
Event: 1.096 Loading class java/lang/reflect/Proxy$ProxyBuilder$1 done
Event: 1.097 Loading class java/lang/annotation/Target
Event: 1.097 Loading class java/lang/annotation/Target done
Event: 1.099 Loading class java/util/NoSuchElementException
Event: 1.100 Loading class java/util/NoSuchElementException done

Classes unloaded (0 events):
No events

Classes redefined (0 events):
No events

Internal exceptions (5 events):
Event: 0.743 Thread 0x000001f8e6ca4e10 Exception <a 'java/lang/ClassNotFoundException'{0x000000070fbdf558}: javax/smartcardio/CardPermission> (0x000000070fbdf558) 
thrown [s\open\src\hotspot\share\classfile\systemDictionary.cpp, line 305]
Event: 0.747 Thread 0x000001f8e6ca4e10 Exception <a 'java/io/FileNotFoundException'{0x000000070fbedd68}> (0x000000070fbedd68) 
thrown [s\open\src\hotspot\share\prims\jni.cpp, line 519]
Event: 0.908 Thread 0x000001f8e6ca4e10 Exception <a 'java/lang/NoSuchMethodError'{0x000000070f610b98}: 'void java.lang.invoke.DirectMethodHandle$Holder.invokeStatic(java.lang.Object, java.lang.Object, java.lang.Object, java.lang.Object)'> (0x000000070f610b98) 
thrown [s\open\src\hotspot\share\interpreter\linkResolver.cpp, line 773]
Event: 0.984 Thread 0x000001f8e6ca4e10 Exception <a 'java/lang/NoSuchMethodError'{0x000000070f71e3e8}: 'int java.lang.invoke.DirectMethodHandle$Holder.invokeStaticInit(java.lang.Object, java.lang.Object)'> (0x000000070f71e3e8) 
thrown [s\open\src\hotspot\share\interpreter\linkResolver.cpp, line 773]
Event: 1.027 Thread 0x000001f8e6ca4e10 Exception <a 'java/lang/NoSuchMethodError'{0x000000070f73d858}: 'void java.lang.invoke.DirectMethodHandle$Holder.invokeInterface(java.lang.Object, java.lang.Object, java.lang.Object, java.lang.Object)'> (0x000000070f73d858) 
thrown [s\open\src\hotspot\share\interpreter\linkResolver.cpp, line 773]

VM Operations (6 events):
Event: 0.328 Executing VM operation: HandshakeAllThreads
Event: 0.328 Executing VM operation: HandshakeAllThreads done
Event: 0.604 Executing VM operation: HandshakeAllThreads
Event: 0.604 Executing VM operation: HandshakeAllThreads done
Event: 0.873 Executing VM operation: HandshakeAllThreads
Event: 0.873 Executing VM operation: HandshakeAllThreads done

Events (12 events):
Event: 0.052 Thread 0x000001f8e6ca4e10 Thread added: 0x000001f8e6ca4e10
Event: 0.071 Thread 0x000001f8e69db710 Thread added: 0x000001f8e69db710
Event: 0.071 Thread 0x000001f8e69dc340 Thread added: 0x000001f8e69dc340
Event: 0.071 Thread 0x000001f8e69df720 Thread added: 0x000001f8e69df720
Event: 0.071 Thread 0x000001f8e69e2a00 Thread added: 0x000001f8e69e2a00
Event: 0.072 Thread 0x000001f8e69e3430 Thread added: 0x000001f8e69e3430
Event: 0.072 Thread 0x000001f8e69e3e60 Thread added: 0x000001f8e69e3e60
Event: 0.072 Thread 0x000001f8e69e77c0 Thread added: 0x000001f8e69e77c0
Event: 0.088 Thread 0x000001f8f98ccad0 Thread added: 0x000001f8f98ccad0
Event: 0.089 Thread 0x000001f8f98cf1c0 Thread added: 0x000001f8f98cf1c0
Event: 0.277 Thread 0x000001f8f99bcb10 Thread added: 0x000001f8f99bcb10
Event: 0.282 Thread 0x000001f8f99bfae0 Thread added: 0x000001f8f99bfae0


Dynamic libraries:
0x00007ff6abae0000 - 0x00007ff6abaf0000 	C:\Program Files\Java\jdk-20\bin\java.exe
0x00007ffa2de10000 - 0x00007ffa2e024000 	C:\Windows\SYSTEM32\ntdll.dll
0x00007ffa2c910000 - 0x00007ffa2c9d4000 	C:\Windows\System32\KERNEL32.DLL
0x00007ffa2b450000 - 0x00007ffa2b7f4000 	C:\Windows\System32\KERNELBASE.dll
0x00007ffa2b990000 - 0x00007ffa2baa1000 	C:\Windows\System32\ucrtbase.dll
0x00007ffa0f020000 - 0x00007ffa0f039000 	C:\Program Files\Java\jdk-20\bin\jli.dll
0x00007ffa2c1c0000 - 0x00007ffa2c270000 	C:\Windows\System32\ADVAPI32.dll
0x00007ffa2c5c0000 - 0x00007ffa2c667000 	C:\Windows\System32\msvcrt.dll
0x00007ffa2c480000 - 0x00007ffa2c526000 	C:\Windows\System32\sechost.dll
0x00007ffa2ca50000 - 0x00007ffa2cb67000 	C:\Windows\System32\RPCRT4.dll
0x00007ffa2be70000 - 0x00007ffa2c01a000 	C:\Windows\System32\USER32.dll
0x00007ffa2b2b0000 - 0x00007ffa2b2d6000 	C:\Windows\System32\win32u.dll
0x00007ffa2d8f0000 - 0x00007ffa2d919000 	C:\Windows\System32\GDI32.dll
0x00007ffa2bab0000 - 0x00007ffa2bbc9000 	C:\Windows\System32\gdi32full.dll
0x00007ffa2b800000 - 0x00007ffa2b89a000 	C:\Windows\System32\msvcp_win.dll
0x00007ffa05e10000 - 0x00007ffa05e2b000 	C:\Program Files\Java\jdk-20\bin\VCRUNTIME140.dll
0x00007ffa0e890000 - 0x00007ffa0eb1f000 	C:\Windows\WinSxS\amd64_microsoft.windows.common-controls_6595b64144ccf1df_6.0.22621.2070_none_2713e6537381f706\COMCTL32.dll
0x00007ffa1bfb0000 - 0x00007ffa1bfba000 	C:\Windows\SYSTEM32\VERSION.dll
0x00007ffa2d810000 - 0x00007ffa2d841000 	C:\Windows\System32\IMM32.DLL
0x00007ff9ec3b0000 - 0x00007ff9ec9ef000 	C:\Program Files\McAfee\DLP\Agent\fcagpph64.dll
0x00007ffa2cff0000 - 0x00007ffa2d806000 	C:\Windows\System32\SHELL32.dll
0x00007ffa2c680000 - 0x00007ffa2c81c000 	C:\Windows\System32\ole32.dll
0x00007ffa2d920000 - 0x00007ffa2dcaa000 	C:\Windows\System32\combase.dll
0x00007ffa2c270000 - 0x00007ffa2c2ce000 	C:\Windows\System32\SHLWAPI.dll
0x00007ffa2d870000 - 0x00007ffa2d8e1000 	C:\Windows\System32\WS2_32.dll
0x00007ffa2bbd0000 - 0x00007ffa2bca7000 	C:\Windows\System32\OLEAUT32.dll
0x00007ffa1b150000 - 0x00007ffa1b1ef000 	C:\Windows\SYSTEM32\WINSPOOL.DRV
0x00007ffa2c2d0000 - 0x00007ffa2c3c3000 	C:\Windows\System32\shcore.dll
0x00007ffa2a4a0000 - 0x00007ffa2a4e2000 	C:\Windows\SYSTEM32\SspiCli.dll
0x00007ffa2a260000 - 0x00007ffa2a294000 	C:\Windows\SYSTEM32\ntmarta.dll
0x00007ff9e8170000 - 0x00007ff9e8603000 	C:\Program Files\McAfee\DLP\Agent\fcagafa64.dll
0x000001f8e6260000 - 0x000001f8e6274000 	C:\Windows\System32\umppc17212.dll
0x00007ffa122d0000 - 0x00007ffa122dc000 	C:\Program Files\Java\jdk-20\bin\vcruntime140_1.dll
0x00007ff9f9b60000 - 0x00007ff9f9bee000 	C:\Program Files\Java\jdk-20\bin\msvcp140.dll
0x00007ff9994c0000 - 0x00007ff99a158000 	C:\Program Files\Java\jdk-20\bin\server\jvm.dll
0x00007ffa147e0000 - 0x00007ffa147e9000 	C:\Windows\SYSTEM32\WSOCK32.dll
0x00007ffa1c3e0000 - 0x00007ffa1c414000 	C:\Windows\SYSTEM32\WINMM.dll
0x00007ffa2a100000 - 0x00007ffa2a118000 	C:\Windows\SYSTEM32\kernel.appcore.dll
0x00007ffa0f010000 - 0x00007ffa0f01a000 	C:\Program Files\Java\jdk-20\bin\jimage.dll
0x00007ffa16af0000 - 0x00007ffa16d1e000 	C:\Windows\SYSTEM32\DBGHELP.DLL
0x00007ffa16ab0000 - 0x00007ffa16ae2000 	C:\Windows\SYSTEM32\dbgcore.DLL
0x000001f8e6280000 - 0x000001f8e62fa000 	C:\Windows\System32\bcryptPrimitives.dll
0x00007ffa05da0000 - 0x00007ffa05dc6000 	C:\Program Files\Java\jdk-20\bin\java.dll
0x00007ff9a16e0000 - 0x00007ff9a17b7000 	C:\Program Files\Java\jdk-20\bin\jsvml.dll
0x000001f8fe000000 - 0x000001f8fe8ea000 	C:\Windows\SYSTEM32\windows.storage.dll
0x00007ffa25200000 - 0x00007ffa2533e000 	C:\Windows\SYSTEM32\wintypes.dll
0x00007ffa2b120000 - 0x00007ffa2b146000 	C:\Windows\SYSTEM32\profapi.dll
0x00007ffa05d80000 - 0x00007ffa05d93000 	C:\Program Files\Java\jdk-20\bin\net.dll
0x00007ffa2a120000 - 0x00007ffa2a257000 	C:\Windows\SYSTEM32\WINHTTP.dll
0x00007ffa2a6b0000 - 0x00007ffa2a719000 	C:\Windows\system32\mswsock.dll
0x00007ffa004a0000 - 0x00007ffa004b6000 	C:\Program Files\Java\jdk-20\bin\nio.dll
0x00007ffa00480000 - 0x00007ffa00498000 	C:\Program Files\Java\jdk-20\bin\zip.dll

dbghelp: loaded successfully - version: 4.0.5 - missing functions: none
symbol engine: initialized successfully - sym options: 0x614 - pdb path: .;C:\Program Files\Java\jdk-20\bin;C:\Windows\SYSTEM32;C:\Windows\WinSxS\amd64_microsoft.windows.common-controls_6595b64144ccf1df_6.0.22621.2070_none_2713e6537381f706;C:\Program Files\McAfee\DLP\Agent;C:\Program Files\Java\jdk-20\bin\server

VM Arguments:
jvm_args: -XX:TieredStopAtLevel=1 -Dfile.encoding=UTF-8 -Duser.country=US -Duser.language=en -Duser.variant 
java_command: com.example.servingwebcontent.ServingWebContentApplication
java_class_path (initial): C:\Users\vineet_jain1\gs-serving-web-content\complete\build\classes\java\main;C:\Users\vineet_jain1\gs-serving-web-content\complete\build\resources\main;C:\Users\vineet_jain1\.gradle\caches\modules-2\files-2.1\org.springframework.boot\spring-boot-devtools\3.1.0\739ab6f806a8992fb899a8f71c060d05515ec437\spring-boot-devtools-3.1.0.jar;C:\Users\vineet_jain1\.gradle\caches\modules-2\files-2.1\org.springframework.boot\spring-boot-autoconfigure\3.1.0\b06d1f0b08f6f8a2636e364c8941b2dabc4f0b77\spring-boot-autoconfigure-3.1.0.jar;C:\Users\vineet_jain1\.gradle\caches\modules-2\files-2.1\org.springframework.boot\spring-boot\3.1.0\efa941e9a2162a3dd8c5e4679f46a24af9e5769f\spring-boot-3.1.0.jar;C:\Users\vineet_jain1\.gradle\caches\modules-2\files-2.1\org.thymeleaf\thymeleaf-spring6\3.1.1.RELEASE\deb52ef921a4ac5132fedb7ebfc2bc1dad4382b3\thymeleaf-spring6-3.1.1.RELEASE.jar;C:\Users\vineet_jain1\.gradle\caches\modules-2\files-2.1\org.springframework\spring-webmvc\6.0.9\e127c07a23403832d0c6292f4a0bf8c7a2b7329f\spring-webmvc-6.0.9.jar;C:\Users\vineet_jain1\.gradle\caches\modules-2\files-2.1\org.springframework\spring-web\6.0.9\2837dec8a75ecfdad367d6c30ce9cbdfc89caa7a\spring-web-6.0.9.jar;C:\Users\vineet_jain1\.gradle\caches\modules-2\files-2.1\org.springframework\spring-context\6.0.9\be88c57829b9ec038774b47c241ac45673352a55\spring-context-6.0.9.jar;C:\Users\vineet_jain1\.gradle\caches\modules-2\files-2.1\org.springframework\spring-aop\6.0.9\8c1025bf9c1dc66f5268639866b5a45ed9bc62ef\spring-aop-6.0.9.jar;C:\Users\vineet_jain1\.gradle\caches\modules-2\files-2.1\org.springframework\spring-beans\6.0.9\745619eee32c8ead88a21c97748d2416f1db8dd9\spring-beans-6.0.9.jar;C:\Users\vineet_jain1\.gradle\caches\modules-2\files-2.1\org.springframework\spring-expression\6.0.9\f50a1df7ed038ee7ca85528aff652cef4ff4883b\spring-expression-6.0.9.jar;C:\Users\vineet_jain1\.gradle\caches\modules-2\files-2.1\org.springframework\spring-core\6.0.9\284ed111fa0b49b29f6fea6ac0afa402b809e427\spring-core-6.0.9.jar;C:\Users\vineet_jain1\.gradle\caches\modules-2\files-2.1\jakarta.annotation\jakarta.annotation-api\2.1.1\48b9bda22b091b1f48b13af03fe36db3be6e1ae3\jakarta.annotation-api-2.1.1.jar;C:\Users\vineet_jain1\.gradle\caches\modules-2\files-2.1\org.yaml\snakeyaml\1.33\2cd0a87ff7df953f810c344bdf2fe3340b954c69\snakeyaml-1.33.jar;C:\Users\vineet_jain1\.gradle\caches\modules-2\files-2.1\org.thymeleaf\thymeleaf\3.1.1.RELEASE\374a129dfa5e7d7f1a46eacc4d49e594ca0cf26f\thymeleaf-3.1.1.RELEASE.jar;C:\Users\vineet_jain1\.gradle\caches\modules-2\files-2.1\ch.qos.logback\logback-classic\1.4.7\307944865579a6d490e6a4cbb5082dc8f36536ca\logback-classic-1.4.7.jar;C:\Users\vineet_jain1\.gradle\caches\modules-2\files-2.1\org.apache.logging.log4j\log4j-to-slf4j\2.20.0\d37f81f8978e2672bc32c82712ab4b3f66624adc\log4j-to-slf4j-2.20.0.jar;C:\Users\vineet_jain1\.gradle\caches\modules-2\files-2.1\org.slf4j\jul-to-slf4j\2.0.7\a48f44aeaa8a5ddc347007298a28173ac1fbbd8b\jul-to-slf4j-2.0.7.jar;C:\Users\vineet_jain1\.gradle\caches\modules-2\files-2.1\org.slf4j\slf4j-api\2.0.7\41eb7184ea9d556f23e18b5cb99cad1f8581fc00\slf4j-api-2.0.7.jar;C:\Users\vineet_jain1\.gradle\caches\modules-2\files-2.1\com.fasterxml.jackson.datatype\jackson-datatype-jsr310\2.15.0\3c3a0cfba09271fab4603224f2c2e21c6ddf6dc4\jackson-datatype-jsr310-2.15.0.jar;C:\Users\vineet_jain1\.gradle\caches\modules-2\files-2.1\com.fasterxml.jackson.module\jackson-module-parameter-names\2.15.0\b900bd44597ba9a8b348b49428f457d5f16fc302\jackson-module-parameter-names-2.15.0.jar;C:\Users\vineet_jain1\.gradle\caches\modules-2\files-2.1\com.fasterxml.jackson.core\jackson-annotations\2.15.0\89b0fd554928425a776a6e97ed010034312af21d\jackson-annotations-2.15.0.jar;C:\Users\vineet_jain1\.gradle\caches\modules-2\files-2.1\com.fasterxml.jackson.core\jackson-core\2.15.0\12f334a1dc9c6d2854c43ae314024dde8b3ad572\jackson-core-2.15.0.jar;C:\Users\vineet_jain1\.gradle\caches\modules-2\files-2.1\com.fasterxml.jackson.datatype\jackson-datatype-jdk8\2.15.0\ddfd375d4df3a4c149bf7d5d71c45b91909cf31f\jackson-datatype-jdk8-2.15.0.jar;C:\Users\vineet_jain1\.gradle\caches\modules-2\files-2.1\com.fasterxml.jackson.core\jackson-databind\2.15.0\d41caa3a4e9f85382702a059a65c512f85ac230\jackson-databind-2.15.0.jar;C:\Users\vineet_jain1\.gradle\caches\modules-2\files-2.1\org.apache.tomcat.embed\tomcat-embed-websocket\10.1.8\7abb8ab966dd135924c8e69cb2f1db735dee5f23\tomcat-embed-websocket-10.1.8.jar;C:\Users\vineet_jain1\.gradle\caches\modules-2\files-2.1\org.apache.tomcat.embed\tomcat-embed-core\10.1.8\ec4b884806c65c80c86bb3db134f6f6f99e79ed8\tomcat-embed-core-10.1.8.jar;C:\Users\vineet_jain1\.gradle\caches\modules-2\files-2.1\org.apache.tomcat.embed\tomcat-embed-el\10.1.8\6f3a4ae2ae37270eeb6e9bec4e7207facdc9e8fa\tomcat-embed-el-10.1.8.jar;C:\Users\vineet_jain1\.gradle\caches\modules-2\files-2.1\io.micrometer\micrometer-observation\1.11.0\b3d1b34d16e7e8fa9087c5d51ec39bc3005e2733\micrometer-observation-1.11.0.jar;C:\Users\vineet_jain1\.gradle\caches\modules-2\files-2.1\org.springframework\spring-jcl\6.0.9\88d9ddfc6bbbf4047c2a8de8de94a425b06f636a\spring-jcl-6.0.9.jar;C:\Users\vineet_jain1\.gradle\caches\modules-2\files-2.1\org.attoparser\attoparser\2.0.6.RELEASE\8f603f22a18d4f7258f8860ccbb68b069f49904a\attoparser-2.0.6.RELEASE.jar;C:\Users\vineet_jain1\.gradle\caches\modules-2\files-2.1\org.unbescape\unbescape\1.1.6.RELEASE\7b90360afb2b860e09e8347112800d12c12b2a13\unbescape-1.1.6.RELEASE.jar;C:\Users\vineet_jain1\.gradle\caches\modules-2\files-2.1\io.micrometer\micrometer-commons\1.11.0\5de5da6be4f01128ab3995acdf86f2844137d4e4\micrometer-commons-1.11.0.jar;C:\Users\vineet_jain1\.gradle\caches\modules-2\files-2.1\ch.qos.logback\logback-core\1.4.7\a2948dae4013d0e9486141b4d638d8951becb767\logback-core-1.4.7.jar;C:\Users\vineet_jain1\.gradle\caches\modules-2\files-2.1\org.apache.logging.log4j\log4j-api\2.20.0\1fe6082e660daf07c689a89c94dc0f49c26b44bb\log4j-api-2.20.0.jar;C:\Users\vineet_jain1\.gradle\caches\modules-2\files-2.1\ch.randelshofer\fastdoubleparser\0.8.0\85c25540369921659556ead85e02c99ef0d24280\fastdoubleparser-0.8.0.jar
Launcher Type: SUN_STANDARD

[Global flags]
     intx CICompilerCount                          = 3                                         {product} {ergonomic}
     uint ConcGCThreads                            = 1                                         {product} {ergonomic}
     uint G1ConcRefinementThreads                  = 4                                         {product} {ergonomic}
   size_t G1HeapRegionSize                         = 2097152                                   {product} {ergonomic}
    uintx GCDrainStackTargetSize                   = 64                                        {product} {ergonomic}
   size_t InitialHeapSize                          = 268435456                                 {product} {ergonomic}
   size_t MarkStackSize                            = 4194304                                   {product} {ergonomic}
   size_t MaxHeapSize                              = 4294967296                                {product} {ergonomic}
   size_t MaxNewSize                               = 2575302656                                {product} {ergonomic}
   size_t MinHeapDeltaBytes                        = 2097152                                   {product} {ergonomic}
   size_t MinHeapSize                              = 8388608                                   {product} {ergonomic}
    uintx NonProfiledCodeHeapSize                  = 0                                      {pd product} {ergonomic}
     bool ProfileInterpreter                       = false                                  {pd product} {command line}
    uintx ProfiledCodeHeapSize                     = 0                                      {pd product} {ergonomic}
   size_t SoftMaxHeapSize                          = 4294967296                             {manageable} {ergonomic}
     intx TieredStopAtLevel                        = 1                                         {product} {command line}
     bool UseCompressedClassPointers               = true                           {product lp64_product} {ergonomic}
     bool UseCompressedOops                        = true                           {product lp64_product} {ergonomic}
     bool UseG1GC                                  = true                                      {product} {ergonomic}
     bool UseLargePagesIndividualAllocation        = false                                  {pd product} {ergonomic}

Logging:
Log output configuration:
 #0: stdout all=warning uptime,level,tags foldmultilines=false
 #1: stderr all=off uptime,level,tags foldmultilines=false

Environment Variables:
CLASSPATH=C:\Users\vineet_jain1\gs-serving-web-content\complete\\gradle\wrapper\gradle-wrapper.jar
PATH=C:\Program Files\Python311\Scripts\;C:\Program Files\Python311\;C:\Program Files\Common Files\Oracle\Java\javapath;C:\Windows\system32;C:\Windows;C:\Windows\System32\Wbem;C:\Windows\System32\WindowsPowerShell\v1.0\;C:\Windows\System32\OpenSSH\;C:\Program Files\Microsoft VS Code\bin;C:\Program Files\nodejs\;C:\Program Files\dotnet\;C:\Program Files\Git\cmd;C:\Users\vineet_jain1\AppData\Local\Microsoft\WindowsApps;
USERNAME=vineet_jain1
LANG=en_US.UTF-8
OS=Windows_NT
PROCESSOR_IDENTIFIER=Intel64 Family 6 Model 106 Stepping 6, GenuineIntel
TMP=C:\Users\LOCAL_~4\Temp
TEMP=C:\Users\LOCAL_~4\Temp




---------------  S Y S T E M  ---------------

OS:
 Windows Server 2022 , 64 bit Build 22621 (10.0.22621.2070)
OS uptime: 0 days 1:33 hours
Hyper-V virtualization detected

CPU: total 4 (initial active 4) (2 cores per cpu, 2 threads per core) family 6 model 106 stepping 6 microcode 0xffffffff, cx8, cmov, fxsr, ht, mmx, 3dnowpref, sse, sse2, sse3, ssse3, sse4.1, sse4.2, popcnt, lzcnt, tsc, tscinvbit, avx, avx2, aes, erms, clmul, bmi1, bmi2, rtm, adx, avx512f, avx512dq, avx512cd, avx512bw, avx512vl, sha, fma, vzeroupper, avx512_vpopcntdq, avx512_vpclmulqdq, avx512_vaes, avx512_vnni, clflush, clflushopt, clwb, avx512_vbmi2, avx512_vbmi, hv, rdtscp, rdpid, fsrm, gfni, avx512_bitalg, f16c, avx512_ifma

Memory: 4k page, system-wide physical 16382M (386M free)
TotalPageFile size 32568M (AvailPageFile size 5M)
current process WorkingSet (physical memory assigned to process): 56M, peak: 56M
current process commit charge ("private bytes"): 345M, peak: 345M

vm_info: Java HotSpot(TM) 64-Bit Server VM (20.0.2+9-78) for windows-amd64 JRE (20.0.2+9-78), built on 2023-06-14T10:08:48Z by "mach5one" with MS VC++ 17.1 (VS2022)

END.
